<?xml version="1.0" encoding="UTF-8"?>
<!-- Generated by org.testng.reporters.JUnitXMLReporter -->
<testsuite hostname="user-PC" name="Default test" tests="6" failures="0" timestamp="16 Jun 2018 10:38:48 GMT" time="0.678" errors="0">
  <testcase name="Login" time="0.006" classname="d.Login_dataproviderwithexcel"/>
  <testcase name="Login" time="0.001" classname="d.Login_dataproviderwithexcel"/>
  <testcase name="Login" time="0.002" classname="d.Login_dataproviderwithexcel"/>
  <testcase name="Login" time="0.001" classname="d.Login_dataproviderwithexcel"/>
  <testcase name="Login" time="0.001" classname="d.Login_dataproviderwithexcel"/>
  <testcase name="Login" time="0.001" classname="d.Login_dataproviderwithexcel"/>
</testsuite> <!-- Default test -->
