<?xml version="1.0" encoding="UTF-8"?>
<!-- Generated by org.testng.reporters.JUnitReportReporter -->
<testsuite skipped="1" hostname="user-PC" name="Maven.CompanyName.ProjectName.ModuleName.AutomationPractice.TestScript.TestLoginThroughDataProvider" tests="2" failures="0" timestamp="09 Jun 2018 15:54:18 GMT" time="0.003" errors="1">
  <testcase name="TestLoginWithDataProvider" time="0.000" classname="Maven.CompanyName.ProjectName.ModuleName.AutomationPractice.TestScript.TestLoginThroughDataProvider">
    <skipped/>
  </testcase> <!-- TestLoginWithDataProvider -->
  <testcase name="closebrowser" time="0.003" classname="Maven.CompanyName.ProjectName.ModuleName.AutomationPractice.TestScript.TestLoginThroughDataProvider">
    <error type="java.lang.StackOverflowError">
      <![CDATA[java.lang.StackOverflowError
	at Maven.CompanyName.ProjectName.ModuleName.AutomationPractice.TestScript.TestLoginThroughDataProvider.closebrowser(TestLoginThroughDataProvider.java:63)
	at Maven.CompanyName.ProjectName.ModuleName.AutomationPractice.TestScript.TestLoginThroughDataProvider.closebrowser(TestLoginThroughDataProvider.java:63)
	at Maven.CompanyName.ProjectName.ModuleName.AutomationPractice.TestScript.TestLoginThroughDataProvider.closebrowser(TestLoginThroughDataProvider.java:63)
	at Maven.CompanyName.ProjectName.ModuleName.AutomationPractice.TestScript.TestLoginThroughDataProvider.closebrowser(TestLoginThroughDataProvider.java:63)
	at Maven.CompanyName.ProjectName.ModuleName.AutomationPractice.TestScript.TestLoginThroughDataProvider.closebrowser(TestLoginThroughDataProvider.java:63)
	at Maven.CompanyName.ProjectName.ModuleName.AutomationPractice.TestScript.TestLoginThroughDataProvider.closebrowser(TestLoginThroughDataProvider.java:63)
	at Maven.CompanyName.ProjectName.ModuleName.AutomationPractice.TestScript.TestLoginThroughDataProvider.closebrowser(TestLoginThroughDataProvider.java:63)
	at Maven.CompanyName.ProjectName.ModuleName.AutomationPractice.TestScript.TestLoginThroughDataProvider.closebrowser(TestLoginThroughDataProvider.java:63)
	at Maven.CompanyName.ProjectName.ModuleName.AutomationPractice.TestScript.TestLoginThroughDataProvider.closebrowser(TestLoginThroughDataProvider.java:63)
	at Maven.CompanyName.ProjectName.ModuleName.AutomationPractice.TestScript.TestLoginThroughDataProvider.closebrowser(TestLoginThroughDataProvider.java:63)
	at Maven.CompanyName.ProjectName.ModuleName.AutomationPractice.TestScript.TestLoginThroughDataProvider.closebrowser(TestLoginThroughDataProvider.java:63)
	at Maven.CompanyName.ProjectName.ModuleName.AutomationPractice.TestScript.TestLoginThroughDataProvider.closebrowser(TestLoginThroughDataProvider.java:63)
	at Maven.CompanyName.ProjectName.ModuleName.AutomationPractice.TestScript.TestLoginThroughDataProvider.closebrowser(TestLoginThroughDataProvider.java:63)
	at Maven.CompanyName.ProjectName.ModuleName.AutomationPractice.TestScript.TestLoginThroughDataProvider.closebrowser(TestLoginThroughDataProvider.java:63)
	at Maven.CompanyName.ProjectName.ModuleName.AutomationPractice.TestScript.TestLoginThroughDataProvider.closebrowser(TestLoginThroughDataProvider.java:63)
	at Maven.CompanyName.ProjectName.ModuleName.AutomationPractice.TestScript.TestLoginThroughDataProvider.closebrowser(TestLoginThroughDataProvider.java:63)
	at Maven.CompanyName.ProjectName.ModuleName.AutomationPractice.TestScript.TestLoginThroughDataProvider.closebrowser(TestLoginThroughDataProvider.java:63)
	at Maven.CompanyName.ProjectName.ModuleName.AutomationPractice.TestScript.TestLoginThroughDataProvider.closebrowser(TestLoginThroughDataProvider.java:63)
	at Maven.CompanyName.ProjectName.ModuleName.AutomationPractice.TestScript.TestLoginThroughDataProvider.closebrowser(TestLoginThroughDataProvider.java:63)
	at Maven.CompanyName.ProjectName.ModuleName.AutomationPractice.TestScript.TestLoginThroughDataProvider.closebrowser(TestLoginThroughDataProvider.java:63)
	at Maven.CompanyName.ProjectName.ModuleName.AutomationPractice.TestScript.TestLoginThroughDataProvider.closebrowser(TestLoginThroughDataProvider.java:63)
	at Maven.CompanyName.ProjectName.ModuleName.AutomationPractice.TestScript.TestLoginThroughDataProvider.closebrowser(TestLoginThroughDataProvider.java:63)
	at Maven.CompanyName.ProjectName.ModuleName.AutomationPractice.TestScript.TestLoginThroughDataProvider.closebrowser(TestLoginThroughDataProvider.java:63)
	at Maven.CompanyName.ProjectName.ModuleName.AutomationPractice.TestScript.TestLoginThroughDataProvider.closebrowser(TestLoginThroughDataProvider.java:63)
	at Maven.CompanyName.ProjectName.ModuleName.AutomationPractice.TestScript.TestLoginThroughDataProvider.closebrowser(TestLoginThroughDataProvider.java:63)
	at Maven.CompanyName.ProjectName.ModuleName.AutomationPractice.TestScript.TestLoginThroughDataProvider.closebrowser(TestLoginThroughDataProvider.java:63)
	at Maven.CompanyName.ProjectName.ModuleName.AutomationPractice.TestScript.TestLoginThroughDataProvider.closebrowser(TestLoginThroughDataProvider.java:63)
	at Maven.CompanyName.ProjectName.ModuleName.AutomationPractice.TestScript.TestLoginThroughDataProvider.closebrowser(TestLoginThroughDataProvider.java:63)
	at Maven.CompanyName.ProjectName.ModuleName.AutomationPractice.TestScript.TestLoginThroughDataProvider.closebrowser(TestLoginThroughDataProvider.java:63)
	at Maven.CompanyName.ProjectName.ModuleName.AutomationPractice.TestScript.TestLoginThroughDataProvider.closebrowser(TestLoginThroughDataProvider.java:63)
	at Maven.CompanyName.ProjectName.ModuleName.AutomationPractice.TestScript.TestLoginThroughDataProvider.closebrowser(TestLoginThroughDataProvider.java:63)
	at Maven.CompanyName.ProjectName.ModuleName.AutomationPractice.TestScript.TestLoginThroughDataProvider.closebrowser(TestLoginThroughDataProvider.java:63)
	at Maven.CompanyName.ProjectName.ModuleName.AutomationPractice.TestScript.TestLoginThroughDataProvider.closebrowser(TestLoginThroughDataProvider.java:63)
	at Maven.CompanyName.ProjectName.ModuleName.AutomationPractice.TestScript.TestLoginThroughDataProvider.closebrowser(TestLoginThroughDataProvider.java:63)
	at Maven.CompanyName.ProjectName.ModuleName.AutomationPractice.TestScript.TestLoginThroughDataProvider.closebrowser(TestLoginThroughDataProvider.java:63)
	at Maven.CompanyName.ProjectName.ModuleName.AutomationPractice.TestScript.TestLoginThroughDataProvider.closebrowser(TestLoginThroughDataProvider.java:63)
	at Maven.CompanyName.ProjectName.ModuleName.AutomationPractice.TestScript.TestLoginThroughDataProvider.closebrowser(TestLoginThroughDataProvider.java:63)
	at Maven.CompanyName.ProjectName.ModuleName.AutomationPractice.TestScript.TestLoginThroughDataProvider.closebrowser(TestLoginThroughDataProvider.java:63)
	at Maven.CompanyName.ProjectName.ModuleName.AutomationPractice.TestScript.TestLoginThroughDataProvider.closebrowser(TestLoginThroughDataProvider.java:63)
	at Maven.CompanyName.ProjectName.ModuleName.AutomationPractice.TestScript.TestLoginThroughDataProvider.closebrowser(TestLoginThroughDataProvider.java:63)
	at Maven.CompanyName.ProjectName.ModuleName.AutomationPractice.TestScript.TestLoginThroughDataProvider.closebrowser(TestLoginThroughDataProvider.java:63)
	at Maven.CompanyName.ProjectName.ModuleName.AutomationPractice.TestScript.TestLoginThroughDataProvider.closebrowser(TestLoginThroughDataProvider.java:63)
	at Maven.CompanyName.ProjectName.ModuleName.AutomationPractice.TestScript.TestLoginThroughDataProvider.closebrowser(TestLoginThroughDataProvider.java:63)
	at Maven.CompanyName.ProjectName.ModuleName.AutomationPractice.TestScript.TestLoginThroughDataProvider.closebrowser(TestLoginThroughDataProvider.java:63)
	at Maven.CompanyName.ProjectName.ModuleName.AutomationPractice.TestScript.TestLoginThroughDataProvider.closebrowser(TestLoginThroughDataProvider.java:63)
	at Maven.CompanyName.ProjectName.ModuleName.AutomationPractice.TestScript.TestLoginThroughDataProvider.closebrowser(TestLoginThroughDataProvider.java:63)
	at Maven.CompanyName.ProjectName.ModuleName.AutomationPractice.TestScript.TestLoginThroughDataProvider.closebrowser(TestLoginThroughDataProvider.java:63)
	at Maven.CompanyName.ProjectName.ModuleName.AutomationPractice.TestScript.TestLoginThroughDataProvider.closebrowser(TestLoginThroughDataProvider.java:63)
	at Maven.CompanyName.ProjectName.ModuleName.AutomationPractice.TestScript.TestLoginThroughDataProvider.closebrowser(TestLoginThroughDataProvider.java:63)
	at Maven.CompanyName.ProjectName.ModuleName.AutomationPractice.TestScript.TestLoginThroughDataProvider.closebrowser(TestLoginThroughDataProvider.java:63)
	at Maven.CompanyName.ProjectName.ModuleName.AutomationPractice.TestScript.TestLoginThroughDataProvider.closebrowser(TestLoginThroughDataProvider.java:63)
	at Maven.CompanyName.ProjectName.ModuleName.AutomationPractice.TestScript.TestLoginThroughDataProvider.closebrowser(TestLoginThroughDataProvider.java:63)
	at Maven.CompanyName.ProjectName.ModuleName.AutomationPractice.TestScript.TestLoginThroughDataProvider.closebrowser(TestLoginThroughDataProvider.java:63)
	at Maven.CompanyName.ProjectName.ModuleName.AutomationPractice.TestScript.TestLoginThroughDataProvider.closebrowser(TestLoginThroughDataProvider.java:63)
	at Maven.CompanyName.ProjectName.ModuleName.AutomationPractice.TestScript.TestLoginThroughDataProvider.closebrowser(TestLoginThroughDataProvider.java:63)
	at Maven.CompanyName.ProjectName.ModuleName.AutomationPractice.TestScript.TestLoginThroughDataProvider.closebrowser(TestLoginThroughDataProvider.java:63)
	at Maven.CompanyName.ProjectName.ModuleName.AutomationPractice.TestScript.TestLoginThroughDataProvider.closebrowser(TestLoginThroughDataProvider.java:63)
	at Maven.CompanyName.ProjectName.ModuleName.AutomationPractice.TestScript.TestLoginThroughDataProvider.closebrowser(TestLoginThroughDataProvider.java:63)
	at Maven.CompanyName.ProjectName.ModuleName.AutomationPractice.TestScript.TestLoginThroughDataProvider.closebrowser(TestLoginThroughDataProvider.java:63)
	at Maven.CompanyName.ProjectName.ModuleName.AutomationPractice.TestScript.TestLoginThroughDataProvider.closebrowser(TestLoginThroughDataProvider.java:63)
	at Maven.CompanyName.ProjectName.ModuleName.AutomationPractice.TestScript.TestLoginThroughDataProvider.closebrowser(TestLoginThroughDataProvider.java:63)
	at Maven.CompanyName.ProjectName.ModuleName.AutomationPractice.TestScript.TestLoginThroughDataProvider.closebrowser(TestLoginThroughDataProvider.java:63)
	at Maven.CompanyName.ProjectName.ModuleName.AutomationPractice.TestScript.TestLoginThroughDataProvider.closebrowser(TestLoginThroughDataProvider.java:63)
	at Maven.CompanyName.ProjectName.ModuleName.AutomationPractice.TestScript.TestLoginThroughDataProvider.closebrowser(TestLoginThroughDataProvider.java:63)
	at Maven.CompanyName.ProjectName.ModuleName.AutomationPractice.TestScript.TestLoginThroughDataProvider.closebrowser(TestLoginThroughDataProvider.java:63)
	at Maven.CompanyName.ProjectName.ModuleName.AutomationPractice.TestScript.TestLoginThroughDataProvider.closebrowser(TestLoginThroughDataProvider.java:63)
	at Maven.CompanyName.ProjectName.ModuleName.AutomationPractice.TestScript.TestLoginThroughDataProvider.closebrowser(TestLoginThroughDataProvider.java:63)
	at Maven.CompanyName.ProjectName.ModuleName.AutomationPractice.TestScript.TestLoginThroughDataProvider.closebrowser(TestLoginThroughDataProvider.java:63)
	at Maven.CompanyName.ProjectName.ModuleName.AutomationPractice.TestScript.TestLoginThroughDataProvider.closebrowser(TestLoginThroughDataProvider.java:63)
	at Maven.CompanyName.ProjectName.ModuleName.AutomationPractice.TestScript.TestLoginThroughDataProvider.closebrowser(TestLoginThroughDataProvider.java:63)
	at Maven.CompanyName.ProjectName.ModuleName.AutomationPractice.TestScript.TestLoginThroughDataProvider.closebrowser(TestLoginThroughDataProvider.java:63)
	at Maven.CompanyName.ProjectName.ModuleName.AutomationPractice.TestScript.TestLoginThroughDataProvider.closebrowser(TestLoginThroughDataProvider.java:63)
	at Maven.CompanyName.ProjectName.ModuleName.AutomationPractice.TestScript.TestLoginThroughDataProvider.closebrowser(TestLoginThroughDataProvider.java:63)
	at Maven.CompanyName.ProjectName.ModuleName.AutomationPractice.TestScript.TestLoginThroughDataProvider.closebrowser(TestLoginThroughDataProvider.java:63)
	at Maven.CompanyName.ProjectName.ModuleName.AutomationPractice.TestScript.TestLoginThroughDataProvider.closebrowser(TestLoginThroughDataProvider.java:63)
	at Maven.CompanyName.ProjectName.ModuleName.AutomationPractice.TestScript.TestLoginThroughDataProvider.closebrowser(TestLoginThroughDataProvider.java:63)
	at Maven.CompanyName.ProjectName.ModuleName.AutomationPractice.TestScript.TestLoginThroughDataProvider.closebrowser(TestLoginThroughDataProvider.java:63)
	at Maven.CompanyName.ProjectName.ModuleName.AutomationPractice.TestScript.TestLoginThroughDataProvider.closebrowser(TestLoginThroughDataProvider.java:63)
	at Maven.CompanyName.ProjectName.ModuleName.AutomationPractice.TestScript.TestLoginThroughDataProvider.closebrowser(TestLoginThroughDataProvider.java:63)
	at Maven.CompanyName.ProjectName.ModuleName.AutomationPractice.TestScript.TestLoginThroughDataProvider.closebrowser(TestLoginThroughDataProvider.java:63)
	at Maven.CompanyName.ProjectName.ModuleName.AutomationPractice.TestScript.TestLoginThroughDataProvider.closebrowser(TestLoginThroughDataProvider.java:63)
	at Maven.CompanyName.ProjectName.ModuleName.AutomationPractice.TestScript.TestLoginThroughDataProvider.closebrowser(TestLoginThroughDataProvider.java:63)
	at Maven.CompanyName.ProjectName.ModuleName.AutomationPractice.TestScript.TestLoginThroughDataProvider.closebrowser(TestLoginThroughDataProvider.java:63)
	at Maven.CompanyName.ProjectName.ModuleName.AutomationPractice.TestScript.TestLoginThroughDataProvider.closebrowser(TestLoginThroughDataProvider.java:63)
	at Maven.CompanyName.ProjectName.ModuleName.AutomationPractice.TestScript.TestLoginThroughDataProvider.closebrowser(TestLoginThroughDataProvider.java:63)
	at Maven.CompanyName.ProjectName.ModuleName.AutomationPractice.TestScript.TestLoginThroughDataProvider.closebrowser(TestLoginThroughDataProvider.java:63)
	at Maven.CompanyName.ProjectName.ModuleName.AutomationPractice.TestScript.TestLoginThroughDataProvider.closebrowser(TestLoginThroughDataProvider.java:63)
	at Maven.CompanyName.ProjectName.ModuleName.AutomationPractice.TestScript.TestLoginThroughDataProvider.closebrowser(TestLoginThroughDataProvider.java:63)
	at Maven.CompanyName.ProjectName.ModuleName.AutomationPractice.TestScript.TestLoginThroughDataProvider.closebrowser(TestLoginThroughDataProvider.java:63)
	at Maven.CompanyName.ProjectName.ModuleName.AutomationPractice.TestScript.TestLoginThroughDataProvider.closebrowser(TestLoginThroughDataProvider.java:63)
	at Maven.CompanyName.ProjectName.ModuleName.AutomationPractice.TestScript.TestLoginThroughDataProvider.closebrowser(TestLoginThroughDataProvider.java:63)
	at Maven.CompanyName.ProjectName.ModuleName.AutomationPractice.TestScript.TestLoginThroughDataProvider.closebrowser(TestLoginThroughDataProvider.java:63)
	at Maven.CompanyName.ProjectName.ModuleName.AutomationPractice.TestScript.TestLoginThroughDataProvider.closebrowser(TestLoginThroughDataProvider.java:63)
	at Maven.CompanyName.ProjectName.ModuleName.AutomationPractice.TestScript.TestLoginThroughDataProvider.closebrowser(TestLoginThroughDataProvider.java:63)
	at Maven.CompanyName.ProjectName.ModuleName.AutomationPractice.TestScript.TestLoginThroughDataProvider.closebrowser(TestLoginThroughDataProvider.java:63)
	at Maven.CompanyName.ProjectName.ModuleName.AutomationPractice.TestScript.TestLoginThroughDataProvider.closebrowser(TestLoginThroughDataProvider.java:63)
	at Maven.CompanyName.ProjectName.ModuleName.AutomationPractice.TestScript.TestLoginThroughDataProvider.closebrowser(TestLoginThroughDataProvider.java:63)
	at Maven.CompanyName.ProjectName.ModuleName.AutomationPractice.TestScript.TestLoginThroughDataProvider.closebrowser(TestLoginThroughDataProvider.java:63)
	at Maven.CompanyName.ProjectName.ModuleName.AutomationPractice.TestScript.TestLoginThroughDataProvider.closebrowser(TestLoginThroughDataProvider.java:63)
	at Maven.CompanyName.ProjectName.ModuleName.AutomationPractice.TestScript.TestLoginThroughDataProvider.closebrowser(TestLoginThroughDataProvider.java:63)
	at Maven.CompanyName.ProjectName.ModuleName.AutomationPractice.TestScript.TestLoginThroughDataProvider.closebrowser(TestLoginThroughDataProvider.java:63)
	at Maven.CompanyName.ProjectName.ModuleName.AutomationPractice.TestScript.TestLoginThroughDataProvider.closebrowser(TestLoginThroughDataProvider.java:63)
	at Maven.CompanyName.ProjectName.ModuleName.AutomationPractice.TestScript.TestLoginThroughDataProvider.closebrowser(TestLoginThroughDataProvider.java:63)
	at Maven.CompanyName.ProjectName.ModuleName.AutomationPractice.TestScript.TestLoginThroughDataProvider.closebrowser(TestLoginThroughDataProvider.java:63)
	at Maven.CompanyName.ProjectName.ModuleName.AutomationPractice.TestScript.TestLoginThroughDataProvider.closebrowser(TestLoginThroughDataProvider.java:63)
	at Maven.CompanyName.ProjectName.ModuleName.AutomationPractice.TestScript.TestLoginThroughDataProvider.closebrowser(TestLoginThroughDataProvider.java:63)
	at Maven.CompanyName.ProjectName.ModuleName.AutomationPractice.TestScript.TestLoginThroughDataProvider.closebrowser(TestLoginThroughDataProvider.java:63)
	at Maven.CompanyName.ProjectName.ModuleName.AutomationPractice.TestScript.TestLoginThroughDataProvider.closebrowser(TestLoginThroughDataProvider.java:63)
	at Maven.CompanyName.ProjectName.ModuleName.AutomationPractice.TestScript.TestLoginThroughDataProvider.closebrowser(TestLoginThroughDataProvider.java:63)
	at Maven.CompanyName.ProjectName.ModuleName.AutomationPractice.TestScript.TestLoginThroughDataProvider.closebrowser(TestLoginThroughDataProvider.java:63)
	at Maven.CompanyName.ProjectName.ModuleName.AutomationPractice.TestScript.TestLoginThroughDataProvider.closebrowser(TestLoginThroughDataProvider.java:63)
	at Maven.CompanyName.ProjectName.ModuleName.AutomationPractice.TestScript.TestLoginThroughDataProvider.closebrowser(TestLoginThroughDataProvider.java:63)
	at Maven.CompanyName.ProjectName.ModuleName.AutomationPractice.TestScript.TestLoginThroughDataProvider.closebrowser(TestLoginThroughDataProvider.java:63)
	at Maven.CompanyName.ProjectName.ModuleName.AutomationPractice.TestScript.TestLoginThroughDataProvider.closebrowser(TestLoginThroughDataProvider.java:63)
	at Maven.CompanyName.ProjectName.ModuleName.AutomationPractice.TestScript.TestLoginThroughDataProvider.closebrowser(TestLoginThroughDataProvider.java:63)
	at Maven.CompanyName.ProjectName.ModuleName.AutomationPractice.TestScript.TestLoginThroughDataProvider.closebrowser(TestLoginThroughDataProvider.java:63)
	at Maven.CompanyName.ProjectName.ModuleName.AutomationPractice.TestScript.TestLoginThroughDataProvider.closebrowser(TestLoginThroughDataProvider.java:63)
	at Maven.CompanyName.ProjectName.ModuleName.AutomationPractice.TestScript.TestLoginThroughDataProvider.closebrowser(TestLoginThroughDataProvider.java:63)
	at Maven.CompanyName.ProjectName.ModuleName.AutomationPractice.TestScript.TestLoginThroughDataProvider.closebrowser(TestLoginThroughDataProvider.java:63)
	at Maven.CompanyName.ProjectName.ModuleName.AutomationPractice.TestScript.TestLoginThroughDataProvider.closebrowser(TestLoginThroughDataProvider.java:63)
	at Maven.CompanyName.ProjectName.ModuleName.AutomationPractice.TestScript.TestLoginThroughDataProvider.closebrowser(TestLoginThroughDataProvider.java:63)
	at Maven.CompanyName.ProjectName.ModuleName.AutomationPractice.TestScript.TestLoginThroughDataProvider.closebrowser(TestLoginThroughDataProvider.java:63)
	at Maven.CompanyName.ProjectName.ModuleName.AutomationPractice.TestScript.TestLoginThroughDataProvider.closebrowser(TestLoginThroughDataProvider.java:63)
	at Maven.CompanyName.ProjectName.ModuleName.AutomationPractice.TestScript.TestLoginThroughDataProvider.closebrowser(TestLoginThroughDataProvider.java:63)
	at Maven.CompanyName.ProjectName.ModuleName.AutomationPractice.TestScript.TestLoginThroughDataProvider.closebrowser(TestLoginThroughDataProvider.java:63)
	at Maven.CompanyName.ProjectName.ModuleName.AutomationPractice.TestScript.TestLoginThroughDataProvider.closebrowser(TestLoginThroughDataProvider.java:63)
	at Maven.CompanyName.ProjectName.ModuleName.AutomationPractice.TestScript.TestLoginThroughDataProvider.closebrowser(TestLoginThroughDataProvider.java:63)
	at Maven.CompanyName.ProjectName.ModuleName.AutomationPractice.TestScript.TestLoginThroughDataProvider.closebrowser(TestLoginThroughDataProvider.java:63)
	at Maven.CompanyName.ProjectName.ModuleName.AutomationPractice.TestScript.TestLoginThroughDataProvider.closebrowser(TestLoginThroughDataProvider.java:63)
	at Maven.CompanyName.ProjectName.ModuleName.AutomationPractice.TestScript.TestLoginThroughDataProvider.closebrowser(TestLoginThroughDataProvider.java:63)
	at Maven.CompanyName.ProjectName.ModuleName.AutomationPractice.TestScript.TestLoginThroughDataProvider.closebrowser(TestLoginThroughDataProvider.java:63)
	at Maven.CompanyName.ProjectName.ModuleName.AutomationPractice.TestScript.TestLoginThroughDataProvider.closebrowser(TestLoginThroughDataProvider.java:63)
	at Maven.CompanyName.ProjectName.ModuleName.AutomationPractice.TestScript.TestLoginThroughDataProvider.closebrowser(TestLoginThroughDataProvider.java:63)
	at Maven.CompanyName.ProjectName.ModuleName.AutomationPractice.TestScript.TestLoginThroughDataProvider.closebrowser(TestLoginThroughDataProvider.java:63)
	at Maven.CompanyName.ProjectName.ModuleName.AutomationPractice.TestScript.TestLoginThroughDataProvider.closebrowser(TestLoginThroughDataProvider.java:63)
	at Maven.CompanyName.ProjectName.ModuleName.AutomationPractice.TestScript.TestLoginThroughDataProvider.closebrowser(TestLoginThroughDataProvider.java:63)
	at Maven.CompanyName.ProjectName.ModuleName.AutomationPractice.TestScript.TestLoginThroughDataProvider.closebrowser(TestLoginThroughDataProvider.java:63)
	at Maven.CompanyName.ProjectName.ModuleName.AutomationPractice.TestScript.TestLoginThroughDataProvider.closebrowser(TestLoginThroughDataProvider.java:63)
	at Maven.CompanyName.ProjectName.ModuleName.AutomationPractice.TestScript.TestLoginThroughDataProvider.closebrowser(TestLoginThroughDataProvider.java:63)
	at Maven.CompanyName.ProjectName.ModuleName.AutomationPractice.TestScript.TestLoginThroughDataProvider.closebrowser(TestLoginThroughDataProvider.java:63)
	at Maven.CompanyName.ProjectName.ModuleName.AutomationPractice.TestScript.TestLoginThroughDataProvider.closebrowser(TestLoginThroughDataProvider.java:63)
	at Maven.CompanyName.ProjectName.ModuleName.AutomationPractice.TestScript.TestLoginThroughDataProvider.closebrowser(TestLoginThroughDataProvider.java:63)
	at Maven.CompanyName.ProjectName.ModuleName.AutomationPractice.TestScript.TestLoginThroughDataProvider.closebrowser(TestLoginThroughDataProvider.java:63)
	at Maven.CompanyName.ProjectName.ModuleName.AutomationPractice.TestScript.TestLoginThroughDataProvider.closebrowser(TestLoginThroughDataProvider.java:63)
	at Maven.CompanyName.ProjectName.ModuleName.AutomationPractice.TestScript.TestLoginThroughDataProvider.closebrowser(TestLoginThroughDataProvider.java:63)
	at Maven.CompanyName.ProjectName.ModuleName.AutomationPractice.TestScript.TestLoginThroughDataProvider.closebrowser(TestLoginThroughDataProvider.java:63)
	at Maven.CompanyName.ProjectName.ModuleName.AutomationPractice.TestScript.TestLoginThroughDataProvider.closebrowser(TestLoginThroughDataProvider.java:63)
	at Maven.CompanyName.ProjectName.ModuleName.AutomationPractice.TestScript.TestLoginThroughDataProvider.closebrowser(TestLoginThroughDataProvider.java:63)
	at Maven.CompanyName.ProjectName.ModuleName.AutomationPractice.TestScript.TestLoginThroughDataProvider.closebrowser(TestLoginThroughDataProvider.java:63)
	at Maven.CompanyName.ProjectName.ModuleName.AutomationPractice.TestScript.TestLoginThroughDataProvider.closebrowser(TestLoginThroughDataProvider.java:63)
	at Maven.CompanyName.ProjectName.ModuleName.AutomationPractice.TestScript.TestLoginThroughDataProvider.closebrowser(TestLoginThroughDataProvider.java:63)
	at Maven.CompanyName.ProjectName.ModuleName.AutomationPractice.TestScript.TestLoginThroughDataProvider.closebrowser(TestLoginThroughDataProvider.java:63)
	at Maven.CompanyName.ProjectName.ModuleName.AutomationPractice.TestScript.TestLoginThroughDataProvider.closebrowser(TestLoginThroughDataProvider.java:63)
	at Maven.CompanyName.ProjectName.ModuleName.AutomationPractice.TestScript.TestLoginThroughDataProvider.closebrowser(TestLoginThroughDataProvider.java:63)
	at Maven.CompanyName.ProjectName.ModuleName.AutomationPractice.TestScript.TestLoginThroughDataProvider.closebrowser(TestLoginThroughDataProvider.java:63)
	at Maven.CompanyName.ProjectName.ModuleName.AutomationPractice.TestScript.TestLoginThroughDataProvider.closebrowser(TestLoginThroughDataProvider.java:63)
	at Maven.CompanyName.ProjectName.ModuleName.AutomationPractice.TestScript.TestLoginThroughDataProvider.closebrowser(TestLoginThroughDataProvider.java:63)
	at Maven.CompanyName.ProjectName.ModuleName.AutomationPractice.TestScript.TestLoginThroughDataProvider.closebrowser(TestLoginThroughDataProvider.java:63)
	at Maven.CompanyName.ProjectName.ModuleName.AutomationPractice.TestScript.TestLoginThroughDataProvider.closebrowser(TestLoginThroughDataProvider.java:63)
	at Maven.CompanyName.ProjectName.ModuleName.AutomationPractice.TestScript.TestLoginThroughDataProvider.closebrowser(TestLoginThroughDataProvider.java:63)
	at Maven.CompanyName.ProjectName.ModuleName.AutomationPractice.TestScript.TestLoginThroughDataProvider.closebrowser(TestLoginThroughDataProvider.java:63)
	at Maven.CompanyName.ProjectName.ModuleName.AutomationPractice.TestScript.TestLoginThroughDataProvider.closebrowser(TestLoginThroughDataProvider.java:63)
	at Maven.CompanyName.ProjectName.ModuleName.AutomationPractice.TestScript.TestLoginThroughDataProvider.closebrowser(TestLoginThroughDataProvider.java:63)
	at Maven.CompanyName.ProjectName.ModuleName.AutomationPractice.TestScript.TestLoginThroughDataProvider.closebrowser(TestLoginThroughDataProvider.java:63)
	at Maven.CompanyName.ProjectName.ModuleName.AutomationPractice.TestScript.TestLoginThroughDataProvider.closebrowser(TestLoginThroughDataProvider.java:63)
	at Maven.CompanyName.ProjectName.ModuleName.AutomationPractice.TestScript.TestLoginThroughDataProvider.closebrowser(TestLoginThroughDataProvider.java:63)
	at Maven.CompanyName.ProjectName.ModuleName.AutomationPractice.TestScript.TestLoginThroughDataProvider.closebrowser(TestLoginThroughDataProvider.java:63)
	at Maven.CompanyName.ProjectName.ModuleName.AutomationPractice.TestScript.TestLoginThroughDataProvider.closebrowser(TestLoginThroughDataProvider.java:63)
	at Maven.CompanyName.ProjectName.ModuleName.AutomationPractice.TestScript.TestLoginThroughDataProvider.closebrowser(TestLoginThroughDataProvider.java:63)
	at Maven.CompanyName.ProjectName.ModuleName.AutomationPractice.TestScript.TestLoginThroughDataProvider.closebrowser(TestLoginThroughDataProvider.java:63)
	at Maven.CompanyName.ProjectName.ModuleName.AutomationPractice.TestScript.TestLoginThroughDataProvider.closebrowser(TestLoginThroughDataProvider.java:63)
	at Maven.CompanyName.ProjectName.ModuleName.AutomationPractice.TestScript.TestLoginThroughDataProvider.closebrowser(TestLoginThroughDataProvider.java:63)
	at Maven.CompanyName.ProjectName.ModuleName.AutomationPractice.TestScript.TestLoginThroughDataProvider.closebrowser(TestLoginThroughDataProvider.java:63)
	at Maven.CompanyName.ProjectName.ModuleName.AutomationPractice.TestScript.TestLoginThroughDataProvider.closebrowser(TestLoginThroughDataProvider.java:63)
	at Maven.CompanyName.ProjectName.ModuleName.AutomationPractice.TestScript.TestLoginThroughDataProvider.closebrowser(TestLoginThroughDataProvider.java:63)
	at Maven.CompanyName.ProjectName.ModuleName.AutomationPractice.TestScript.TestLoginThroughDataProvider.closebrowser(TestLoginThroughDataProvider.java:63)
	at Maven.CompanyName.ProjectName.ModuleName.AutomationPractice.TestScript.TestLoginThroughDataProvider.closebrowser(TestLoginThroughDataProvider.java:63)
	at Maven.CompanyName.ProjectName.ModuleName.AutomationPractice.TestScript.TestLoginThroughDataProvider.closebrowser(TestLoginThroughDataProvider.java:63)
	at Maven.CompanyName.ProjectName.ModuleName.AutomationPractice.TestScript.TestLoginThroughDataProvider.closebrowser(TestLoginThroughDataProvider.java:63)
	at Maven.CompanyName.ProjectName.ModuleName.AutomationPractice.TestScript.TestLoginThroughDataProvider.closebrowser(TestLoginThroughDataProvider.java:63)
	at Maven.CompanyName.ProjectName.ModuleName.AutomationPractice.TestScript.TestLoginThroughDataProvider.closebrowser(TestLoginThroughDataProvider.java:63)
	at Maven.CompanyName.ProjectName.ModuleName.AutomationPractice.TestScript.TestLoginThroughDataProvider.closebrowser(TestLoginThroughDataProvider.java:63)
	at Maven.CompanyName.ProjectName.ModuleName.AutomationPractice.TestScript.TestLoginThroughDataProvider.closebrowser(TestLoginThroughDataProvider.java:63)
	at Maven.CompanyName.ProjectName.ModuleName.AutomationPractice.TestScript.TestLoginThroughDataProvider.closebrowser(TestLoginThroughDataProvider.java:63)
	at Maven.CompanyName.ProjectName.ModuleName.AutomationPractice.TestScript.TestLoginThroughDataProvider.closebrowser(TestLoginThroughDataProvider.java:63)
	at Maven.CompanyName.ProjectName.ModuleName.AutomationPractice.TestScript.TestLoginThroughDataProvider.closebrowser(TestLoginThroughDataProvider.java:63)
	at Maven.CompanyName.ProjectName.ModuleName.AutomationPractice.TestScript.TestLoginThroughDataProvider.closebrowser(TestLoginThroughDataProvider.java:63)
	at Maven.CompanyName.ProjectName.ModuleName.AutomationPractice.TestScript.TestLoginThroughDataProvider.closebrowser(TestLoginThroughDataProvider.java:63)
	at Maven.CompanyName.ProjectName.ModuleName.AutomationPractice.TestScript.TestLoginThroughDataProvider.closebrowser(TestLoginThroughDataProvider.java:63)
	at Maven.CompanyName.ProjectName.ModuleName.AutomationPractice.TestScript.TestLoginThroughDataProvider.closebrowser(TestLoginThroughDataProvider.java:63)
	at Maven.CompanyName.ProjectName.ModuleName.AutomationPractice.TestScript.TestLoginThroughDataProvider.closebrowser(TestLoginThroughDataProvider.java:63)
	at Maven.CompanyName.ProjectName.ModuleName.AutomationPractice.TestScript.TestLoginThroughDataProvider.closebrowser(TestLoginThroughDataProvider.java:63)
	at Maven.CompanyName.ProjectName.ModuleName.AutomationPractice.TestScript.TestLoginThroughDataProvider.closebrowser(TestLoginThroughDataProvider.java:63)
	at Maven.CompanyName.ProjectName.ModuleName.AutomationPractice.TestScript.TestLoginThroughDataProvider.closebrowser(TestLoginThroughDataProvider.java:63)
	at Maven.CompanyName.ProjectName.ModuleName.AutomationPractice.TestScript.TestLoginThroughDataProvider.closebrowser(TestLoginThroughDataProvider.java:63)
	at Maven.CompanyName.ProjectName.ModuleName.AutomationPractice.TestScript.TestLoginThroughDataProvider.closebrowser(TestLoginThroughDataProvider.java:63)
	at Maven.CompanyName.ProjectName.ModuleName.AutomationPractice.TestScript.TestLoginThroughDataProvider.closebrowser(TestLoginThroughDataProvider.java:63)
	at Maven.CompanyName.ProjectName.ModuleName.AutomationPractice.TestScript.TestLoginThroughDataProvider.closebrowser(TestLoginThroughDataProvider.java:63)
	at Maven.CompanyName.ProjectName.ModuleName.AutomationPractice.TestScript.TestLoginThroughDataProvider.closebrowser(TestLoginThroughDataProvider.java:63)
	at Maven.CompanyName.ProjectName.ModuleName.AutomationPractice.TestScript.TestLoginThroughDataProvider.closebrowser(TestLoginThroughDataProvider.java:63)
	at Maven.CompanyName.ProjectName.ModuleName.AutomationPractice.TestScript.TestLoginThroughDataProvider.closebrowser(TestLoginThroughDataProvider.java:63)
	at Maven.CompanyName.ProjectName.ModuleName.AutomationPractice.TestScript.TestLoginThroughDataProvider.closebrowser(TestLoginThroughDataProvider.java:63)
	at Maven.CompanyName.ProjectName.ModuleName.AutomationPractice.TestScript.TestLoginThroughDataProvider.closebrowser(TestLoginThroughDataProvider.java:63)
	at Maven.CompanyName.ProjectName.ModuleName.AutomationPractice.TestScript.TestLoginThroughDataProvider.closebrowser(TestLoginThroughDataProvider.java:63)
	at Maven.CompanyName.ProjectName.ModuleName.AutomationPractice.TestScript.TestLoginThroughDataProvider.closebrowser(TestLoginThroughDataProvider.java:63)
	at Maven.CompanyName.ProjectName.ModuleName.AutomationPractice.TestScript.TestLoginThroughDataProvider.closebrowser(TestLoginThroughDataProvider.java:63)
	at Maven.CompanyName.ProjectName.ModuleName.AutomationPractice.TestScript.TestLoginThroughDataProvider.closebrowser(TestLoginThroughDataProvider.java:63)
	at Maven.CompanyName.ProjectName.ModuleName.AutomationPractice.TestScript.TestLoginThroughDataProvider.closebrowser(TestLoginThroughDataProvider.java:63)
	at Maven.CompanyName.ProjectName.ModuleName.AutomationPractice.TestScript.TestLoginThroughDataProvider.closebrowser(TestLoginThroughDataProvider.java:63)
	at Maven.CompanyName.ProjectName.ModuleName.AutomationPractice.TestScript.TestLoginThroughDataProvider.closebrowser(TestLoginThroughDataProvider.java:63)
	at Maven.CompanyName.ProjectName.ModuleName.AutomationPractice.TestScript.TestLoginThroughDataProvider.closebrowser(TestLoginThroughDataProvider.java:63)
	at Maven.CompanyName.ProjectName.ModuleName.AutomationPractice.TestScript.TestLoginThroughDataProvider.closebrowser(TestLoginThroughDataProvider.java:63)
	at Maven.CompanyName.ProjectName.ModuleName.AutomationPractice.TestScript.TestLoginThroughDataProvider.closebrowser(TestLoginThroughDataProvider.java:63)
	at Maven.CompanyName.ProjectName.ModuleName.AutomationPractice.TestScript.TestLoginThroughDataProvider.closebrowser(TestLoginThroughDataProvider.java:63)
	at Maven.CompanyName.ProjectName.ModuleName.AutomationPractice.TestScript.TestLoginThroughDataProvider.closebrowser(TestLoginThroughDataProvider.java:63)
	at Maven.CompanyName.ProjectName.ModuleName.AutomationPractice.TestScript.TestLoginThroughDataProvider.closebrowser(TestLoginThroughDataProvider.java:63)
	at Maven.CompanyName.ProjectName.ModuleName.AutomationPractice.TestScript.TestLoginThroughDataProvider.closebrowser(TestLoginThroughDataProvider.java:63)
	at Maven.CompanyName.ProjectName.ModuleName.AutomationPractice.TestScript.TestLoginThroughDataProvider.closebrowser(TestLoginThroughDataProvider.java:63)
	at Maven.CompanyName.ProjectName.ModuleName.AutomationPractice.TestScript.TestLoginThroughDataProvider.closebrowser(TestLoginThroughDataProvider.java:63)
	at Maven.CompanyName.ProjectName.ModuleName.AutomationPractice.TestScript.TestLoginThroughDataProvider.closebrowser(TestLoginThroughDataProvider.java:63)
	at Maven.CompanyName.ProjectName.ModuleName.AutomationPractice.TestScript.TestLoginThroughDataProvider.closebrowser(TestLoginThroughDataProvider.java:63)
	at Maven.CompanyName.ProjectName.ModuleName.AutomationPractice.TestScript.TestLoginThroughDataProvider.closebrowser(TestLoginThroughDataProvider.java:63)
	at Maven.CompanyName.ProjectName.ModuleName.AutomationPractice.TestScript.TestLoginThroughDataProvider.closebrowser(TestLoginThroughDataProvider.java:63)
	at Maven.CompanyName.ProjectName.ModuleName.AutomationPractice.TestScript.TestLoginThroughDataProvider.closebrowser(TestLoginThroughDataProvider.java:63)
	at Maven.CompanyName.ProjectName.ModuleName.AutomationPractice.TestScript.TestLoginThroughDataProvider.closebrowser(TestLoginThroughDataProvider.java:63)
	at Maven.CompanyName.ProjectName.ModuleName.AutomationPractice.TestScript.TestLoginThroughDataProvider.closebrowser(TestLoginThroughDataProvider.java:63)
	at Maven.CompanyName.ProjectName.ModuleName.AutomationPractice.TestScript.TestLoginThroughDataProvider.closebrowser(TestLoginThroughDataProvider.java:63)
	at Maven.CompanyName.ProjectName.ModuleName.AutomationPractice.TestScript.TestLoginThroughDataProvider.closebrowser(TestLoginThroughDataProvider.java:63)
	at Maven.CompanyName.ProjectName.ModuleName.AutomationPractice.TestScript.TestLoginThroughDataProvider.closebrowser(TestLoginThroughDataProvider.java:63)
	at Maven.CompanyName.ProjectName.ModuleName.AutomationPractice.TestScript.TestLoginThroughDataProvider.closebrowser(TestLoginThroughDataProvider.java:63)
	at Maven.CompanyName.ProjectName.ModuleName.AutomationPractice.TestScript.TestLoginThroughDataProvider.closebrowser(TestLoginThroughDataProvider.java:63)
	at Maven.CompanyName.ProjectName.ModuleName.AutomationPractice.TestScript.TestLoginThroughDataProvider.closebrowser(TestLoginThroughDataProvider.java:63)
	at Maven.CompanyName.ProjectName.ModuleName.AutomationPractice.TestScript.TestLoginThroughDataProvider.closebrowser(TestLoginThroughDataProvider.java:63)
	at Maven.CompanyName.ProjectName.ModuleName.AutomationPractice.TestScript.TestLoginThroughDataProvider.closebrowser(TestLoginThroughDataProvider.java:63)
	at Maven.CompanyName.ProjectName.ModuleName.AutomationPractice.TestScript.TestLoginThroughDataProvider.closebrowser(TestLoginThroughDataProvider.java:63)
	at Maven.CompanyName.ProjectName.ModuleName.AutomationPractice.TestScript.TestLoginThroughDataProvider.closebrowser(TestLoginThroughDataProvider.java:63)
	at Maven.CompanyName.ProjectName.ModuleName.AutomationPractice.TestScript.TestLoginThroughDataProvider.closebrowser(TestLoginThroughDataProvider.java:63)
	at Maven.CompanyName.ProjectName.ModuleName.AutomationPractice.TestScript.TestLoginThroughDataProvider.closebrowser(TestLoginThroughDataProvider.java:63)
	at Maven.CompanyName.ProjectName.ModuleName.AutomationPractice.TestScript.TestLoginThroughDataProvider.closebrowser(TestLoginThroughDataProvider.java:63)
	at Maven.CompanyName.ProjectName.ModuleName.AutomationPractice.TestScript.TestLoginThroughDataProvider.closebrowser(TestLoginThroughDataProvider.java:63)
	at Maven.CompanyName.ProjectName.ModuleName.AutomationPractice.TestScript.TestLoginThroughDataProvider.closebrowser(TestLoginThroughDataProvider.java:63)
	at Maven.CompanyName.ProjectName.ModuleName.AutomationPractice.TestScript.TestLoginThroughDataProvider.closebrowser(TestLoginThroughDataProvider.java:63)
	at Maven.CompanyName.ProjectName.ModuleName.AutomationPractice.TestScript.TestLoginThroughDataProvider.closebrowser(TestLoginThroughDataProvider.java:63)
	at Maven.CompanyName.ProjectName.ModuleName.AutomationPractice.TestScript.TestLoginThroughDataProvider.closebrowser(TestLoginThroughDataProvider.java:63)
	at Maven.CompanyName.ProjectName.ModuleName.AutomationPractice.TestScript.TestLoginThroughDataProvider.closebrowser(TestLoginThroughDataProvider.java:63)
	at Maven.CompanyName.ProjectName.ModuleName.AutomationPractice.TestScript.TestLoginThroughDataProvider.closebrowser(TestLoginThroughDataProvider.java:63)
	at Maven.CompanyName.ProjectName.ModuleName.AutomationPractice.TestScript.TestLoginThroughDataProvider.closebrowser(TestLoginThroughDataProvider.java:63)
	at Maven.CompanyName.ProjectName.ModuleName.AutomationPractice.TestScript.TestLoginThroughDataProvider.closebrowser(TestLoginThroughDataProvider.java:63)
	at Maven.CompanyName.ProjectName.ModuleName.AutomationPractice.TestScript.TestLoginThroughDataProvider.closebrowser(TestLoginThroughDataProvider.java:63)
	at Maven.CompanyName.ProjectName.ModuleName.AutomationPractice.TestScript.TestLoginThroughDataProvider.closebrowser(TestLoginThroughDataProvider.java:63)
	at Maven.CompanyName.ProjectName.ModuleName.AutomationPractice.TestScript.TestLoginThroughDataProvider.closebrowser(TestLoginThroughDataProvider.java:63)
	at Maven.CompanyName.ProjectName.ModuleName.AutomationPractice.TestScript.TestLoginThroughDataProvider.closebrowser(TestLoginThroughDataProvider.java:63)
	at Maven.CompanyName.ProjectName.ModuleName.AutomationPractice.TestScript.TestLoginThroughDataProvider.closebrowser(TestLoginThroughDataProvider.java:63)
	at Maven.CompanyName.ProjectName.ModuleName.AutomationPractice.TestScript.TestLoginThroughDataProvider.closebrowser(TestLoginThroughDataProvider.java:63)
	at Maven.CompanyName.ProjectName.ModuleName.AutomationPractice.TestScript.TestLoginThroughDataProvider.closebrowser(TestLoginThroughDataProvider.java:63)
	at Maven.CompanyName.ProjectName.ModuleName.AutomationPractice.TestScript.TestLoginThroughDataProvider.closebrowser(TestLoginThroughDataProvider.java:63)
	at Maven.CompanyName.ProjectName.ModuleName.AutomationPractice.TestScript.TestLoginThroughDataProvider.closebrowser(TestLoginThroughDataProvider.java:63)
	at Maven.CompanyName.ProjectName.ModuleName.AutomationPractice.TestScript.TestLoginThroughDataProvider.closebrowser(TestLoginThroughDataProvider.java:63)
	at Maven.CompanyName.ProjectName.ModuleName.AutomationPractice.TestScript.TestLoginThroughDataProvider.closebrowser(TestLoginThroughDataProvider.java:63)
	at Maven.CompanyName.ProjectName.ModuleName.AutomationPractice.TestScript.TestLoginThroughDataProvider.closebrowser(TestLoginThroughDataProvider.java:63)
	at Maven.CompanyName.ProjectName.ModuleName.AutomationPractice.TestScript.TestLoginThroughDataProvider.closebrowser(TestLoginThroughDataProvider.java:63)
	at Maven.CompanyName.ProjectName.ModuleName.AutomationPractice.TestScript.TestLoginThroughDataProvider.closebrowser(TestLoginThroughDataProvider.java:63)
	at Maven.CompanyName.ProjectName.ModuleName.AutomationPractice.TestScript.TestLoginThroughDataProvider.closebrowser(TestLoginThroughDataProvider.java:63)
	at Maven.CompanyName.ProjectName.ModuleName.AutomationPractice.TestScript.TestLoginThroughDataProvider.closebrowser(TestLoginThroughDataProvider.java:63)
	at Maven.CompanyName.ProjectName.ModuleName.AutomationPractice.TestScript.TestLoginThroughDataProvider.closebrowser(TestLoginThroughDataProvider.java:63)
	at Maven.CompanyName.ProjectName.ModuleName.AutomationPractice.TestScript.TestLoginThroughDataProvider.closebrowser(TestLoginThroughDataProvider.java:63)
	at Maven.CompanyName.ProjectName.ModuleName.AutomationPractice.TestScript.TestLoginThroughDataProvider.closebrowser(TestLoginThroughDataProvider.java:63)
	at Maven.CompanyName.ProjectName.ModuleName.AutomationPractice.TestScript.TestLoginThroughDataProvider.closebrowser(TestLoginThroughDataProvider.java:63)
	at Maven.CompanyName.ProjectName.ModuleName.AutomationPractice.TestScript.TestLoginThroughDataProvider.closebrowser(TestLoginThroughDataProvider.java:63)
	at Maven.CompanyName.ProjectName.ModuleName.AutomationPractice.TestScript.TestLoginThroughDataProvider.closebrowser(TestLoginThroughDataProvider.java:63)
	at Maven.CompanyName.ProjectName.ModuleName.AutomationPractice.TestScript.TestLoginThroughDataProvider.closebrowser(TestLoginThroughDataProvider.java:63)
	at Maven.CompanyName.ProjectName.ModuleName.AutomationPractice.TestScript.TestLoginThroughDataProvider.closebrowser(TestLoginThroughDataProvider.java:63)
	at Maven.CompanyName.ProjectName.ModuleName.AutomationPractice.TestScript.TestLoginThroughDataProvider.closebrowser(TestLoginThroughDataProvider.java:63)
	at Maven.CompanyName.ProjectName.ModuleName.AutomationPractice.TestScript.TestLoginThroughDataProvider.closebrowser(TestLoginThroughDataProvider.java:63)
	at Maven.CompanyName.ProjectName.ModuleName.AutomationPractice.TestScript.TestLoginThroughDataProvider.closebrowser(TestLoginThroughDataProvider.java:63)
	at Maven.CompanyName.ProjectName.ModuleName.AutomationPractice.TestScript.TestLoginThroughDataProvider.closebrowser(TestLoginThroughDataProvider.java:63)
	at Maven.CompanyName.ProjectName.ModuleName.AutomationPractice.TestScript.TestLoginThroughDataProvider.closebrowser(TestLoginThroughDataProvider.java:63)
	at Maven.CompanyName.ProjectName.ModuleName.AutomationPractice.TestScript.TestLoginThroughDataProvider.closebrowser(TestLoginThroughDataProvider.java:63)
	at Maven.CompanyName.ProjectName.ModuleName.AutomationPractice.TestScript.TestLoginThroughDataProvider.closebrowser(TestLoginThroughDataProvider.java:63)
	at Maven.CompanyName.ProjectName.ModuleName.AutomationPractice.TestScript.TestLoginThroughDataProvider.closebrowser(TestLoginThroughDataProvider.java:63)
	at Maven.CompanyName.ProjectName.ModuleName.AutomationPractice.TestScript.TestLoginThroughDataProvider.closebrowser(TestLoginThroughDataProvider.java:63)
	at Maven.CompanyName.ProjectName.ModuleName.AutomationPractice.TestScript.TestLoginThroughDataProvider.closebrowser(TestLoginThroughDataProvider.java:63)
	at Maven.CompanyName.ProjectName.ModuleName.AutomationPractice.TestScript.TestLoginThroughDataProvider.closebrowser(TestLoginThroughDataProvider.java:63)
	at Maven.CompanyName.ProjectName.ModuleName.AutomationPractice.TestScript.TestLoginThroughDataProvider.closebrowser(TestLoginThroughDataProvider.java:63)
	at Maven.CompanyName.ProjectName.ModuleName.AutomationPractice.TestScript.TestLoginThroughDataProvider.closebrowser(TestLoginThroughDataProvider.java:63)
	at Maven.CompanyName.ProjectName.ModuleName.AutomationPractice.TestScript.TestLoginThroughDataProvider.closebrowser(TestLoginThroughDataProvider.java:63)
	at Maven.CompanyName.ProjectName.ModuleName.AutomationPractice.TestScript.TestLoginThroughDataProvider.closebrowser(TestLoginThroughDataProvider.java:63)
	at Maven.CompanyName.ProjectName.ModuleName.AutomationPractice.TestScript.TestLoginThroughDataProvider.closebrowser(TestLoginThroughDataProvider.java:63)
	at Maven.CompanyName.ProjectName.ModuleName.AutomationPractice.TestScript.TestLoginThroughDataProvider.closebrowser(TestLoginThroughDataProvider.java:63)
	at Maven.CompanyName.ProjectName.ModuleName.AutomationPractice.TestScript.TestLoginThroughDataProvider.closebrowser(TestLoginThroughDataProvider.java:63)
	at Maven.CompanyName.ProjectName.ModuleName.AutomationPractice.TestScript.TestLoginThroughDataProvider.closebrowser(TestLoginThroughDataProvider.java:63)
	at Maven.CompanyName.ProjectName.ModuleName.AutomationPractice.TestScript.TestLoginThroughDataProvider.closebrowser(TestLoginThroughDataProvider.java:63)
	at Maven.CompanyName.ProjectName.ModuleName.AutomationPractice.TestScript.TestLoginThroughDataProvider.closebrowser(TestLoginThroughDataProvider.java:63)
	at Maven.CompanyName.ProjectName.ModuleName.AutomationPractice.TestScript.TestLoginThroughDataProvider.closebrowser(TestLoginThroughDataProvider.java:63)
	at Maven.CompanyName.ProjectName.ModuleName.AutomationPractice.TestScript.TestLoginThroughDataProvider.closebrowser(TestLoginThroughDataProvider.java:63)
	at Maven.CompanyName.ProjectName.ModuleName.AutomationPractice.TestScript.TestLoginThroughDataProvider.closebrowser(TestLoginThroughDataProvider.java:63)
	at Maven.CompanyName.ProjectName.ModuleName.AutomationPractice.TestScript.TestLoginThroughDataProvider.closebrowser(TestLoginThroughDataProvider.java:63)
	at Maven.CompanyName.ProjectName.ModuleName.AutomationPractice.TestScript.TestLoginThroughDataProvider.closebrowser(TestLoginThroughDataProvider.java:63)
	at Maven.CompanyName.ProjectName.ModuleName.AutomationPractice.TestScript.TestLoginThroughDataProvider.closebrowser(TestLoginThroughDataProvider.java:63)
	at Maven.CompanyName.ProjectName.ModuleName.AutomationPractice.TestScript.TestLoginThroughDataProvider.closebrowser(TestLoginThroughDataProvider.java:63)
	at Maven.CompanyName.ProjectName.ModuleName.AutomationPractice.TestScript.TestLoginThroughDataProvider.closebrowser(TestLoginThroughDataProvider.java:63)
	at Maven.CompanyName.ProjectName.ModuleName.AutomationPractice.TestScript.TestLoginThroughDataProvider.closebrowser(TestLoginThroughDataProvider.java:63)
	at Maven.CompanyName.ProjectName.ModuleName.AutomationPractice.TestScript.TestLoginThroughDataProvider.closebrowser(TestLoginThroughDataProvider.java:63)
	at Maven.CompanyName.ProjectName.ModuleName.AutomationPractice.TestScript.TestLoginThroughDataProvider.closebrowser(TestLoginThroughDataProvider.java:63)
	at Maven.CompanyName.ProjectName.ModuleName.AutomationPractice.TestScript.TestLoginThroughDataProvider.closebrowser(TestLoginThroughDataProvider.java:63)
	at Maven.CompanyName.ProjectName.ModuleName.AutomationPractice.TestScript.TestLoginThroughDataProvider.closebrowser(TestLoginThroughDataProvider.java:63)
	at Maven.CompanyName.ProjectName.ModuleName.AutomationPractice.TestScript.TestLoginThroughDataProvider.closebrowser(TestLoginThroughDataProvider.java:63)
	at Maven.CompanyName.ProjectName.ModuleName.AutomationPractice.TestScript.TestLoginThroughDataProvider.closebrowser(TestLoginThroughDataProvider.java:63)
	at Maven.CompanyName.ProjectName.ModuleName.AutomationPractice.TestScript.TestLoginThroughDataProvider.closebrowser(TestLoginThroughDataProvider.java:63)
	at Maven.CompanyName.ProjectName.ModuleName.AutomationPractice.TestScript.TestLoginThroughDataProvider.closebrowser(TestLoginThroughDataProvider.java:63)
	at Maven.CompanyName.ProjectName.ModuleName.AutomationPractice.TestScript.TestLoginThroughDataProvider.closebrowser(TestLoginThroughDataProvider.java:63)
	at Maven.CompanyName.ProjectName.ModuleName.AutomationPractice.TestScript.TestLoginThroughDataProvider.closebrowser(TestLoginThroughDataProvider.java:63)
	at Maven.CompanyName.ProjectName.ModuleName.AutomationPractice.TestScript.TestLoginThroughDataProvider.closebrowser(TestLoginThroughDataProvider.java:63)
	at Maven.CompanyName.ProjectName.ModuleName.AutomationPractice.TestScript.TestLoginThroughDataProvider.closebrowser(TestLoginThroughDataProvider.java:63)
	at Maven.CompanyName.ProjectName.ModuleName.AutomationPractice.TestScript.TestLoginThroughDataProvider.closebrowser(TestLoginThroughDataProvider.java:63)
	at Maven.CompanyName.ProjectName.ModuleName.AutomationPractice.TestScript.TestLoginThroughDataProvider.closebrowser(TestLoginThroughDataProvider.java:63)
	at Maven.CompanyName.ProjectName.ModuleName.AutomationPractice.TestScript.TestLoginThroughDataProvider.closebrowser(TestLoginThroughDataProvider.java:63)
	at Maven.CompanyName.ProjectName.ModuleName.AutomationPractice.TestScript.TestLoginThroughDataProvider.closebrowser(TestLoginThroughDataProvider.java:63)
	at Maven.CompanyName.ProjectName.ModuleName.AutomationPractice.TestScript.TestLoginThroughDataProvider.closebrowser(TestLoginThroughDataProvider.java:63)
	at Maven.CompanyName.ProjectName.ModuleName.AutomationPractice.TestScript.TestLoginThroughDataProvider.closebrowser(TestLoginThroughDataProvider.java:63)
	at Maven.CompanyName.ProjectName.ModuleName.AutomationPractice.TestScript.TestLoginThroughDataProvider.closebrowser(TestLoginThroughDataProvider.java:63)
	at Maven.CompanyName.ProjectName.ModuleName.AutomationPractice.TestScript.TestLoginThroughDataProvider.closebrowser(TestLoginThroughDataProvider.java:63)
	at Maven.CompanyName.ProjectName.ModuleName.AutomationPractice.TestScript.TestLoginThroughDataProvider.closebrowser(TestLoginThroughDataProvider.java:63)
	at Maven.CompanyName.ProjectName.ModuleName.AutomationPractice.TestScript.TestLoginThroughDataProvider.closebrowser(TestLoginThroughDataProvider.java:63)
	at Maven.CompanyName.ProjectName.ModuleName.AutomationPractice.TestScript.TestLoginThroughDataProvider.closebrowser(TestLoginThroughDataProvider.java:63)
	at Maven.CompanyName.ProjectName.ModuleName.AutomationPractice.TestScript.TestLoginThroughDataProvider.closebrowser(TestLoginThroughDataProvider.java:63)
	at Maven.CompanyName.ProjectName.ModuleName.AutomationPractice.TestScript.TestLoginThroughDataProvider.closebrowser(TestLoginThroughDataProvider.java:63)
	at Maven.CompanyName.ProjectName.ModuleName.AutomationPractice.TestScript.TestLoginThroughDataProvider.closebrowser(TestLoginThroughDataProvider.java:63)
	at Maven.CompanyName.ProjectName.ModuleName.AutomationPractice.TestScript.TestLoginThroughDataProvider.closebrowser(TestLoginThroughDataProvider.java:63)
	at Maven.CompanyName.ProjectName.ModuleName.AutomationPractice.TestScript.TestLoginThroughDataProvider.closebrowser(TestLoginThroughDataProvider.java:63)
	at Maven.CompanyName.ProjectName.ModuleName.AutomationPractice.TestScript.TestLoginThroughDataProvider.closebrowser(TestLoginThroughDataProvider.java:63)
	at Maven.CompanyName.ProjectName.ModuleName.AutomationPractice.TestScript.TestLoginThroughDataProvider.closebrowser(TestLoginThroughDataProvider.java:63)
	at Maven.CompanyName.ProjectName.ModuleName.AutomationPractice.TestScript.TestLoginThroughDataProvider.closebrowser(TestLoginThroughDataProvider.java:63)
	at Maven.CompanyName.ProjectName.ModuleName.AutomationPractice.TestScript.TestLoginThroughDataProvider.closebrowser(TestLoginThroughDataProvider.java:63)
	at Maven.CompanyName.ProjectName.ModuleName.AutomationPractice.TestScript.TestLoginThroughDataProvider.closebrowser(TestLoginThroughDataProvider.java:63)
	at Maven.CompanyName.ProjectName.ModuleName.AutomationPractice.TestScript.TestLoginThroughDataProvider.closebrowser(TestLoginThroughDataProvider.java:63)
	at Maven.CompanyName.ProjectName.ModuleName.AutomationPractice.TestScript.TestLoginThroughDataProvider.closebrowser(TestLoginThroughDataProvider.java:63)
	at Maven.CompanyName.ProjectName.ModuleName.AutomationPractice.TestScript.TestLoginThroughDataProvider.closebrowser(TestLoginThroughDataProvider.java:63)
	at Maven.CompanyName.ProjectName.ModuleName.AutomationPractice.TestScript.TestLoginThroughDataProvider.closebrowser(TestLoginThroughDataProvider.java:63)
	at Maven.CompanyName.ProjectName.ModuleName.AutomationPractice.TestScript.TestLoginThroughDataProvider.closebrowser(TestLoginThroughDataProvider.java:63)
	at Maven.CompanyName.ProjectName.ModuleName.AutomationPractice.TestScript.TestLoginThroughDataProvider.closebrowser(TestLoginThroughDataProvider.java:63)
	at Maven.CompanyName.ProjectName.ModuleName.AutomationPractice.TestScript.TestLoginThroughDataProvider.closebrowser(TestLoginThroughDataProvider.java:63)
	at Maven.CompanyName.ProjectName.ModuleName.AutomationPractice.TestScript.TestLoginThroughDataProvider.closebrowser(TestLoginThroughDataProvider.java:63)
	at Maven.CompanyName.ProjectName.ModuleName.AutomationPractice.TestScript.TestLoginThroughDataProvider.closebrowser(TestLoginThroughDataProvider.java:63)
	at Maven.CompanyName.ProjectName.ModuleName.AutomationPractice.TestScript.TestLoginThroughDataProvider.closebrowser(TestLoginThroughDataProvider.java:63)
	at Maven.CompanyName.ProjectName.ModuleName.AutomationPractice.TestScript.TestLoginThroughDataProvider.closebrowser(TestLoginThroughDataProvider.java:63)
	at Maven.CompanyName.ProjectName.ModuleName.AutomationPractice.TestScript.TestLoginThroughDataProvider.closebrowser(TestLoginThroughDataProvider.java:63)
	at Maven.CompanyName.ProjectName.ModuleName.AutomationPractice.TestScript.TestLoginThroughDataProvider.closebrowser(TestLoginThroughDataProvider.java:63)
	at Maven.CompanyName.ProjectName.ModuleName.AutomationPractice.TestScript.TestLoginThroughDataProvider.closebrowser(TestLoginThroughDataProvider.java:63)
	at Maven.CompanyName.ProjectName.ModuleName.AutomationPractice.TestScript.TestLoginThroughDataProvider.closebrowser(TestLoginThroughDataProvider.java:63)
	at Maven.CompanyName.ProjectName.ModuleName.AutomationPractice.TestScript.TestLoginThroughDataProvider.closebrowser(TestLoginThroughDataProvider.java:63)
	at Maven.CompanyName.ProjectName.ModuleName.AutomationPractice.TestScript.TestLoginThroughDataProvider.closebrowser(TestLoginThroughDataProvider.java:63)
	at Maven.CompanyName.ProjectName.ModuleName.AutomationPractice.TestScript.TestLoginThroughDataProvider.closebrowser(TestLoginThroughDataProvider.java:63)
	at Maven.CompanyName.ProjectName.ModuleName.AutomationPractice.TestScript.TestLoginThroughDataProvider.closebrowser(TestLoginThroughDataProvider.java:63)
	at Maven.CompanyName.ProjectName.ModuleName.AutomationPractice.TestScript.TestLoginThroughDataProvider.closebrowser(TestLoginThroughDataProvider.java:63)
	at Maven.CompanyName.ProjectName.ModuleName.AutomationPractice.TestScript.TestLoginThroughDataProvider.closebrowser(TestLoginThroughDataProvider.java:63)
	at Maven.CompanyName.ProjectName.ModuleName.AutomationPractice.TestScript.TestLoginThroughDataProvider.closebrowser(TestLoginThroughDataProvider.java:63)
	at Maven.CompanyName.ProjectName.ModuleName.AutomationPractice.TestScript.TestLoginThroughDataProvider.closebrowser(TestLoginThroughDataProvider.java:63)
	at Maven.CompanyName.ProjectName.ModuleName.AutomationPractice.TestScript.TestLoginThroughDataProvider.closebrowser(TestLoginThroughDataProvider.java:63)
	at Maven.CompanyName.ProjectName.ModuleName.AutomationPractice.TestScript.TestLoginThroughDataProvider.closebrowser(TestLoginThroughDataProvider.java:63)
	at Maven.CompanyName.ProjectName.ModuleName.AutomationPractice.TestScript.TestLoginThroughDataProvider.closebrowser(TestLoginThroughDataProvider.java:63)
	at Maven.CompanyName.ProjectName.ModuleName.AutomationPractice.TestScript.TestLoginThroughDataProvider.closebrowser(TestLoginThroughDataProvider.java:63)
	at Maven.CompanyName.ProjectName.ModuleName.AutomationPractice.TestScript.TestLoginThroughDataProvider.closebrowser(TestLoginThroughDataProvider.java:63)
	at Maven.CompanyName.ProjectName.ModuleName.AutomationPractice.TestScript.TestLoginThroughDataProvider.closebrowser(TestLoginThroughDataProvider.java:63)
	at Maven.CompanyName.ProjectName.ModuleName.AutomationPractice.TestScript.TestLoginThroughDataProvider.closebrowser(TestLoginThroughDataProvider.java:63)
	at Maven.CompanyName.ProjectName.ModuleName.AutomationPractice.TestScript.TestLoginThroughDataProvider.closebrowser(TestLoginThroughDataProvider.java:63)
	at Maven.CompanyName.ProjectName.ModuleName.AutomationPractice.TestScript.TestLoginThroughDataProvider.closebrowser(TestLoginThroughDataProvider.java:63)
	at Maven.CompanyName.ProjectName.ModuleName.AutomationPractice.TestScript.TestLoginThroughDataProvider.closebrowser(TestLoginThroughDataProvider.java:63)
	at Maven.CompanyName.ProjectName.ModuleName.AutomationPractice.TestScript.TestLoginThroughDataProvider.closebrowser(TestLoginThroughDataProvider.java:63)
	at Maven.CompanyName.ProjectName.ModuleName.AutomationPractice.TestScript.TestLoginThroughDataProvider.closebrowser(TestLoginThroughDataProvider.java:63)
	at Maven.CompanyName.ProjectName.ModuleName.AutomationPractice.TestScript.TestLoginThroughDataProvider.closebrowser(TestLoginThroughDataProvider.java:63)
	at Maven.CompanyName.ProjectName.ModuleName.AutomationPractice.TestScript.TestLoginThroughDataProvider.closebrowser(TestLoginThroughDataProvider.java:63)
	at Maven.CompanyName.ProjectName.ModuleName.AutomationPractice.TestScript.TestLoginThroughDataProvider.closebrowser(TestLoginThroughDataProvider.java:63)
	at Maven.CompanyName.ProjectName.ModuleName.AutomationPractice.TestScript.TestLoginThroughDataProvider.closebrowser(TestLoginThroughDataProvider.java:63)
	at Maven.CompanyName.ProjectName.ModuleName.AutomationPractice.TestScript.TestLoginThroughDataProvider.closebrowser(TestLoginThroughDataProvider.java:63)
	at Maven.CompanyName.ProjectName.ModuleName.AutomationPractice.TestScript.TestLoginThroughDataProvider.closebrowser(TestLoginThroughDataProvider.java:63)
	at Maven.CompanyName.ProjectName.ModuleName.AutomationPractice.TestScript.TestLoginThroughDataProvider.closebrowser(TestLoginThroughDataProvider.java:63)
	at Maven.CompanyName.ProjectName.ModuleName.AutomationPractice.TestScript.TestLoginThroughDataProvider.closebrowser(TestLoginThroughDataProvider.java:63)
	at Maven.CompanyName.ProjectName.ModuleName.AutomationPractice.TestScript.TestLoginThroughDataProvider.closebrowser(TestLoginThroughDataProvider.java:63)
	at Maven.CompanyName.ProjectName.ModuleName.AutomationPractice.TestScript.TestLoginThroughDataProvider.closebrowser(TestLoginThroughDataProvider.java:63)
	at Maven.CompanyName.ProjectName.ModuleName.AutomationPractice.TestScript.TestLoginThroughDataProvider.closebrowser(TestLoginThroughDataProvider.java:63)
	at Maven.CompanyName.ProjectName.ModuleName.AutomationPractice.TestScript.TestLoginThroughDataProvider.closebrowser(TestLoginThroughDataProvider.java:63)
	at Maven.CompanyName.ProjectName.ModuleName.AutomationPractice.TestScript.TestLoginThroughDataProvider.closebrowser(TestLoginThroughDataProvider.java:63)
	at Maven.CompanyName.ProjectName.ModuleName.AutomationPractice.TestScript.TestLoginThroughDataProvider.closebrowser(TestLoginThroughDataProvider.java:63)
	at Maven.CompanyName.ProjectName.ModuleName.AutomationPractice.TestScript.TestLoginThroughDataProvider.closebrowser(TestLoginThroughDataProvider.java:63)
	at Maven.CompanyName.ProjectName.ModuleName.AutomationPractice.TestScript.TestLoginThroughDataProvider.closebrowser(TestLoginThroughDataProvider.java:63)
	at Maven.CompanyName.ProjectName.ModuleName.AutomationPractice.TestScript.TestLoginThroughDataProvider.closebrowser(TestLoginThroughDataProvider.java:63)
	at Maven.CompanyName.ProjectName.ModuleName.AutomationPractice.TestScript.TestLoginThroughDataProvider.closebrowser(TestLoginThroughDataProvider.java:63)
	at Maven.CompanyName.ProjectName.ModuleName.AutomationPractice.TestScript.TestLoginThroughDataProvider.closebrowser(TestLoginThroughDataProvider.java:63)
	at Maven.CompanyName.ProjectName.ModuleName.AutomationPractice.TestScript.TestLoginThroughDataProvider.closebrowser(TestLoginThroughDataProvider.java:63)
	at Maven.CompanyName.ProjectName.ModuleName.AutomationPractice.TestScript.TestLoginThroughDataProvider.closebrowser(TestLoginThroughDataProvider.java:63)
	at Maven.CompanyName.ProjectName.ModuleName.AutomationPractice.TestScript.TestLoginThroughDataProvider.closebrowser(TestLoginThroughDataProvider.java:63)
	at Maven.CompanyName.ProjectName.ModuleName.AutomationPractice.TestScript.TestLoginThroughDataProvider.closebrowser(TestLoginThroughDataProvider.java:63)
	at Maven.CompanyName.ProjectName.ModuleName.AutomationPractice.TestScript.TestLoginThroughDataProvider.closebrowser(TestLoginThroughDataProvider.java:63)
	at Maven.CompanyName.ProjectName.ModuleName.AutomationPractice.TestScript.TestLoginThroughDataProvider.closebrowser(TestLoginThroughDataProvider.java:63)
	at Maven.CompanyName.ProjectName.ModuleName.AutomationPractice.TestScript.TestLoginThroughDataProvider.closebrowser(TestLoginThroughDataProvider.java:63)
	at Maven.CompanyName.ProjectName.ModuleName.AutomationPractice.TestScript.TestLoginThroughDataProvider.closebrowser(TestLoginThroughDataProvider.java:63)
	at Maven.CompanyName.ProjectName.ModuleName.AutomationPractice.TestScript.TestLoginThroughDataProvider.closebrowser(TestLoginThroughDataProvider.java:63)
	at Maven.CompanyName.ProjectName.ModuleName.AutomationPractice.TestScript.TestLoginThroughDataProvider.closebrowser(TestLoginThroughDataProvider.java:63)
	at Maven.CompanyName.ProjectName.ModuleName.AutomationPractice.TestScript.TestLoginThroughDataProvider.closebrowser(TestLoginThroughDataProvider.java:63)
	at Maven.CompanyName.ProjectName.ModuleName.AutomationPractice.TestScript.TestLoginThroughDataProvider.closebrowser(TestLoginThroughDataProvider.java:63)
	at Maven.CompanyName.ProjectName.ModuleName.AutomationPractice.TestScript.TestLoginThroughDataProvider.closebrowser(TestLoginThroughDataProvider.java:63)
	at Maven.CompanyName.ProjectName.ModuleName.AutomationPractice.TestScript.TestLoginThroughDataProvider.closebrowser(TestLoginThroughDataProvider.java:63)
	at Maven.CompanyName.ProjectName.ModuleName.AutomationPractice.TestScript.TestLoginThroughDataProvider.closebrowser(TestLoginThroughDataProvider.java:63)
	at Maven.CompanyName.ProjectName.ModuleName.AutomationPractice.TestScript.TestLoginThroughDataProvider.closebrowser(TestLoginThroughDataProvider.java:63)
	at Maven.CompanyName.ProjectName.ModuleName.AutomationPractice.TestScript.TestLoginThroughDataProvider.closebrowser(TestLoginThroughDataProvider.java:63)
	at Maven.CompanyName.ProjectName.ModuleName.AutomationPractice.TestScript.TestLoginThroughDataProvider.closebrowser(TestLoginThroughDataProvider.java:63)
	at Maven.CompanyName.ProjectName.ModuleName.AutomationPractice.TestScript.TestLoginThroughDataProvider.closebrowser(TestLoginThroughDataProvider.java:63)
	at Maven.CompanyName.ProjectName.ModuleName.AutomationPractice.TestScript.TestLoginThroughDataProvider.closebrowser(TestLoginThroughDataProvider.java:63)
	at Maven.CompanyName.ProjectName.ModuleName.AutomationPractice.TestScript.TestLoginThroughDataProvider.closebrowser(TestLoginThroughDataProvider.java:63)
	at Maven.CompanyName.ProjectName.ModuleName.AutomationPractice.TestScript.TestLoginThroughDataProvider.closebrowser(TestLoginThroughDataProvider.java:63)
	at Maven.CompanyName.ProjectName.ModuleName.AutomationPractice.TestScript.TestLoginThroughDataProvider.closebrowser(TestLoginThroughDataProvider.java:63)
	at Maven.CompanyName.ProjectName.ModuleName.AutomationPractice.TestScript.TestLoginThroughDataProvider.closebrowser(TestLoginThroughDataProvider.java:63)
	at Maven.CompanyName.ProjectName.ModuleName.AutomationPractice.TestScript.TestLoginThroughDataProvider.closebrowser(TestLoginThroughDataProvider.java:63)
	at Maven.CompanyName.ProjectName.ModuleName.AutomationPractice.TestScript.TestLoginThroughDataProvider.closebrowser(TestLoginThroughDataProvider.java:63)
	at Maven.CompanyName.ProjectName.ModuleName.AutomationPractice.TestScript.TestLoginThroughDataProvider.closebrowser(TestLoginThroughDataProvider.java:63)
	at Maven.CompanyName.ProjectName.ModuleName.AutomationPractice.TestScript.TestLoginThroughDataProvider.closebrowser(TestLoginThroughDataProvider.java:63)
	at Maven.CompanyName.ProjectName.ModuleName.AutomationPractice.TestScript.TestLoginThroughDataProvider.closebrowser(TestLoginThroughDataProvider.java:63)
	at Maven.CompanyName.ProjectName.ModuleName.AutomationPractice.TestScript.TestLoginThroughDataProvider.closebrowser(TestLoginThroughDataProvider.java:63)
	at Maven.CompanyName.ProjectName.ModuleName.AutomationPractice.TestScript.TestLoginThroughDataProvider.closebrowser(TestLoginThroughDataProvider.java:63)
	at Maven.CompanyName.ProjectName.ModuleName.AutomationPractice.TestScript.TestLoginThroughDataProvider.closebrowser(TestLoginThroughDataProvider.java:63)
	at Maven.CompanyName.ProjectName.ModuleName.AutomationPractice.TestScript.TestLoginThroughDataProvider.closebrowser(TestLoginThroughDataProvider.java:63)
	at Maven.CompanyName.ProjectName.ModuleName.AutomationPractice.TestScript.TestLoginThroughDataProvider.closebrowser(TestLoginThroughDataProvider.java:63)
	at Maven.CompanyName.ProjectName.ModuleName.AutomationPractice.TestScript.TestLoginThroughDataProvider.closebrowser(TestLoginThroughDataProvider.java:63)
	at Maven.CompanyName.ProjectName.ModuleName.AutomationPractice.TestScript.TestLoginThroughDataProvider.closebrowser(TestLoginThroughDataProvider.java:63)
	at Maven.CompanyName.ProjectName.ModuleName.AutomationPractice.TestScript.TestLoginThroughDataProvider.closebrowser(TestLoginThroughDataProvider.java:63)
	at Maven.CompanyName.ProjectName.ModuleName.AutomationPractice.TestScript.TestLoginThroughDataProvider.closebrowser(TestLoginThroughDataProvider.java:63)
	at Maven.CompanyName.ProjectName.ModuleName.AutomationPractice.TestScript.TestLoginThroughDataProvider.closebrowser(TestLoginThroughDataProvider.java:63)
	at Maven.CompanyName.ProjectName.ModuleName.AutomationPractice.TestScript.TestLoginThroughDataProvider.closebrowser(TestLoginThroughDataProvider.java:63)
	at Maven.CompanyName.ProjectName.ModuleName.AutomationPractice.TestScript.TestLoginThroughDataProvider.closebrowser(TestLoginThroughDataProvider.java:63)
	at Maven.CompanyName.ProjectName.ModuleName.AutomationPractice.TestScript.TestLoginThroughDataProvider.closebrowser(TestLoginThroughDataProvider.java:63)
	at Maven.CompanyName.ProjectName.ModuleName.AutomationPractice.TestScript.TestLoginThroughDataProvider.closebrowser(TestLoginThroughDataProvider.java:63)
	at Maven.CompanyName.ProjectName.ModuleName.AutomationPractice.TestScript.TestLoginThroughDataProvider.closebrowser(TestLoginThroughDataProvider.java:63)
	at Maven.CompanyName.ProjectName.ModuleName.AutomationPractice.TestScript.TestLoginThroughDataProvider.closebrowser(TestLoginThroughDataProvider.java:63)
	at Maven.CompanyName.ProjectName.ModuleName.AutomationPractice.TestScript.TestLoginThroughDataProvider.closebrowser(TestLoginThroughDataProvider.java:63)
	at Maven.CompanyName.ProjectName.ModuleName.AutomationPractice.TestScript.TestLoginThroughDataProvider.closebrowser(TestLoginThroughDataProvider.java:63)
	at Maven.CompanyName.ProjectName.ModuleName.AutomationPractice.TestScript.TestLoginThroughDataProvider.closebrowser(TestLoginThroughDataProvider.java:63)
	at Maven.CompanyName.ProjectName.ModuleName.AutomationPractice.TestScript.TestLoginThroughDataProvider.closebrowser(TestLoginThroughDataProvider.java:63)
	at Maven.CompanyName.ProjectName.ModuleName.AutomationPractice.TestScript.TestLoginThroughDataProvider.closebrowser(TestLoginThroughDataProvider.java:63)
	at Maven.CompanyName.ProjectName.ModuleName.AutomationPractice.TestScript.TestLoginThroughDataProvider.closebrowser(TestLoginThroughDataProvider.java:63)
	at Maven.CompanyName.ProjectName.ModuleName.AutomationPractice.TestScript.TestLoginThroughDataProvider.closebrowser(TestLoginThroughDataProvider.java:63)
	at Maven.CompanyName.ProjectName.ModuleName.AutomationPractice.TestScript.TestLoginThroughDataProvider.closebrowser(TestLoginThroughDataProvider.java:63)
	at Maven.CompanyName.ProjectName.ModuleName.AutomationPractice.TestScript.TestLoginThroughDataProvider.closebrowser(TestLoginThroughDataProvider.java:63)
	at Maven.CompanyName.ProjectName.ModuleName.AutomationPractice.TestScript.TestLoginThroughDataProvider.closebrowser(TestLoginThroughDataProvider.java:63)
	at Maven.CompanyName.ProjectName.ModuleName.AutomationPractice.TestScript.TestLoginThroughDataProvider.closebrowser(TestLoginThroughDataProvider.java:63)
	at Maven.CompanyName.ProjectName.ModuleName.AutomationPractice.TestScript.TestLoginThroughDataProvider.closebrowser(TestLoginThroughDataProvider.java:63)
	at Maven.CompanyName.ProjectName.ModuleName.AutomationPractice.TestScript.TestLoginThroughDataProvider.closebrowser(TestLoginThroughDataProvider.java:63)
	at Maven.CompanyName.ProjectName.ModuleName.AutomationPractice.TestScript.TestLoginThroughDataProvider.closebrowser(TestLoginThroughDataProvider.java:63)
	at Maven.CompanyName.ProjectName.ModuleName.AutomationPractice.TestScript.TestLoginThroughDataProvider.closebrowser(TestLoginThroughDataProvider.java:63)
	at Maven.CompanyName.ProjectName.ModuleName.AutomationPractice.TestScript.TestLoginThroughDataProvider.closebrowser(TestLoginThroughDataProvider.java:63)
	at Maven.CompanyName.ProjectName.ModuleName.AutomationPractice.TestScript.TestLoginThroughDataProvider.closebrowser(TestLoginThroughDataProvider.java:63)
	at Maven.CompanyName.ProjectName.ModuleName.AutomationPractice.TestScript.TestLoginThroughDataProvider.closebrowser(TestLoginThroughDataProvider.java:63)
	at Maven.CompanyName.ProjectName.ModuleName.AutomationPractice.TestScript.TestLoginThroughDataProvider.closebrowser(TestLoginThroughDataProvider.java:63)
	at Maven.CompanyName.ProjectName.ModuleName.AutomationPractice.TestScript.TestLoginThroughDataProvider.closebrowser(TestLoginThroughDataProvider.java:63)
	at Maven.CompanyName.ProjectName.ModuleName.AutomationPractice.TestScript.TestLoginThroughDataProvider.closebrowser(TestLoginThroughDataProvider.java:63)
	at Maven.CompanyName.ProjectName.ModuleName.AutomationPractice.TestScript.TestLoginThroughDataProvider.closebrowser(TestLoginThroughDataProvider.java:63)
	at Maven.CompanyName.ProjectName.ModuleName.AutomationPractice.TestScript.TestLoginThroughDataProvider.closebrowser(TestLoginThroughDataProvider.java:63)
	at Maven.CompanyName.ProjectName.ModuleName.AutomationPractice.TestScript.TestLoginThroughDataProvider.closebrowser(TestLoginThroughDataProvider.java:63)
	at Maven.CompanyName.ProjectName.ModuleName.AutomationPractice.TestScript.TestLoginThroughDataProvider.closebrowser(TestLoginThroughDataProvider.java:63)
	at Maven.CompanyName.ProjectName.ModuleName.AutomationPractice.TestScript.TestLoginThroughDataProvider.closebrowser(TestLoginThroughDataProvider.java:63)
	at Maven.CompanyName.ProjectName.ModuleName.AutomationPractice.TestScript.TestLoginThroughDataProvider.closebrowser(TestLoginThroughDataProvider.java:63)
	at Maven.CompanyName.ProjectName.ModuleName.AutomationPractice.TestScript.TestLoginThroughDataProvider.closebrowser(TestLoginThroughDataProvider.java:63)
	at Maven.CompanyName.ProjectName.ModuleName.AutomationPractice.TestScript.TestLoginThroughDataProvider.closebrowser(TestLoginThroughDataProvider.java:63)
	at Maven.CompanyName.ProjectName.ModuleName.AutomationPractice.TestScript.TestLoginThroughDataProvider.closebrowser(TestLoginThroughDataProvider.java:63)
	at Maven.CompanyName.ProjectName.ModuleName.AutomationPractice.TestScript.TestLoginThroughDataProvider.closebrowser(TestLoginThroughDataProvider.java:63)
	at Maven.CompanyName.ProjectName.ModuleName.AutomationPractice.TestScript.TestLoginThroughDataProvider.closebrowser(TestLoginThroughDataProvider.java:63)
	at Maven.CompanyName.ProjectName.ModuleName.AutomationPractice.TestScript.TestLoginThroughDataProvider.closebrowser(TestLoginThroughDataProvider.java:63)
	at Maven.CompanyName.ProjectName.ModuleName.AutomationPractice.TestScript.TestLoginThroughDataProvider.closebrowser(TestLoginThroughDataProvider.java:63)
	at Maven.CompanyName.ProjectName.ModuleName.AutomationPractice.TestScript.TestLoginThroughDataProvider.closebrowser(TestLoginThroughDataProvider.java:63)
	at Maven.CompanyName.ProjectName.ModuleName.AutomationPractice.TestScript.TestLoginThroughDataProvider.closebrowser(TestLoginThroughDataProvider.java:63)
	at Maven.CompanyName.ProjectName.ModuleName.AutomationPractice.TestScript.TestLoginThroughDataProvider.closebrowser(TestLoginThroughDataProvider.java:63)
	at Maven.CompanyName.ProjectName.ModuleName.AutomationPractice.TestScript.TestLoginThroughDataProvider.closebrowser(TestLoginThroughDataProvider.java:63)
	at Maven.CompanyName.ProjectName.ModuleName.AutomationPractice.TestScript.TestLoginThroughDataProvider.closebrowser(TestLoginThroughDataProvider.java:63)
	at Maven.CompanyName.ProjectName.ModuleName.AutomationPractice.TestScript.TestLoginThroughDataProvider.closebrowser(TestLoginThroughDataProvider.java:63)
	at Maven.CompanyName.ProjectName.ModuleName.AutomationPractice.TestScript.TestLoginThroughDataProvider.closebrowser(TestLoginThroughDataProvider.java:63)
	at Maven.CompanyName.ProjectName.ModuleName.AutomationPractice.TestScript.TestLoginThroughDataProvider.closebrowser(TestLoginThroughDataProvider.java:63)
	at Maven.CompanyName.ProjectName.ModuleName.AutomationPractice.TestScript.TestLoginThroughDataProvider.closebrowser(TestLoginThroughDataProvider.java:63)
	at Maven.CompanyName.ProjectName.ModuleName.AutomationPractice.TestScript.TestLoginThroughDataProvider.closebrowser(TestLoginThroughDataProvider.java:63)
	at Maven.CompanyName.ProjectName.ModuleName.AutomationPractice.TestScript.TestLoginThroughDataProvider.closebrowser(TestLoginThroughDataProvider.java:63)
	at Maven.CompanyName.ProjectName.ModuleName.AutomationPractice.TestScript.TestLoginThroughDataProvider.closebrowser(TestLoginThroughDataProvider.java:63)
	at Maven.CompanyName.ProjectName.ModuleName.AutomationPractice.TestScript.TestLoginThroughDataProvider.closebrowser(TestLoginThroughDataProvider.java:63)
	at Maven.CompanyName.ProjectName.ModuleName.AutomationPractice.TestScript.TestLoginThroughDataProvider.closebrowser(TestLoginThroughDataProvider.java:63)
	at Maven.CompanyName.ProjectName.ModuleName.AutomationPractice.TestScript.TestLoginThroughDataProvider.closebrowser(TestLoginThroughDataProvider.java:63)
	at Maven.CompanyName.ProjectName.ModuleName.AutomationPractice.TestScript.TestLoginThroughDataProvider.closebrowser(TestLoginThroughDataProvider.java:63)
	at Maven.CompanyName.ProjectName.ModuleName.AutomationPractice.TestScript.TestLoginThroughDataProvider.closebrowser(TestLoginThroughDataProvider.java:63)
	at Maven.CompanyName.ProjectName.ModuleName.AutomationPractice.TestScript.TestLoginThroughDataProvider.closebrowser(TestLoginThroughDataProvider.java:63)
	at Maven.CompanyName.ProjectName.ModuleName.AutomationPractice.TestScript.TestLoginThroughDataProvider.closebrowser(TestLoginThroughDataProvider.java:63)
	at Maven.CompanyName.ProjectName.ModuleName.AutomationPractice.TestScript.TestLoginThroughDataProvider.closebrowser(TestLoginThroughDataProvider.java:63)
	at Maven.CompanyName.ProjectName.ModuleName.AutomationPractice.TestScript.TestLoginThroughDataProvider.closebrowser(TestLoginThroughDataProvider.java:63)
	at Maven.CompanyName.ProjectName.ModuleName.AutomationPractice.TestScript.TestLoginThroughDataProvider.closebrowser(TestLoginThroughDataProvider.java:63)
	at Maven.CompanyName.ProjectName.ModuleName.AutomationPractice.TestScript.TestLoginThroughDataProvider.closebrowser(TestLoginThroughDataProvider.java:63)
	at Maven.CompanyName.ProjectName.ModuleName.AutomationPractice.TestScript.TestLoginThroughDataProvider.closebrowser(TestLoginThroughDataProvider.java:63)
	at Maven.CompanyName.ProjectName.ModuleName.AutomationPractice.TestScript.TestLoginThroughDataProvider.closebrowser(TestLoginThroughDataProvider.java:63)
	at Maven.CompanyName.ProjectName.ModuleName.AutomationPractice.TestScript.TestLoginThroughDataProvider.closebrowser(TestLoginThroughDataProvider.java:63)
	at Maven.CompanyName.ProjectName.ModuleName.AutomationPractice.TestScript.TestLoginThroughDataProvider.closebrowser(TestLoginThroughDataProvider.java:63)
	at Maven.CompanyName.ProjectName.ModuleName.AutomationPractice.TestScript.TestLoginThroughDataProvider.closebrowser(TestLoginThroughDataProvider.java:63)
	at Maven.CompanyName.ProjectName.ModuleName.AutomationPractice.TestScript.TestLoginThroughDataProvider.closebrowser(TestLoginThroughDataProvider.java:63)
	at Maven.CompanyName.ProjectName.ModuleName.AutomationPractice.TestScript.TestLoginThroughDataProvider.closebrowser(TestLoginThroughDataProvider.java:63)
	at Maven.CompanyName.ProjectName.ModuleName.AutomationPractice.TestScript.TestLoginThroughDataProvider.closebrowser(TestLoginThroughDataProvider.java:63)
	at Maven.CompanyName.ProjectName.ModuleName.AutomationPractice.TestScript.TestLoginThroughDataProvider.closebrowser(TestLoginThroughDataProvider.java:63)
	at Maven.CompanyName.ProjectName.ModuleName.AutomationPractice.TestScript.TestLoginThroughDataProvider.closebrowser(TestLoginThroughDataProvider.java:63)
	at Maven.CompanyName.ProjectName.ModuleName.AutomationPractice.TestScript.TestLoginThroughDataProvider.closebrowser(TestLoginThroughDataProvider.java:63)
	at Maven.CompanyName.ProjectName.ModuleName.AutomationPractice.TestScript.TestLoginThroughDataProvider.closebrowser(TestLoginThroughDataProvider.java:63)
	at Maven.CompanyName.ProjectName.ModuleName.AutomationPractice.TestScript.TestLoginThroughDataProvider.closebrowser(TestLoginThroughDataProvider.java:63)
	at Maven.CompanyName.ProjectName.ModuleName.AutomationPractice.TestScript.TestLoginThroughDataProvider.closebrowser(TestLoginThroughDataProvider.java:63)
	at Maven.CompanyName.ProjectName.ModuleName.AutomationPractice.TestScript.TestLoginThroughDataProvider.closebrowser(TestLoginThroughDataProvider.java:63)
	at Maven.CompanyName.ProjectName.ModuleName.AutomationPractice.TestScript.TestLoginThroughDataProvider.closebrowser(TestLoginThroughDataProvider.java:63)
	at Maven.CompanyName.ProjectName.ModuleName.AutomationPractice.TestScript.TestLoginThroughDataProvider.closebrowser(TestLoginThroughDataProvider.java:63)
	at Maven.CompanyName.ProjectName.ModuleName.AutomationPractice.TestScript.TestLoginThroughDataProvider.closebrowser(TestLoginThroughDataProvider.java:63)
	at Maven.CompanyName.ProjectName.ModuleName.AutomationPractice.TestScript.TestLoginThroughDataProvider.closebrowser(TestLoginThroughDataProvider.java:63)
[...]
	at Maven.CompanyName.ProjectName.ModuleName.AutomationPractice.TestScript.TestLoginThroughDataProvider.closebrowser(TestLoginThroughDataProvider.java:63)
	at Maven.CompanyName.ProjectName.ModuleName.AutomationPractice.TestScript.TestLoginThroughDataProvider.closebrowser(TestLoginThroughDataProvider.java:63)
	at Maven.CompanyName.ProjectName.ModuleName.AutomationPractice.TestScript.TestLoginThroughDataProvider.closebrowser(TestLoginThroughDataProvider.java:63)
	at Maven.CompanyName.ProjectName.ModuleName.AutomationPractice.TestScript.TestLoginThroughDataProvider.closebrowser(TestLoginThroughDataProvider.java:63)
	at Maven.CompanyName.ProjectName.ModuleName.AutomationPractice.TestScript.TestLoginThroughDataProvider.closebrowser(TestLoginThroughDataProvider.java:63)
	at Maven.CompanyName.ProjectName.ModuleName.AutomationPractice.TestScript.TestLoginThroughDataProvider.closebrowser(TestLoginThroughDataProvider.java:63)
	at Maven.CompanyName.ProjectName.ModuleName.AutomationPractice.TestScript.TestLoginThroughDataProvider.closebrowser(TestLoginThroughDataProvider.java:63)
	at Maven.CompanyName.ProjectName.ModuleName.AutomationPractice.TestScript.TestLoginThroughDataProvider.closebrowser(TestLoginThroughDataProvider.java:63)
	at Maven.CompanyName.ProjectName.ModuleName.AutomationPractice.TestScript.TestLoginThroughDataProvider.closebrowser(TestLoginThroughDataProvider.java:63)
	at Maven.CompanyName.ProjectName.ModuleName.AutomationPractice.TestScript.TestLoginThroughDataProvider.closebrowser(TestLoginThroughDataProvider.java:63)
	at Maven.CompanyName.ProjectName.ModuleName.AutomationPractice.TestScript.TestLoginThroughDataProvider.closebrowser(TestLoginThroughDataProvider.java:63)
	at Maven.CompanyName.ProjectName.ModuleName.AutomationPractice.TestScript.TestLoginThroughDataProvider.closebrowser(TestLoginThroughDataProvider.java:63)
	at Maven.CompanyName.ProjectName.ModuleName.AutomationPractice.TestScript.TestLoginThroughDataProvider.closebrowser(TestLoginThroughDataProvider.java:63)
	at Maven.CompanyName.ProjectName.ModuleName.AutomationPractice.TestScript.TestLoginThroughDataProvider.closebrowser(TestLoginThroughDataProvider.java:63)
	at Maven.CompanyName.ProjectName.ModuleName.AutomationPractice.TestScript.TestLoginThroughDataProvider.closebrowser(TestLoginThroughDataProvider.java:63)
	at Maven.CompanyName.ProjectName.ModuleName.AutomationPractice.TestScript.TestLoginThroughDataProvider.closebrowser(TestLoginThroughDataProvider.java:63)
	at Maven.CompanyName.ProjectName.ModuleName.AutomationPractice.TestScript.TestLoginThroughDataProvider.closebrowser(TestLoginThroughDataProvider.java:63)
	at Maven.CompanyName.ProjectName.ModuleName.AutomationPractice.TestScript.TestLoginThroughDataProvider.closebrowser(TestLoginThroughDataProvider.java:63)
	at Maven.CompanyName.ProjectName.ModuleName.AutomationPractice.TestScript.TestLoginThroughDataProvider.closebrowser(TestLoginThroughDataProvider.java:63)
	at Maven.CompanyName.ProjectName.ModuleName.AutomationPractice.TestScript.TestLoginThroughDataProvider.closebrowser(TestLoginThroughDataProvider.java:63)
	at Maven.CompanyName.ProjectName.ModuleName.AutomationPractice.TestScript.TestLoginThroughDataProvider.closebrowser(TestLoginThroughDataProvider.java:63)
	at Maven.CompanyName.ProjectName.ModuleName.AutomationPractice.TestScript.TestLoginThroughDataProvider.closebrowser(TestLoginThroughDataProvider.java:63)
	at Maven.CompanyName.ProjectName.ModuleName.AutomationPractice.TestScript.TestLoginThroughDataProvider.closebrowser(TestLoginThroughDataProvider.java:63)
	at Maven.CompanyName.ProjectName.ModuleName.AutomationPractice.TestScript.TestLoginThroughDataProvider.closebrowser(TestLoginThroughDataProvider.java:63)
	at Maven.CompanyName.ProjectName.ModuleName.AutomationPractice.TestScript.TestLoginThroughDataProvider.closebrowser(TestLoginThroughDataProvider.java:63)
	at Maven.CompanyName.ProjectName.ModuleName.AutomationPractice.TestScript.TestLoginThroughDataProvider.closebrowser(TestLoginThroughDataProvider.java:63)
	at Maven.CompanyName.ProjectName.ModuleName.AutomationPractice.TestScript.TestLoginThroughDataProvider.closebrowser(TestLoginThroughDataProvider.java:63)
	at Maven.CompanyName.ProjectName.ModuleName.AutomationPractice.TestScript.TestLoginThroughDataProvider.closebrowser(TestLoginThroughDataProvider.java:63)
	at Maven.CompanyName.ProjectName.ModuleName.AutomationPractice.TestScript.TestLoginThroughDataProvider.closebrowser(TestLoginThroughDataProvider.java:63)
	at Maven.CompanyName.ProjectName.ModuleName.AutomationPractice.TestScript.TestLoginThroughDataProvider.closebrowser(TestLoginThroughDataProvider.java:63)
	at Maven.CompanyName.ProjectName.ModuleName.AutomationPractice.TestScript.TestLoginThroughDataProvider.closebrowser(TestLoginThroughDataProvider.java:63)
	at Maven.CompanyName.ProjectName.ModuleName.AutomationPractice.TestScript.TestLoginThroughDataProvider.closebrowser(TestLoginThroughDataProvider.java:63)
	at Maven.CompanyName.ProjectName.ModuleName.AutomationPractice.TestScript.TestLoginThroughDataProvider.closebrowser(TestLoginThroughDataProvider.java:63)
	at Maven.CompanyName.ProjectName.ModuleName.AutomationPractice.TestScript.TestLoginThroughDataProvider.closebrowser(TestLoginThroughDataProvider.java:63)
	at Maven.CompanyName.ProjectName.ModuleName.AutomationPractice.TestScript.TestLoginThroughDataProvider.closebrowser(TestLoginThroughDataProvider.java:63)
	at Maven.CompanyName.ProjectName.ModuleName.AutomationPractice.TestScript.TestLoginThroughDataProvider.closebrowser(TestLoginThroughDataProvider.java:63)
	at Maven.CompanyName.ProjectName.ModuleName.AutomationPractice.TestScript.TestLoginThroughDataProvider.closebrowser(TestLoginThroughDataProvider.java:63)
	at Maven.CompanyName.ProjectName.ModuleName.AutomationPractice.TestScript.TestLoginThroughDataProvider.closebrowser(TestLoginThroughDataProvider.java:63)
	at Maven.CompanyName.ProjectName.ModuleName.AutomationPractice.TestScript.TestLoginThroughDataProvider.closebrowser(TestLoginThroughDataProvider.java:63)
	at Maven.CompanyName.ProjectName.ModuleName.AutomationPractice.TestScript.TestLoginThroughDataProvider.closebrowser(TestLoginThroughDataProvider.java:63)
	at Maven.CompanyName.ProjectName.ModuleName.AutomationPractice.TestScript.TestLoginThroughDataProvider.closebrowser(TestLoginThroughDataProvider.java:63)
	at Maven.CompanyName.ProjectName.ModuleName.AutomationPractice.TestScript.TestLoginThroughDataProvider.closebrowser(TestLoginThroughDataProvider.java:63)
	at Maven.CompanyName.ProjectName.ModuleName.AutomationPractice.TestScript.TestLoginThroughDataProvider.closebrowser(TestLoginThroughDataProvider.java:63)
	at Maven.CompanyName.ProjectName.ModuleName.AutomationPractice.TestScript.TestLoginThroughDataProvider.closebrowser(TestLoginThroughDataProvider.java:63)
	at Maven.CompanyName.ProjectName.ModuleName.AutomationPractice.TestScript.TestLoginThroughDataProvider.closebrowser(TestLoginThroughDataProvider.java:63)
	at Maven.CompanyName.ProjectName.ModuleName.AutomationPractice.TestScript.TestLoginThroughDataProvider.closebrowser(TestLoginThroughDataProvider.java:63)
	at Maven.CompanyName.ProjectName.ModuleName.AutomationPractice.TestScript.TestLoginThroughDataProvider.closebrowser(TestLoginThroughDataProvider.java:63)
	at Maven.CompanyName.ProjectName.ModuleName.AutomationPractice.TestScript.TestLoginThroughDataProvider.closebrowser(TestLoginThroughDataProvider.java:63)
	at Maven.CompanyName.ProjectName.ModuleName.AutomationPractice.TestScript.TestLoginThroughDataProvider.closebrowser(TestLoginThroughDataProvider.java:63)
	at Maven.CompanyName.ProjectName.ModuleName.AutomationPractice.TestScript.TestLoginThroughDataProvider.closebrowser(TestLoginThroughDataProvider.java:63)
	at Maven.CompanyName.ProjectName.ModuleName.AutomationPractice.TestScript.TestLoginThroughDataProvider.closebrowser(TestLoginThroughDataProvider.java:63)
	at Maven.CompanyName.ProjectName.ModuleName.AutomationPractice.TestScript.TestLoginThroughDataProvider.closebrowser(TestLoginThroughDataProvider.java:63)
	at Maven.CompanyName.ProjectName.ModuleName.AutomationPractice.TestScript.TestLoginThroughDataProvider.closebrowser(TestLoginThroughDataProvider.java:63)
	at Maven.CompanyName.ProjectName.ModuleName.AutomationPractice.TestScript.TestLoginThroughDataProvider.closebrowser(TestLoginThroughDataProvider.java:63)
	at Maven.CompanyName.ProjectName.ModuleName.AutomationPractice.TestScript.TestLoginThroughDataProvider.closebrowser(TestLoginThroughDataProvider.java:63)
	at Maven.CompanyName.ProjectName.ModuleName.AutomationPractice.TestScript.TestLoginThroughDataProvider.closebrowser(TestLoginThroughDataProvider.java:63)
	at Maven.CompanyName.ProjectName.ModuleName.AutomationPractice.TestScript.TestLoginThroughDataProvider.closebrowser(TestLoginThroughDataProvider.java:63)
	at Maven.CompanyName.ProjectName.ModuleName.AutomationPractice.TestScript.TestLoginThroughDataProvider.closebrowser(TestLoginThroughDataProvider.java:63)
	at Maven.CompanyName.ProjectName.ModuleName.AutomationPractice.TestScript.TestLoginThroughDataProvider.closebrowser(TestLoginThroughDataProvider.java:63)
	at Maven.CompanyName.ProjectName.ModuleName.AutomationPractice.TestScript.TestLoginThroughDataProvider.closebrowser(TestLoginThroughDataProvider.java:63)
	at Maven.CompanyName.ProjectName.ModuleName.AutomationPractice.TestScript.TestLoginThroughDataProvider.closebrowser(TestLoginThroughDataProvider.java:63)
	at Maven.CompanyName.ProjectName.ModuleName.AutomationPractice.TestScript.TestLoginThroughDataProvider.closebrowser(TestLoginThroughDataProvider.java:63)
	at Maven.CompanyName.ProjectName.ModuleName.AutomationPractice.TestScript.TestLoginThroughDataProvider.closebrowser(TestLoginThroughDataProvider.java:63)
	at Maven.CompanyName.ProjectName.ModuleName.AutomationPractice.TestScript.TestLoginThroughDataProvider.closebrowser(TestLoginThroughDataProvider.java:63)
	at Maven.CompanyName.ProjectName.ModuleName.AutomationPractice.TestScript.TestLoginThroughDataProvider.closebrowser(TestLoginThroughDataProvider.java:63)
	at Maven.CompanyName.ProjectName.ModuleName.AutomationPractice.TestScript.TestLoginThroughDataProvider.closebrowser(TestLoginThroughDataProvider.java:63)
	at Maven.CompanyName.ProjectName.ModuleName.AutomationPractice.TestScript.TestLoginThroughDataProvider.closebrowser(TestLoginThroughDataProvider.java:63)
	at Maven.CompanyName.ProjectName.ModuleName.AutomationPractice.TestScript.TestLoginThroughDataProvider.closebrowser(TestLoginThroughDataProvider.java:63)
	at Maven.CompanyName.ProjectName.ModuleName.AutomationPractice.TestScript.TestLoginThroughDataProvider.closebrowser(TestLoginThroughDataProvider.java:63)
	at Maven.CompanyName.ProjectName.ModuleName.AutomationPractice.TestScript.TestLoginThroughDataProvider.closebrowser(TestLoginThroughDataProvider.java:63)
	at Maven.CompanyName.ProjectName.ModuleName.AutomationPractice.TestScript.TestLoginThroughDataProvider.closebrowser(TestLoginThroughDataProvider.java:63)
	at Maven.CompanyName.ProjectName.ModuleName.AutomationPractice.TestScript.TestLoginThroughDataProvider.closebrowser(TestLoginThroughDataProvider.java:63)
	at Maven.CompanyName.ProjectName.ModuleName.AutomationPractice.TestScript.TestLoginThroughDataProvider.closebrowser(TestLoginThroughDataProvider.java:63)
	at Maven.CompanyName.ProjectName.ModuleName.AutomationPractice.TestScript.TestLoginThroughDataProvider.closebrowser(TestLoginThroughDataProvider.java:63)
	at Maven.CompanyName.ProjectName.ModuleName.AutomationPractice.TestScript.TestLoginThroughDataProvider.closebrowser(TestLoginThroughDataProvider.java:63)
	at Maven.CompanyName.ProjectName.ModuleName.AutomationPractice.TestScript.TestLoginThroughDataProvider.closebrowser(TestLoginThroughDataProvider.java:63)
	at Maven.CompanyName.ProjectName.ModuleName.AutomationPractice.TestScript.TestLoginThroughDataProvider.closebrowser(TestLoginThroughDataProvider.java:63)
	at Maven.CompanyName.ProjectName.ModuleName.AutomationPractice.TestScript.TestLoginThroughDataProvider.closebrowser(TestLoginThroughDataProvider.java:63)
	at Maven.CompanyName.ProjectName.ModuleName.AutomationPractice.TestScript.TestLoginThroughDataProvider.closebrowser(TestLoginThroughDataProvider.java:63)
	at Maven.CompanyName.ProjectName.ModuleName.AutomationPractice.TestScript.TestLoginThroughDataProvider.closebrowser(TestLoginThroughDataProvider.java:63)
	at Maven.CompanyName.ProjectName.ModuleName.AutomationPractice.TestScript.TestLoginThroughDataProvider.closebrowser(TestLoginThroughDataProvider.java:63)
	at Maven.CompanyName.ProjectName.ModuleName.AutomationPractice.TestScript.TestLoginThroughDataProvider.closebrowser(TestLoginThroughDataProvider.java:63)
	at Maven.CompanyName.ProjectName.ModuleName.AutomationPractice.TestScript.TestLoginThroughDataProvider.closebrowser(TestLoginThroughDataProvider.java:63)
	at Maven.CompanyName.ProjectName.ModuleName.AutomationPractice.TestScript.TestLoginThroughDataProvider.closebrowser(TestLoginThroughDataProvider.java:63)
	at Maven.CompanyName.ProjectName.ModuleName.AutomationPractice.TestScript.TestLoginThroughDataProvider.closebrowser(TestLoginThroughDataProvider.java:63)
	at Maven.CompanyName.ProjectName.ModuleName.AutomationPractice.TestScript.TestLoginThroughDataProvider.closebrowser(TestLoginThroughDataProvider.java:63)
	at Maven.CompanyName.ProjectName.ModuleName.AutomationPractice.TestScript.TestLoginThroughDataProvider.closebrowser(TestLoginThroughDataProvider.java:63)
	at Maven.CompanyName.ProjectName.ModuleName.AutomationPractice.TestScript.TestLoginThroughDataProvider.closebrowser(TestLoginThroughDataProvider.java:63)
	at Maven.CompanyName.ProjectName.ModuleName.AutomationPractice.TestScript.TestLoginThroughDataProvider.closebrowser(TestLoginThroughDataProvider.java:63)
	at Maven.CompanyName.ProjectName.ModuleName.AutomationPractice.TestScript.TestLoginThroughDataProvider.closebrowser(TestLoginThroughDataProvider.java:63)
	at Maven.CompanyName.ProjectName.ModuleName.AutomationPractice.TestScript.TestLoginThroughDataProvider.closebrowser(TestLoginThroughDataProvider.java:63)
	at Maven.CompanyName.ProjectName.ModuleName.AutomationPractice.TestScript.TestLoginThroughDataProvider.closebrowser(TestLoginThroughDataProvider.java:63)
	at Maven.CompanyName.ProjectName.ModuleName.AutomationPractice.TestScript.TestLoginThroughDataProvider.closebrowser(TestLoginThroughDataProvider.java:63)
	at Maven.CompanyName.ProjectName.ModuleName.AutomationPractice.TestScript.TestLoginThroughDataProvider.closebrowser(TestLoginThroughDataProvider.java:63)
	at Maven.CompanyName.ProjectName.ModuleName.AutomationPractice.TestScript.TestLoginThroughDataProvider.closebrowser(TestLoginThroughDataProvider.java:63)
	at Maven.CompanyName.ProjectName.ModuleName.AutomationPractice.TestScript.TestLoginThroughDataProvider.closebrowser(TestLoginThroughDataProvider.java:63)
	at Maven.CompanyName.ProjectName.ModuleName.AutomationPractice.TestScript.TestLoginThroughDataProvider.closebrowser(TestLoginThroughDataProvider.java:63)
	at Maven.CompanyName.ProjectName.ModuleName.AutomationPractice.TestScript.TestLoginThroughDataProvider.closebrowser(TestLoginThroughDataProvider.java:63)
	at Maven.CompanyName.ProjectName.ModuleName.AutomationPractice.TestScript.TestLoginThroughDataProvider.closebrowser(TestLoginThroughDataProvider.java:63)
	at Maven.CompanyName.ProjectName.ModuleName.AutomationPractice.TestScript.TestLoginThroughDataProvider.closebrowser(TestLoginThroughDataProvider.java:63)
	at Maven.CompanyName.ProjectName.ModuleName.AutomationPractice.TestScript.TestLoginThroughDataProvider.closebrowser(TestLoginThroughDataProvider.java:63)
	at Maven.CompanyName.ProjectName.ModuleName.AutomationPractice.TestScript.TestLoginThroughDataProvider.closebrowser(TestLoginThroughDataProvider.java:63)
	at Maven.CompanyName.ProjectName.ModuleName.AutomationPractice.TestScript.TestLoginThroughDataProvider.closebrowser(TestLoginThroughDataProvider.java:63)
	at Maven.CompanyName.ProjectName.ModuleName.AutomationPractice.TestScript.TestLoginThroughDataProvider.closebrowser(TestLoginThroughDataProvider.java:63)
	at Maven.CompanyName.ProjectName.ModuleName.AutomationPractice.TestScript.TestLoginThroughDataProvider.closebrowser(TestLoginThroughDataProvider.java:63)
	at Maven.CompanyName.ProjectName.ModuleName.AutomationPractice.TestScript.TestLoginThroughDataProvider.closebrowser(TestLoginThroughDataProvider.java:63)
	at Maven.CompanyName.ProjectName.ModuleName.AutomationPractice.TestScript.TestLoginThroughDataProvider.closebrowser(TestLoginThroughDataProvider.java:63)
	at Maven.CompanyName.ProjectName.ModuleName.AutomationPractice.TestScript.TestLoginThroughDataProvider.closebrowser(TestLoginThroughDataProvider.java:63)
	at Maven.CompanyName.ProjectName.ModuleName.AutomationPractice.TestScript.TestLoginThroughDataProvider.closebrowser(TestLoginThroughDataProvider.java:63)
	at Maven.CompanyName.ProjectName.ModuleName.AutomationPractice.TestScript.TestLoginThroughDataProvider.closebrowser(TestLoginThroughDataProvider.java:63)
	at Maven.CompanyName.ProjectName.ModuleName.AutomationPractice.TestScript.TestLoginThroughDataProvider.closebrowser(TestLoginThroughDataProvider.java:63)
	at Maven.CompanyName.ProjectName.ModuleName.AutomationPractice.TestScript.TestLoginThroughDataProvider.closebrowser(TestLoginThroughDataProvider.java:63)
	at Maven.CompanyName.ProjectName.ModuleName.AutomationPractice.TestScript.TestLoginThroughDataProvider.closebrowser(TestLoginThroughDataProvider.java:63)
	at Maven.CompanyName.ProjectName.ModuleName.AutomationPractice.TestScript.TestLoginThroughDataProvider.closebrowser(TestLoginThroughDataProvider.java:63)
	at Maven.CompanyName.ProjectName.ModuleName.AutomationPractice.TestScript.TestLoginThroughDataProvider.closebrowser(TestLoginThroughDataProvider.java:63)
	at Maven.CompanyName.ProjectName.ModuleName.AutomationPractice.TestScript.TestLoginThroughDataProvider.closebrowser(TestLoginThroughDataProvider.java:63)
	at Maven.CompanyName.ProjectName.ModuleName.AutomationPractice.TestScript.TestLoginThroughDataProvider.closebrowser(TestLoginThroughDataProvider.java:63)
	at Maven.CompanyName.ProjectName.ModuleName.AutomationPractice.TestScript.TestLoginThroughDataProvider.closebrowser(TestLoginThroughDataProvider.java:63)
	at Maven.CompanyName.ProjectName.ModuleName.AutomationPractice.TestScript.TestLoginThroughDataProvider.closebrowser(TestLoginThroughDataProvider.java:63)
	at Maven.CompanyName.ProjectName.ModuleName.AutomationPractice.TestScript.TestLoginThroughDataProvider.closebrowser(TestLoginThroughDataProvider.java:63)
	at Maven.CompanyName.ProjectName.ModuleName.AutomationPractice.TestScript.TestLoginThroughDataProvider.closebrowser(TestLoginThroughDataProvider.java:63)
	at Maven.CompanyName.ProjectName.ModuleName.AutomationPractice.TestScript.TestLoginThroughDataProvider.closebrowser(TestLoginThroughDataProvider.java:63)
	at Maven.CompanyName.ProjectName.ModuleName.AutomationPractice.TestScript.TestLoginThroughDataProvider.closebrowser(TestLoginThroughDataProvider.java:63)
	at Maven.CompanyName.ProjectName.ModuleName.AutomationPractice.TestScript.TestLoginThroughDataProvider.closebrowser(TestLoginThroughDataProvider.java:63)
	at Maven.CompanyName.ProjectName.ModuleName.AutomationPractice.TestScript.TestLoginThroughDataProvider.closebrowser(TestLoginThroughDataProvider.java:63)
	at Maven.CompanyName.ProjectName.ModuleName.AutomationPractice.TestScript.TestLoginThroughDataProvider.closebrowser(TestLoginThroughDataProvider.java:63)
	at Maven.CompanyName.ProjectName.ModuleName.AutomationPractice.TestScript.TestLoginThroughDataProvider.closebrowser(TestLoginThroughDataProvider.java:63)
]]>
    </error>
  </testcase> <!-- closebrowser -->
</testsuite> <!-- Maven.CompanyName.ProjectName.ModuleName.AutomationPractice.TestScript.TestLoginThroughDataProvider -->
