<?xml version="1.0" encoding="UTF-8"?>
<testng-results skipped="1" failed="0" ignored="0" total="1" passed="0">
  <reporter-output>
  </reporter-output>
  <suite name="Default suite" duration-ms="21106" started-at="2018-06-09T15:53:57Z" finished-at="2018-06-09T15:54:18Z">
    <groups>
    </groups>
    <test name="Default test" duration-ms="21106" started-at="2018-06-09T15:53:57Z" finished-at="2018-06-09T15:54:18Z">
      <class name="Maven.CompanyName.ProjectName.ModuleName.AutomationPractice.TestScript.TestLoginThroughDataProvider">
        <test-method status="PASS" signature="setUP()[pri:0, instance:Maven.CompanyName.ProjectName.ModuleName.AutomationPractice.TestScript.TestLoginThroughDataProvider@194d431]" name="setUP" is-config="true" duration-ms="21014" started-at="2018-06-09T21:23:57Z" finished-at="2018-06-09T21:24:18Z">
          <reporter-output>
          </reporter-output>
        </test-method> <!-- setUP -->
        <test-method status="SKIP" signature="TestLoginWithDataProvider(java.lang.String, java.lang.String, java.lang.String, java.lang.String)[pri:0, instance:Maven.CompanyName.ProjectName.ModuleName.AutomationPractice.TestScript.TestLoginThroughDataProvider@194d431]" name="TestLoginWithDataProvider" duration-ms="0" started-at="2018-06-09T21:24:18Z" data-provider="loginData" finished-at="2018-06-09T21:24:18Z">
          <exception class="java.lang.RuntimeException">
            <message>
              <![CDATA[java.lang.NegativeArraySizeException]]>
            </message>
            <full-stacktrace>
              <![CDATA[java.lang.RuntimeException: java.lang.NegativeArraySizeException
	at org.testng.internal.MethodInvocationHelper.invokeMethodNoCheckedException(MethodInvocationHelper.java:49)
	at org.testng.internal.MethodInvocationHelper.invokeDataProvider(MethodInvocationHelper.java:115)
	at org.testng.internal.Parameters.handleParameters(Parameters.java:612)
	at org.testng.internal.Invoker.handleParameters(Invoker.java:1316)
	at org.testng.internal.Invoker.createParameters(Invoker.java:1044)
	at org.testng.internal.Invoker.invokeTestMethods(Invoker.java:1134)
	at org.testng.internal.TestMethodWorker.invokeTestMethods(TestMethodWorker.java:125)
	at org.testng.internal.TestMethodWorker.run(TestMethodWorker.java:109)
	at org.testng.TestRunner.privateRun(TestRunner.java:776)
	at org.testng.TestRunner.run(TestRunner.java:634)
	at org.testng.SuiteRunner.runTest(SuiteRunner.java:425)
	at org.testng.SuiteRunner.runSequentially(SuiteRunner.java:420)
	at org.testng.SuiteRunner.privateRun(SuiteRunner.java:385)
	at org.testng.SuiteRunner.run(SuiteRunner.java:334)
	at org.testng.SuiteRunnerWorker.runSuite(SuiteRunnerWorker.java:52)
	at org.testng.SuiteRunnerWorker.run(SuiteRunnerWorker.java:86)
	at org.testng.TestNG.runSuitesSequentially(TestNG.java:1318)
	at org.testng.TestNG.runSuitesLocally(TestNG.java:1243)
	at org.testng.TestNG.runSuites(TestNG.java:1161)
	at org.testng.TestNG.run(TestNG.java:1129)
	at org.testng.remote.AbstractRemoteTestNG.run(AbstractRemoteTestNG.java:114)
	at org.testng.remote.RemoteTestNG.initAndRun(RemoteTestNG.java:251)
	at org.testng.remote.RemoteTestNG.main(RemoteTestNG.java:77)
Caused by: java.lang.NegativeArraySizeException
	at Maven.CompanyName.ProjectName.ModuleName.AutomationPractice.TestScript.TestLoginThroughDataProvider.getData(TestLoginThroughDataProvider.java:33)
	at Maven.CompanyName.ProjectName.ModuleName.AutomationPractice.TestScript.TestLoginThroughDataProvider.loginData(TestLoginThroughDataProvider.java:44)
	at sun.reflect.NativeMethodAccessorImpl.invoke0(Native Method)
	at sun.reflect.NativeMethodAccessorImpl.invoke(Unknown Source)
	at sun.reflect.DelegatingMethodAccessorImpl.invoke(Unknown Source)
	at java.lang.reflect.Method.invoke(Unknown Source)
	at org.testng.internal.MethodInvocationHelper.invokeMethod(MethodInvocationHelper.java:108)
	at org.testng.internal.MethodInvocationHelper.invokeMethod(MethodInvocationHelper.java:55)
	at org.testng.internal.MethodInvocationHelper.invokeMethodNoCheckedException(MethodInvocationHelper.java:45)
	... 22 more
]]>
            </full-stacktrace>
          </exception> <!-- java.lang.RuntimeException -->
          <reporter-output>
          </reporter-output>
        </test-method> <!-- TestLoginWithDataProvider -->
        <test-method status="FAIL" signature="closebrowser()[pri:0, instance:Maven.CompanyName.ProjectName.ModuleName.AutomationPractice.TestScript.TestLoginThroughDataProvider@194d431]" name="closebrowser" is-config="true" duration-ms="3" started-at="2018-06-09T21:24:18Z" finished-at="2018-06-09T21:24:18Z">
          <exception class="java.lang.StackOverflowError">
            <full-stacktrace>
              <![CDATA[java.lang.StackOverflowError
	at Maven.CompanyName.ProjectName.ModuleName.AutomationPractice.TestScript.TestLoginThroughDataProvider.closebrowser(TestLoginThroughDataProvider.java:63)
	at Maven.CompanyName.ProjectName.ModuleName.AutomationPractice.TestScript.TestLoginThroughDataProvider.closebrowser(TestLoginThroughDataProvider.java:63)
	at Maven.CompanyName.ProjectName.ModuleName.AutomationPractice.TestScript.TestLoginThroughDataProvider.closebrowser(TestLoginThroughDataProvider.java:63)
	at Maven.CompanyName.ProjectName.ModuleName.AutomationPractice.TestScript.TestLoginThroughDataProvider.closebrowser(TestLoginThroughDataProvider.java:63)
	at Maven.CompanyName.ProjectName.ModuleName.AutomationPractice.TestScript.TestLoginThroughDataProvider.closebrowser(TestLoginThroughDataProvider.java:63)
	at Maven.CompanyName.ProjectName.ModuleName.AutomationPractice.TestScript.TestLoginThroughDataProvider.closebrowser(TestLoginThroughDataProvider.java:63)
	at Maven.CompanyName.ProjectName.ModuleName.AutomationPractice.TestScript.TestLoginThroughDataProvider.closebrowser(TestLoginThroughDataProvider.java:63)
	at Maven.CompanyName.ProjectName.ModuleName.AutomationPractice.TestScript.TestLoginThroughDataProvider.closebrowser(TestLoginThroughDataProvider.java:63)
	at Maven.CompanyName.ProjectName.ModuleName.AutomationPractice.TestScript.TestLoginThroughDataProvider.closebrowser(TestLoginThroughDataProvider.java:63)
	at Maven.CompanyName.ProjectName.ModuleName.AutomationPractice.TestScript.TestLoginThroughDataProvider.closebrowser(TestLoginThroughDataProvider.java:63)
	at Maven.CompanyName.ProjectName.ModuleName.AutomationPractice.TestScript.TestLoginThroughDataProvider.closebrowser(TestLoginThroughDataProvider.java:63)
	at Maven.CompanyName.ProjectName.ModuleName.AutomationPractice.TestScript.TestLoginThroughDataProvider.closebrowser(TestLoginThroughDataProvider.java:63)
	at Maven.CompanyName.ProjectName.ModuleName.AutomationPractice.TestScript.TestLoginThroughDataProvider.closebrowser(TestLoginThroughDataProvider.java:63)
	at Maven.CompanyName.ProjectName.ModuleName.AutomationPractice.TestScript.TestLoginThroughDataProvider.closebrowser(TestLoginThroughDataProvider.java:63)
	at Maven.CompanyName.ProjectName.ModuleName.AutomationPractice.TestScript.TestLoginThroughDataProvider.closebrowser(TestLoginThroughDataProvider.java:63)
	at Maven.CompanyName.ProjectName.ModuleName.AutomationPractice.TestScript.TestLoginThroughDataProvider.closebrowser(TestLoginThroughDataProvider.java:63)
	at Maven.CompanyName.ProjectName.ModuleName.AutomationPractice.TestScript.TestLoginThroughDataProvider.closebrowser(TestLoginThroughDataProvider.java:63)
	at Maven.CompanyName.ProjectName.ModuleName.AutomationPractice.TestScript.TestLoginThroughDataProvider.closebrowser(TestLoginThroughDataProvider.java:63)
	at Maven.CompanyName.ProjectName.ModuleName.AutomationPractice.TestScript.TestLoginThroughDataProvider.closebrowser(TestLoginThroughDataProvider.java:63)
	at Maven.CompanyName.ProjectName.ModuleName.AutomationPractice.TestScript.TestLoginThroughDataProvider.closebrowser(TestLoginThroughDataProvider.java:63)
	at Maven.CompanyName.ProjectName.ModuleName.AutomationPractice.TestScript.TestLoginThroughDataProvider.closebrowser(TestLoginThroughDataProvider.java:63)
	at Maven.CompanyName.ProjectName.ModuleName.AutomationPractice.TestScript.TestLoginThroughDataProvider.closebrowser(TestLoginThroughDataProvider.java:63)
	at Maven.CompanyName.ProjectName.ModuleName.AutomationPractice.TestScript.TestLoginThroughDataProvider.closebrowser(TestLoginThroughDataProvider.java:63)
	at Maven.CompanyName.ProjectName.ModuleName.AutomationPractice.TestScript.TestLoginThroughDataProvider.closebrowser(TestLoginThroughDataProvider.java:63)
	at Maven.CompanyName.ProjectName.ModuleName.AutomationPractice.TestScript.TestLoginThroughDataProvider.closebrowser(TestLoginThroughDataProvider.java:63)
	at Maven.CompanyName.ProjectName.ModuleName.AutomationPractice.TestScript.TestLoginThroughDataProvider.closebrowser(TestLoginThroughDataProvider.java:63)
	at Maven.CompanyName.ProjectName.ModuleName.AutomationPractice.TestScript.TestLoginThroughDataProvider.closebrowser(TestLoginThroughDataProvider.java:63)
	at Maven.CompanyName.ProjectName.ModuleName.AutomationPractice.TestScript.TestLoginThroughDataProvider.closebrowser(TestLoginThroughDataProvider.java:63)
	at Maven.CompanyName.ProjectName.ModuleName.AutomationPractice.TestScript.TestLoginThroughDataProvider.closebrowser(TestLoginThroughDataProvider.java:63)
	at Maven.CompanyName.ProjectName.ModuleName.AutomationPractice.TestScript.TestLoginThroughDataProvider.closebrowser(TestLoginThroughDataProvider.java:63)
	at Maven.CompanyName.ProjectName.ModuleName.AutomationPractice.TestScript.TestLoginThroughDataProvider.closebrowser(TestLoginThroughDataProvider.java:63)
	at Maven.CompanyName.ProjectName.ModuleName.AutomationPractice.TestScript.TestLoginThroughDataProvider.closebrowser(TestLoginThroughDataProvider.java:63)
	at Maven.CompanyName.ProjectName.ModuleName.AutomationPractice.TestScript.TestLoginThroughDataProvider.closebrowser(TestLoginThroughDataProvider.java:63)
	at Maven.CompanyName.ProjectName.ModuleName.AutomationPractice.TestScript.TestLoginThroughDataProvider.closebrowser(TestLoginThroughDataProvider.java:63)
	at Maven.CompanyName.ProjectName.ModuleName.AutomationPractice.TestScript.TestLoginThroughDataProvider.closebrowser(TestLoginThroughDataProvider.java:63)
	at Maven.CompanyName.ProjectName.ModuleName.AutomationPractice.TestScript.TestLoginThroughDataProvider.closebrowser(TestLoginThroughDataProvider.java:63)
	at Maven.CompanyName.ProjectName.ModuleName.AutomationPractice.TestScript.TestLoginThroughDataProvider.closebrowser(TestLoginThroughDataProvider.java:63)
	at Maven.CompanyName.ProjectName.ModuleName.AutomationPractice.TestScript.TestLoginThroughDataProvider.closebrowser(TestLoginThroughDataProvider.java:63)
	at Maven.CompanyName.ProjectName.ModuleName.AutomationPractice.TestScript.TestLoginThroughDataProvider.closebrowser(TestLoginThroughDataProvider.java:63)
	at Maven.CompanyName.ProjectName.ModuleName.AutomationPractice.TestScript.TestLoginThroughDataProvider.closebrowser(TestLoginThroughDataProvider.java:63)
	at Maven.CompanyName.ProjectName.ModuleName.AutomationPractice.TestScript.TestLoginThroughDataProvider.closebrowser(TestLoginThroughDataProvider.java:63)
	at Maven.CompanyName.ProjectName.ModuleName.AutomationPractice.TestScript.TestLoginThroughDataProvider.closebrowser(TestLoginThroughDataProvider.java:63)
	at Maven.CompanyName.ProjectName.ModuleName.AutomationPractice.TestScript.TestLoginThroughDataProvider.closebrowser(TestLoginThroughDataProvider.java:63)
	at Maven.CompanyName.ProjectName.ModuleName.AutomationPractice.TestScript.TestLoginThroughDataProvider.closebrowser(TestLoginThroughDataProvider.java:63)
	at Maven.CompanyName.ProjectName.ModuleName.AutomationPractice.TestScript.TestLoginThroughDataProvider.closebrowser(TestLoginThroughDataProvider.java:63)
	at Maven.CompanyName.ProjectName.ModuleName.AutomationPractice.TestScript.TestLoginThroughDataProvider.closebrowser(TestLoginThroughDataProvider.java:63)
	at Maven.CompanyName.ProjectName.ModuleName.AutomationPractice.TestScript.TestLoginThroughDataProvider.closebrowser(TestLoginThroughDataProvider.java:63)
	at Maven.CompanyName.ProjectName.ModuleName.AutomationPractice.TestScript.TestLoginThroughDataProvider.closebrowser(TestLoginThroughDataProvider.java:63)
	at Maven.CompanyName.ProjectName.ModuleName.AutomationPractice.TestScript.TestLoginThroughDataProvider.closebrowser(TestLoginThroughDataProvider.java:63)
	at Maven.CompanyName.ProjectName.ModuleName.AutomationPractice.TestScript.TestLoginThroughDataProvider.closebrowser(TestLoginThroughDataProvider.java:63)
	at Maven.CompanyName.ProjectName.ModuleName.AutomationPractice.TestScript.TestLoginThroughDataProvider.closebrowser(TestLoginThroughDataProvider.java:63)
	at Maven.CompanyName.ProjectName.ModuleName.AutomationPractice.TestScript.TestLoginThroughDataProvider.closebrowser(TestLoginThroughDataProvider.java:63)
	at Maven.CompanyName.ProjectName.ModuleName.AutomationPractice.TestScript.TestLoginThroughDataProvider.closebrowser(TestLoginThroughDataProvider.java:63)
	at Maven.CompanyName.ProjectName.ModuleName.AutomationPractice.TestScript.TestLoginThroughDataProvider.closebrowser(TestLoginThroughDataProvider.java:63)
	at Maven.CompanyName.ProjectName.ModuleName.AutomationPractice.TestScript.TestLoginThroughDataProvider.closebrowser(TestLoginThroughDataProvider.java:63)
	at Maven.CompanyName.ProjectName.ModuleName.AutomationPractice.TestScript.TestLoginThroughDataProvider.closebrowser(TestLoginThroughDataProvider.java:63)
	at Maven.CompanyName.ProjectName.ModuleName.AutomationPractice.TestScript.TestLoginThroughDataProvider.closebrowser(TestLoginThroughDataProvider.java:63)
	at Maven.CompanyName.ProjectName.ModuleName.AutomationPractice.TestScript.TestLoginThroughDataProvider.closebrowser(TestLoginThroughDataProvider.java:63)
	at Maven.CompanyName.ProjectName.ModuleName.AutomationPractice.TestScript.TestLoginThroughDataProvider.closebrowser(TestLoginThroughDataProvider.java:63)
	at Maven.CompanyName.ProjectName.ModuleName.AutomationPractice.TestScript.TestLoginThroughDataProvider.closebrowser(TestLoginThroughDataProvider.java:63)
	at Maven.CompanyName.ProjectName.ModuleName.AutomationPractice.TestScript.TestLoginThroughDataProvider.closebrowser(TestLoginThroughDataProvider.java:63)
	at Maven.CompanyName.ProjectName.ModuleName.AutomationPractice.TestScript.TestLoginThroughDataProvider.closebrowser(TestLoginThroughDataProvider.java:63)
	at Maven.CompanyName.ProjectName.ModuleName.AutomationPractice.TestScript.TestLoginThroughDataProvider.closebrowser(TestLoginThroughDataProvider.java:63)
	at Maven.CompanyName.ProjectName.ModuleName.AutomationPractice.TestScript.TestLoginThroughDataProvider.closebrowser(TestLoginThroughDataProvider.java:63)
	at Maven.CompanyName.ProjectName.ModuleName.AutomationPractice.TestScript.TestLoginThroughDataProvider.closebrowser(TestLoginThroughDataProvider.java:63)
	at Maven.CompanyName.ProjectName.ModuleName.AutomationPractice.TestScript.TestLoginThroughDataProvider.closebrowser(TestLoginThroughDataProvider.java:63)
	at Maven.CompanyName.ProjectName.ModuleName.AutomationPractice.TestScript.TestLoginThroughDataProvider.closebrowser(TestLoginThroughDataProvider.java:63)
	at Maven.CompanyName.ProjectName.ModuleName.AutomationPractice.TestScript.TestLoginThroughDataProvider.closebrowser(TestLoginThroughDataProvider.java:63)
	at Maven.CompanyName.ProjectName.ModuleName.AutomationPractice.TestScript.TestLoginThroughDataProvider.closebrowser(TestLoginThroughDataProvider.java:63)
	at Maven.CompanyName.ProjectName.ModuleName.AutomationPractice.TestScript.TestLoginThroughDataProvider.closebrowser(TestLoginThroughDataProvider.java:63)
	at Maven.CompanyName.ProjectName.ModuleName.AutomationPractice.TestScript.TestLoginThroughDataProvider.closebrowser(TestLoginThroughDataProvider.java:63)
	at Maven.CompanyName.ProjectName.ModuleName.AutomationPractice.TestScript.TestLoginThroughDataProvider.closebrowser(TestLoginThroughDataProvider.java:63)
	at Maven.CompanyName.ProjectName.ModuleName.AutomationPractice.TestScript.TestLoginThroughDataProvider.closebrowser(TestLoginThroughDataProvider.java:63)
	at Maven.CompanyName.ProjectName.ModuleName.AutomationPractice.TestScript.TestLoginThroughDataProvider.closebrowser(TestLoginThroughDataProvider.java:63)
	at Maven.CompanyName.ProjectName.ModuleName.AutomationPractice.TestScript.TestLoginThroughDataProvider.closebrowser(TestLoginThroughDataProvider.java:63)
	at Maven.CompanyName.ProjectName.ModuleName.AutomationPractice.TestScript.TestLoginThroughDataProvider.closebrowser(TestLoginThroughDataProvider.java:63)
	at Maven.CompanyName.ProjectName.ModuleName.AutomationPractice.TestScript.TestLoginThroughDataProvider.closebrowser(TestLoginThroughDataProvider.java:63)
	at Maven.CompanyName.ProjectName.ModuleName.AutomationPractice.TestScript.TestLoginThroughDataProvider.closebrowser(TestLoginThroughDataProvider.java:63)
	at Maven.CompanyName.ProjectName.ModuleName.AutomationPractice.TestScript.TestLoginThroughDataProvider.closebrowser(TestLoginThroughDataProvider.java:63)
	at Maven.CompanyName.ProjectName.ModuleName.AutomationPractice.TestScript.TestLoginThroughDataProvider.closebrowser(TestLoginThroughDataProvider.java:63)
	at Maven.CompanyName.ProjectName.ModuleName.AutomationPractice.TestScript.TestLoginThroughDataProvider.closebrowser(TestLoginThroughDataProvider.java:63)
	at Maven.CompanyName.ProjectName.ModuleName.AutomationPractice.TestScript.TestLoginThroughDataProvider.closebrowser(TestLoginThroughDataProvider.java:63)
	at Maven.CompanyName.ProjectName.ModuleName.AutomationPractice.TestScript.TestLoginThroughDataProvider.closebrowser(TestLoginThroughDataProvider.java:63)
	at Maven.CompanyName.ProjectName.ModuleName.AutomationPractice.TestScript.TestLoginThroughDataProvider.closebrowser(TestLoginThroughDataProvider.java:63)
	at Maven.CompanyName.ProjectName.ModuleName.AutomationPractice.TestScript.TestLoginThroughDataProvider.closebrowser(TestLoginThroughDataProvider.java:63)
	at Maven.CompanyName.ProjectName.ModuleName.AutomationPractice.TestScript.TestLoginThroughDataProvider.closebrowser(TestLoginThroughDataProvider.java:63)
	at Maven.CompanyName.ProjectName.ModuleName.AutomationPractice.TestScript.TestLoginThroughDataProvider.closebrowser(TestLoginThroughDataProvider.java:63)
	at Maven.CompanyName.ProjectName.ModuleName.AutomationPractice.TestScript.TestLoginThroughDataProvider.closebrowser(TestLoginThroughDataProvider.java:63)
	at Maven.CompanyName.ProjectName.ModuleName.AutomationPractice.TestScript.TestLoginThroughDataProvider.closebrowser(TestLoginThroughDataProvider.java:63)
	at Maven.CompanyName.ProjectName.ModuleName.AutomationPractice.TestScript.TestLoginThroughDataProvider.closebrowser(TestLoginThroughDataProvider.java:63)
	at Maven.CompanyName.ProjectName.ModuleName.AutomationPractice.TestScript.TestLoginThroughDataProvider.closebrowser(TestLoginThroughDataProvider.java:63)
	at Maven.CompanyName.ProjectName.ModuleName.AutomationPractice.TestScript.TestLoginThroughDataProvider.closebrowser(TestLoginThroughDataProvider.java:63)
	at Maven.CompanyName.ProjectName.ModuleName.AutomationPractice.TestScript.TestLoginThroughDataProvider.closebrowser(TestLoginThroughDataProvider.java:63)
	at Maven.CompanyName.ProjectName.ModuleName.AutomationPractice.TestScript.TestLoginThroughDataProvider.closebrowser(TestLoginThroughDataProvider.java:63)
	at Maven.CompanyName.ProjectName.ModuleName.AutomationPractice.TestScript.TestLoginThroughDataProvider.closebrowser(TestLoginThroughDataProvider.java:63)
	at Maven.CompanyName.ProjectName.ModuleName.AutomationPractice.TestScript.TestLoginThroughDataProvider.closebrowser(TestLoginThroughDataProvider.java:63)
	at Maven.CompanyName.ProjectName.ModuleName.AutomationPractice.TestScript.TestLoginThroughDataProvider.closebrowser(TestLoginThroughDataProvider.java:63)
	at Maven.CompanyName.ProjectName.ModuleName.AutomationPractice.TestScript.TestLoginThroughDataProvider.closebrowser(TestLoginThroughDataProvider.java:63)
	at Maven.CompanyName.ProjectName.ModuleName.AutomationPractice.TestScript.TestLoginThroughDataProvider.closebrowser(TestLoginThroughDataProvider.java:63)
	at Maven.CompanyName.ProjectName.ModuleName.AutomationPractice.TestScript.TestLoginThroughDataProvider.closebrowser(TestLoginThroughDataProvider.java:63)
	at Maven.CompanyName.ProjectName.ModuleName.AutomationPractice.TestScript.TestLoginThroughDataProvider.closebrowser(TestLoginThroughDataProvider.java:63)
	at Maven.CompanyName.ProjectName.ModuleName.AutomationPractice.TestScript.TestLoginThroughDataProvider.closebrowser(TestLoginThroughDataProvider.java:63)
	at Maven.CompanyName.ProjectName.ModuleName.AutomationPractice.TestScript.TestLoginThroughDataProvider.closebrowser(TestLoginThroughDataProvider.java:63)
	at Maven.CompanyName.ProjectName.ModuleName.AutomationPractice.TestScript.TestLoginThroughDataProvider.closebrowser(TestLoginThroughDataProvider.java:63)
	at Maven.CompanyName.ProjectName.ModuleName.AutomationPractice.TestScript.TestLoginThroughDataProvider.closebrowser(TestLoginThroughDataProvider.java:63)
	at Maven.CompanyName.ProjectName.ModuleName.AutomationPractice.TestScript.TestLoginThroughDataProvider.closebrowser(TestLoginThroughDataProvider.java:63)
	at Maven.CompanyName.ProjectName.ModuleName.AutomationPractice.TestScript.TestLoginThroughDataProvider.closebrowser(TestLoginThroughDataProvider.java:63)
	at Maven.CompanyName.ProjectName.ModuleName.AutomationPractice.TestScript.TestLoginThroughDataProvider.closebrowser(TestLoginThroughDataProvider.java:63)
	at Maven.CompanyName.ProjectName.ModuleName.AutomationPractice.TestScript.TestLoginThroughDataProvider.closebrowser(TestLoginThroughDataProvider.java:63)
	at Maven.CompanyName.ProjectName.ModuleName.AutomationPractice.TestScript.TestLoginThroughDataProvider.closebrowser(TestLoginThroughDataProvider.java:63)
	at Maven.CompanyName.ProjectName.ModuleName.AutomationPractice.TestScript.TestLoginThroughDataProvider.closebrowser(TestLoginThroughDataProvider.java:63)
	at Maven.CompanyName.ProjectName.ModuleName.AutomationPractice.TestScript.TestLoginThroughDataProvider.closebrowser(TestLoginThroughDataProvider.java:63)
	at Maven.CompanyName.ProjectName.ModuleName.AutomationPractice.TestScript.TestLoginThroughDataProvider.closebrowser(TestLoginThroughDataProvider.java:63)
	at Maven.CompanyName.ProjectName.ModuleName.AutomationPractice.TestScript.TestLoginThroughDataProvider.closebrowser(TestLoginThroughDataProvider.java:63)
	at Maven.CompanyName.ProjectName.ModuleName.AutomationPractice.TestScript.TestLoginThroughDataProvider.closebrowser(TestLoginThroughDataProvider.java:63)
	at Maven.CompanyName.ProjectName.ModuleName.AutomationPractice.TestScript.TestLoginThroughDataProvider.closebrowser(TestLoginThroughDataProvider.java:63)
	at Maven.CompanyName.ProjectName.ModuleName.AutomationPractice.TestScript.TestLoginThroughDataProvider.closebrowser(TestLoginThroughDataProvider.java:63)
	at Maven.CompanyName.ProjectName.ModuleName.AutomationPractice.TestScript.TestLoginThroughDataProvider.closebrowser(TestLoginThroughDataProvider.java:63)
	at Maven.CompanyName.ProjectName.ModuleName.AutomationPractice.TestScript.TestLoginThroughDataProvider.closebrowser(TestLoginThroughDataProvider.java:63)
	at Maven.CompanyName.ProjectName.ModuleName.AutomationPractice.TestScript.TestLoginThroughDataProvider.closebrowser(TestLoginThroughDataProvider.java:63)
	at Maven.CompanyName.ProjectName.ModuleName.AutomationPractice.TestScript.TestLoginThroughDataProvider.closebrowser(TestLoginThroughDataProvider.java:63)
	at Maven.CompanyName.ProjectName.ModuleName.AutomationPractice.TestScript.TestLoginThroughDataProvider.closebrowser(TestLoginThroughDataProvider.java:63)
	at Maven.CompanyName.ProjectName.ModuleName.AutomationPractice.TestScript.TestLoginThroughDataProvider.closebrowser(TestLoginThroughDataProvider.java:63)
	at Maven.CompanyName.ProjectName.ModuleName.AutomationPractice.TestScript.TestLoginThroughDataProvider.closebrowser(TestLoginThroughDataProvider.java:63)
	at Maven.CompanyName.ProjectName.ModuleName.AutomationPractice.TestScript.TestLoginThroughDataProvider.closebrowser(TestLoginThroughDataProvider.java:63)
	at Maven.CompanyName.ProjectName.ModuleName.AutomationPractice.TestScript.TestLoginThroughDataProvider.closebrowser(TestLoginThroughDataProvider.java:63)
	at Maven.CompanyName.ProjectName.ModuleName.AutomationPractice.TestScript.TestLoginThroughDataProvider.closebrowser(TestLoginThroughDataProvider.java:63)
	at Maven.CompanyName.ProjectName.ModuleName.AutomationPractice.TestScript.TestLoginThroughDataProvider.closebrowser(TestLoginThroughDataProvider.java:63)
	at Maven.CompanyName.ProjectName.ModuleName.AutomationPractice.TestScript.TestLoginThroughDataProvider.closebrowser(TestLoginThroughDataProvider.java:63)
	at Maven.CompanyName.ProjectName.ModuleName.AutomationPractice.TestScript.TestLoginThroughDataProvider.closebrowser(TestLoginThroughDataProvider.java:63)
	at Maven.CompanyName.ProjectName.ModuleName.AutomationPractice.TestScript.TestLoginThroughDataProvider.closebrowser(TestLoginThroughDataProvider.java:63)
	at Maven.CompanyName.ProjectName.ModuleName.AutomationPractice.TestScript.TestLoginThroughDataProvider.closebrowser(TestLoginThroughDataProvider.java:63)
	at Maven.CompanyName.ProjectName.ModuleName.AutomationPractice.TestScript.TestLoginThroughDataProvider.closebrowser(TestLoginThroughDataProvider.java:63)
	at Maven.CompanyName.ProjectName.ModuleName.AutomationPractice.TestScript.TestLoginThroughDataProvider.closebrowser(TestLoginThroughDataProvider.java:63)
	at Maven.CompanyName.ProjectName.ModuleName.AutomationPractice.TestScript.TestLoginThroughDataProvider.closebrowser(TestLoginThroughDataProvider.java:63)
	at Maven.CompanyName.ProjectName.ModuleName.AutomationPractice.TestScript.TestLoginThroughDataProvider.closebrowser(TestLoginThroughDataProvider.java:63)
	at Maven.CompanyName.ProjectName.ModuleName.AutomationPractice.TestScript.TestLoginThroughDataProvider.closebrowser(TestLoginThroughDataProvider.java:63)
	at Maven.CompanyName.ProjectName.ModuleName.AutomationPractice.TestScript.TestLoginThroughDataProvider.closebrowser(TestLoginThroughDataProvider.java:63)
	at Maven.CompanyName.ProjectName.ModuleName.AutomationPractice.TestScript.TestLoginThroughDataProvider.closebrowser(TestLoginThroughDataProvider.java:63)
	at Maven.CompanyName.ProjectName.ModuleName.AutomationPractice.TestScript.TestLoginThroughDataProvider.closebrowser(TestLoginThroughDataProvider.java:63)
	at Maven.CompanyName.ProjectName.ModuleName.AutomationPractice.TestScript.TestLoginThroughDataProvider.closebrowser(TestLoginThroughDataProvider.java:63)
	at Maven.CompanyName.ProjectName.ModuleName.AutomationPractice.TestScript.TestLoginThroughDataProvider.closebrowser(TestLoginThroughDataProvider.java:63)
	at Maven.CompanyName.ProjectName.ModuleName.AutomationPractice.TestScript.TestLoginThroughDataProvider.closebrowser(TestLoginThroughDataProvider.java:63)
	at Maven.CompanyName.ProjectName.ModuleName.AutomationPractice.TestScript.TestLoginThroughDataProvider.closebrowser(TestLoginThroughDataProvider.java:63)
	at Maven.CompanyName.ProjectName.ModuleName.AutomationPractice.TestScript.TestLoginThroughDataProvider.closebrowser(TestLoginThroughDataProvider.java:63)
	at Maven.CompanyName.ProjectName.ModuleName.AutomationPractice.TestScript.TestLoginThroughDataProvider.closebrowser(TestLoginThroughDataProvider.java:63)
	at Maven.CompanyName.ProjectName.ModuleName.AutomationPractice.TestScript.TestLoginThroughDataProvider.closebrowser(TestLoginThroughDataProvider.java:63)
	at Maven.CompanyName.ProjectName.ModuleName.AutomationPractice.TestScript.TestLoginThroughDataProvider.closebrowser(TestLoginThroughDataProvider.java:63)
	at Maven.CompanyName.ProjectName.ModuleName.AutomationPractice.TestScript.TestLoginThroughDataProvider.closebrowser(TestLoginThroughDataProvider.java:63)
	at Maven.CompanyName.ProjectName.ModuleName.AutomationPractice.TestScript.TestLoginThroughDataProvider.closebrowser(TestLoginThroughDataProvider.java:63)
	at Maven.CompanyName.ProjectName.ModuleName.AutomationPractice.TestScript.TestLoginThroughDataProvider.closebrowser(TestLoginThroughDataProvider.java:63)
	at Maven.CompanyName.ProjectName.ModuleName.AutomationPractice.TestScript.TestLoginThroughDataProvider.closebrowser(TestLoginThroughDataProvider.java:63)
	at Maven.CompanyName.ProjectName.ModuleName.AutomationPractice.TestScript.TestLoginThroughDataProvider.closebrowser(TestLoginThroughDataProvider.java:63)
	at Maven.CompanyName.ProjectName.ModuleName.AutomationPractice.TestScript.TestLoginThroughDataProvider.closebrowser(TestLoginThroughDataProvider.java:63)
	at Maven.CompanyName.ProjectName.ModuleName.AutomationPractice.TestScript.TestLoginThroughDataProvider.closebrowser(TestLoginThroughDataProvider.java:63)
	at Maven.CompanyName.ProjectName.ModuleName.AutomationPractice.TestScript.TestLoginThroughDataProvider.closebrowser(TestLoginThroughDataProvider.java:63)
	at Maven.CompanyName.ProjectName.ModuleName.AutomationPractice.TestScript.TestLoginThroughDataProvider.closebrowser(TestLoginThroughDataProvider.java:63)
	at Maven.CompanyName.ProjectName.ModuleName.AutomationPractice.TestScript.TestLoginThroughDataProvider.closebrowser(TestLoginThroughDataProvider.java:63)
	at Maven.CompanyName.ProjectName.ModuleName.AutomationPractice.TestScript.TestLoginThroughDataProvider.closebrowser(TestLoginThroughDataProvider.java:63)
	at Maven.CompanyName.ProjectName.ModuleName.AutomationPractice.TestScript.TestLoginThroughDataProvider.closebrowser(TestLoginThroughDataProvider.java:63)
	at Maven.CompanyName.ProjectName.ModuleName.AutomationPractice.TestScript.TestLoginThroughDataProvider.closebrowser(TestLoginThroughDataProvider.java:63)
	at Maven.CompanyName.ProjectName.ModuleName.AutomationPractice.TestScript.TestLoginThroughDataProvider.closebrowser(TestLoginThroughDataProvider.java:63)
	at Maven.CompanyName.ProjectName.ModuleName.AutomationPractice.TestScript.TestLoginThroughDataProvider.closebrowser(TestLoginThroughDataProvider.java:63)
	at Maven.CompanyName.ProjectName.ModuleName.AutomationPractice.TestScript.TestLoginThroughDataProvider.closebrowser(TestLoginThroughDataProvider.java:63)
	at Maven.CompanyName.ProjectName.ModuleName.AutomationPractice.TestScript.TestLoginThroughDataProvider.closebrowser(TestLoginThroughDataProvider.java:63)
	at Maven.CompanyName.ProjectName.ModuleName.AutomationPractice.TestScript.TestLoginThroughDataProvider.closebrowser(TestLoginThroughDataProvider.java:63)
	at Maven.CompanyName.ProjectName.ModuleName.AutomationPractice.TestScript.TestLoginThroughDataProvider.closebrowser(TestLoginThroughDataProvider.java:63)
	at Maven.CompanyName.ProjectName.ModuleName.AutomationPractice.TestScript.TestLoginThroughDataProvider.closebrowser(TestLoginThroughDataProvider.java:63)
	at Maven.CompanyName.ProjectName.ModuleName.AutomationPractice.TestScript.TestLoginThroughDataProvider.closebrowser(TestLoginThroughDataProvider.java:63)
	at Maven.CompanyName.ProjectName.ModuleName.AutomationPractice.TestScript.TestLoginThroughDataProvider.closebrowser(TestLoginThroughDataProvider.java:63)
	at Maven.CompanyName.ProjectName.ModuleName.AutomationPractice.TestScript.TestLoginThroughDataProvider.closebrowser(TestLoginThroughDataProvider.java:63)
	at Maven.CompanyName.ProjectName.ModuleName.AutomationPractice.TestScript.TestLoginThroughDataProvider.closebrowser(TestLoginThroughDataProvider.java:63)
	at Maven.CompanyName.ProjectName.ModuleName.AutomationPractice.TestScript.TestLoginThroughDataProvider.closebrowser(TestLoginThroughDataProvider.java:63)
	at Maven.CompanyName.ProjectName.ModuleName.AutomationPractice.TestScript.TestLoginThroughDataProvider.closebrowser(TestLoginThroughDataProvider.java:63)
	at Maven.CompanyName.ProjectName.ModuleName.AutomationPractice.TestScript.TestLoginThroughDataProvider.closebrowser(TestLoginThroughDataProvider.java:63)
	at Maven.CompanyName.ProjectName.ModuleName.AutomationPractice.TestScript.TestLoginThroughDataProvider.closebrowser(TestLoginThroughDataProvider.java:63)
	at Maven.CompanyName.ProjectName.ModuleName.AutomationPractice.TestScript.TestLoginThroughDataProvider.closebrowser(TestLoginThroughDataProvider.java:63)
	at Maven.CompanyName.ProjectName.ModuleName.AutomationPractice.TestScript.TestLoginThroughDataProvider.closebrowser(TestLoginThroughDataProvider.java:63)
	at Maven.CompanyName.ProjectName.ModuleName.AutomationPractice.TestScript.TestLoginThroughDataProvider.closebrowser(TestLoginThroughDataProvider.java:63)
	at Maven.CompanyName.ProjectName.ModuleName.AutomationPractice.TestScript.TestLoginThroughDataProvider.closebrowser(TestLoginThroughDataProvider.java:63)
	at Maven.CompanyName.ProjectName.ModuleName.AutomationPractice.TestScript.TestLoginThroughDataProvider.closebrowser(TestLoginThroughDataProvider.java:63)
	at Maven.CompanyName.ProjectName.ModuleName.AutomationPractice.TestScript.TestLoginThroughDataProvider.closebrowser(TestLoginThroughDataProvider.java:63)
	at Maven.CompanyName.ProjectName.ModuleName.AutomationPractice.TestScript.TestLoginThroughDataProvider.closebrowser(TestLoginThroughDataProvider.java:63)
	at Maven.CompanyName.ProjectName.ModuleName.AutomationPractice.TestScript.TestLoginThroughDataProvider.closebrowser(TestLoginThroughDataProvider.java:63)
	at Maven.CompanyName.ProjectName.ModuleName.AutomationPractice.TestScript.TestLoginThroughDataProvider.closebrowser(TestLoginThroughDataProvider.java:63)
	at Maven.CompanyName.ProjectName.ModuleName.AutomationPractice.TestScript.TestLoginThroughDataProvider.closebrowser(TestLoginThroughDataProvider.java:63)
	at Maven.CompanyName.ProjectName.ModuleName.AutomationPractice.TestScript.TestLoginThroughDataProvider.closebrowser(TestLoginThroughDataProvider.java:63)
	at Maven.CompanyName.ProjectName.ModuleName.AutomationPractice.TestScript.TestLoginThroughDataProvider.closebrowser(TestLoginThroughDataProvider.java:63)
	at Maven.CompanyName.ProjectName.ModuleName.AutomationPractice.TestScript.TestLoginThroughDataProvider.closebrowser(TestLoginThroughDataProvider.java:63)
	at Maven.CompanyName.ProjectName.ModuleName.AutomationPractice.TestScript.TestLoginThroughDataProvider.closebrowser(TestLoginThroughDataProvider.java:63)
	at Maven.CompanyName.ProjectName.ModuleName.AutomationPractice.TestScript.TestLoginThroughDataProvider.closebrowser(TestLoginThroughDataProvider.java:63)
	at Maven.CompanyName.ProjectName.ModuleName.AutomationPractice.TestScript.TestLoginThroughDataProvider.closebrowser(TestLoginThroughDataProvider.java:63)
	at Maven.CompanyName.ProjectName.ModuleName.AutomationPractice.TestScript.TestLoginThroughDataProvider.closebrowser(TestLoginThroughDataProvider.java:63)
	at Maven.CompanyName.ProjectName.ModuleName.AutomationPractice.TestScript.TestLoginThroughDataProvider.closebrowser(TestLoginThroughDataProvider.java:63)
	at Maven.CompanyName.ProjectName.ModuleName.AutomationPractice.TestScript.TestLoginThroughDataProvider.closebrowser(TestLoginThroughDataProvider.java:63)
	at Maven.CompanyName.ProjectName.ModuleName.AutomationPractice.TestScript.TestLoginThroughDataProvider.closebrowser(TestLoginThroughDataProvider.java:63)
	at Maven.CompanyName.ProjectName.ModuleName.AutomationPractice.TestScript.TestLoginThroughDataProvider.closebrowser(TestLoginThroughDataProvider.java:63)
	at Maven.CompanyName.ProjectName.ModuleName.AutomationPractice.TestScript.TestLoginThroughDataProvider.closebrowser(TestLoginThroughDataProvider.java:63)
	at Maven.CompanyName.ProjectName.ModuleName.AutomationPractice.TestScript.TestLoginThroughDataProvider.closebrowser(TestLoginThroughDataProvider.java:63)
	at Maven.CompanyName.ProjectName.ModuleName.AutomationPractice.TestScript.TestLoginThroughDataProvider.closebrowser(TestLoginThroughDataProvider.java:63)
	at Maven.CompanyName.ProjectName.ModuleName.AutomationPractice.TestScript.TestLoginThroughDataProvider.closebrowser(TestLoginThroughDataProvider.java:63)
	at Maven.CompanyName.ProjectName.ModuleName.AutomationPractice.TestScript.TestLoginThroughDataProvider.closebrowser(TestLoginThroughDataProvider.java:63)
	at Maven.CompanyName.ProjectName.ModuleName.AutomationPractice.TestScript.TestLoginThroughDataProvider.closebrowser(TestLoginThroughDataProvider.java:63)
	at Maven.CompanyName.ProjectName.ModuleName.AutomationPractice.TestScript.TestLoginThroughDataProvider.closebrowser(TestLoginThroughDataProvider.java:63)
	at Maven.CompanyName.ProjectName.ModuleName.AutomationPractice.TestScript.TestLoginThroughDataProvider.closebrowser(TestLoginThroughDataProvider.java:63)
	at Maven.CompanyName.ProjectName.ModuleName.AutomationPractice.TestScript.TestLoginThroughDataProvider.closebrowser(TestLoginThroughDataProvider.java:63)
	at Maven.CompanyName.ProjectName.ModuleName.AutomationPractice.TestScript.TestLoginThroughDataProvider.closebrowser(TestLoginThroughDataProvider.java:63)
	at Maven.CompanyName.ProjectName.ModuleName.AutomationPractice.TestScript.TestLoginThroughDataProvider.closebrowser(TestLoginThroughDataProvider.java:63)
	at Maven.CompanyName.ProjectName.ModuleName.AutomationPractice.TestScript.TestLoginThroughDataProvider.closebrowser(TestLoginThroughDataProvider.java:63)
	at Maven.CompanyName.ProjectName.ModuleName.AutomationPractice.TestScript.TestLoginThroughDataProvider.closebrowser(TestLoginThroughDataProvider.java:63)
	at Maven.CompanyName.ProjectName.ModuleName.AutomationPractice.TestScript.TestLoginThroughDataProvider.closebrowser(TestLoginThroughDataProvider.java:63)
	at Maven.CompanyName.ProjectName.ModuleName.AutomationPractice.TestScript.TestLoginThroughDataProvider.closebrowser(TestLoginThroughDataProvider.java:63)
	at Maven.CompanyName.ProjectName.ModuleName.AutomationPractice.TestScript.TestLoginThroughDataProvider.closebrowser(TestLoginThroughDataProvider.java:63)
	at Maven.CompanyName.ProjectName.ModuleName.AutomationPractice.TestScript.TestLoginThroughDataProvider.closebrowser(TestLoginThroughDataProvider.java:63)
	at Maven.CompanyName.ProjectName.ModuleName.AutomationPractice.TestScript.TestLoginThroughDataProvider.closebrowser(TestLoginThroughDataProvider.java:63)
	at Maven.CompanyName.ProjectName.ModuleName.AutomationPractice.TestScript.TestLoginThroughDataProvider.closebrowser(TestLoginThroughDataProvider.java:63)
	at Maven.CompanyName.ProjectName.ModuleName.AutomationPractice.TestScript.TestLoginThroughDataProvider.closebrowser(TestLoginThroughDataProvider.java:63)
	at Maven.CompanyName.ProjectName.ModuleName.AutomationPractice.TestScript.TestLoginThroughDataProvider.closebrowser(TestLoginThroughDataProvider.java:63)
	at Maven.CompanyName.ProjectName.ModuleName.AutomationPractice.TestScript.TestLoginThroughDataProvider.closebrowser(TestLoginThroughDataProvider.java:63)
	at Maven.CompanyName.ProjectName.ModuleName.AutomationPractice.TestScript.TestLoginThroughDataProvider.closebrowser(TestLoginThroughDataProvider.java:63)
	at Maven.CompanyName.ProjectName.ModuleName.AutomationPractice.TestScript.TestLoginThroughDataProvider.closebrowser(TestLoginThroughDataProvider.java:63)
	at Maven.CompanyName.ProjectName.ModuleName.AutomationPractice.TestScript.TestLoginThroughDataProvider.closebrowser(TestLoginThroughDataProvider.java:63)
	at Maven.CompanyName.ProjectName.ModuleName.AutomationPractice.TestScript.TestLoginThroughDataProvider.closebrowser(TestLoginThroughDataProvider.java:63)
	at Maven.CompanyName.ProjectName.ModuleName.AutomationPractice.TestScript.TestLoginThroughDataProvider.closebrowser(TestLoginThroughDataProvider.java:63)
	at Maven.CompanyName.ProjectName.ModuleName.AutomationPractice.TestScript.TestLoginThroughDataProvider.closebrowser(TestLoginThroughDataProvider.java:63)
	at Maven.CompanyName.ProjectName.ModuleName.AutomationPractice.TestScript.TestLoginThroughDataProvider.closebrowser(TestLoginThroughDataProvider.java:63)
	at Maven.CompanyName.ProjectName.ModuleName.AutomationPractice.TestScript.TestLoginThroughDataProvider.closebrowser(TestLoginThroughDataProvider.java:63)
	at Maven.CompanyName.ProjectName.ModuleName.AutomationPractice.TestScript.TestLoginThroughDataProvider.closebrowser(TestLoginThroughDataProvider.java:63)
	at Maven.CompanyName.ProjectName.ModuleName.AutomationPractice.TestScript.TestLoginThroughDataProvider.closebrowser(TestLoginThroughDataProvider.java:63)
	at Maven.CompanyName.ProjectName.ModuleName.AutomationPractice.TestScript.TestLoginThroughDataProvider.closebrowser(TestLoginThroughDataProvider.java:63)
	at Maven.CompanyName.ProjectName.ModuleName.AutomationPractice.TestScript.TestLoginThroughDataProvider.closebrowser(TestLoginThroughDataProvider.java:63)
	at Maven.CompanyName.ProjectName.ModuleName.AutomationPractice.TestScript.TestLoginThroughDataProvider.closebrowser(TestLoginThroughDataProvider.java:63)
	at Maven.CompanyName.ProjectName.ModuleName.AutomationPractice.TestScript.TestLoginThroughDataProvider.closebrowser(TestLoginThroughDataProvider.java:63)
	at Maven.CompanyName.ProjectName.ModuleName.AutomationPractice.TestScript.TestLoginThroughDataProvider.closebrowser(TestLoginThroughDataProvider.java:63)
	at Maven.CompanyName.ProjectName.ModuleName.AutomationPractice.TestScript.TestLoginThroughDataProvider.closebrowser(TestLoginThroughDataProvider.java:63)
	at Maven.CompanyName.ProjectName.ModuleName.AutomationPractice.TestScript.TestLoginThroughDataProvider.closebrowser(TestLoginThroughDataProvider.java:63)
	at Maven.CompanyName.ProjectName.ModuleName.AutomationPractice.TestScript.TestLoginThroughDataProvider.closebrowser(TestLoginThroughDataProvider.java:63)
	at Maven.CompanyName.ProjectName.ModuleName.AutomationPractice.TestScript.TestLoginThroughDataProvider.closebrowser(TestLoginThroughDataProvider.java:63)
	at Maven.CompanyName.ProjectName.ModuleName.AutomationPractice.TestScript.TestLoginThroughDataProvider.closebrowser(TestLoginThroughDataProvider.java:63)
	at Maven.CompanyName.ProjectName.ModuleName.AutomationPractice.TestScript.TestLoginThroughDataProvider.closebrowser(TestLoginThroughDataProvider.java:63)
	at Maven.CompanyName.ProjectName.ModuleName.AutomationPractice.TestScript.TestLoginThroughDataProvider.closebrowser(TestLoginThroughDataProvider.java:63)
	at Maven.CompanyName.ProjectName.ModuleName.AutomationPractice.TestScript.TestLoginThroughDataProvider.closebrowser(TestLoginThroughDataProvider.java:63)
	at Maven.CompanyName.ProjectName.ModuleName.AutomationPractice.TestScript.TestLoginThroughDataProvider.closebrowser(TestLoginThroughDataProvider.java:63)
	at Maven.CompanyName.ProjectName.ModuleName.AutomationPractice.TestScript.TestLoginThroughDataProvider.closebrowser(TestLoginThroughDataProvider.java:63)
	at Maven.CompanyName.ProjectName.ModuleName.AutomationPractice.TestScript.TestLoginThroughDataProvider.closebrowser(TestLoginThroughDataProvider.java:63)
	at Maven.CompanyName.ProjectName.ModuleName.AutomationPractice.TestScript.TestLoginThroughDataProvider.closebrowser(TestLoginThroughDataProvider.java:63)
	at Maven.CompanyName.ProjectName.ModuleName.AutomationPractice.TestScript.TestLoginThroughDataProvider.closebrowser(TestLoginThroughDataProvider.java:63)
	at Maven.CompanyName.ProjectName.ModuleName.AutomationPractice.TestScript.TestLoginThroughDataProvider.closebrowser(TestLoginThroughDataProvider.java:63)
	at Maven.CompanyName.ProjectName.ModuleName.AutomationPractice.TestScript.TestLoginThroughDataProvider.closebrowser(TestLoginThroughDataProvider.java:63)
	at Maven.CompanyName.ProjectName.ModuleName.AutomationPractice.TestScript.TestLoginThroughDataProvider.closebrowser(TestLoginThroughDataProvider.java:63)
	at Maven.CompanyName.ProjectName.ModuleName.AutomationPractice.TestScript.TestLoginThroughDataProvider.closebrowser(TestLoginThroughDataProvider.java:63)
	at Maven.CompanyName.ProjectName.ModuleName.AutomationPractice.TestScript.TestLoginThroughDataProvider.closebrowser(TestLoginThroughDataProvider.java:63)
	at Maven.CompanyName.ProjectName.ModuleName.AutomationPractice.TestScript.TestLoginThroughDataProvider.closebrowser(TestLoginThroughDataProvider.java:63)
	at Maven.CompanyName.ProjectName.ModuleName.AutomationPractice.TestScript.TestLoginThroughDataProvider.closebrowser(TestLoginThroughDataProvider.java:63)
	at Maven.CompanyName.ProjectName.ModuleName.AutomationPractice.TestScript.TestLoginThroughDataProvider.closebrowser(TestLoginThroughDataProvider.java:63)
	at Maven.CompanyName.ProjectName.ModuleName.AutomationPractice.TestScript.TestLoginThroughDataProvider.closebrowser(TestLoginThroughDataProvider.java:63)
	at Maven.CompanyName.ProjectName.ModuleName.AutomationPractice.TestScript.TestLoginThroughDataProvider.closebrowser(TestLoginThroughDataProvider.java:63)
	at Maven.CompanyName.ProjectName.ModuleName.AutomationPractice.TestScript.TestLoginThroughDataProvider.closebrowser(TestLoginThroughDataProvider.java:63)
	at Maven.CompanyName.ProjectName.ModuleName.AutomationPractice.TestScript.TestLoginThroughDataProvider.closebrowser(TestLoginThroughDataProvider.java:63)
	at Maven.CompanyName.ProjectName.ModuleName.AutomationPractice.TestScript.TestLoginThroughDataProvider.closebrowser(TestLoginThroughDataProvider.java:63)
	at Maven.CompanyName.ProjectName.ModuleName.AutomationPractice.TestScript.TestLoginThroughDataProvider.closebrowser(TestLoginThroughDataProvider.java:63)
	at Maven.CompanyName.ProjectName.ModuleName.AutomationPractice.TestScript.TestLoginThroughDataProvider.closebrowser(TestLoginThroughDataProvider.java:63)
	at Maven.CompanyName.ProjectName.ModuleName.AutomationPractice.TestScript.TestLoginThroughDataProvider.closebrowser(TestLoginThroughDataProvider.java:63)
	at Maven.CompanyName.ProjectName.ModuleName.AutomationPractice.TestScript.TestLoginThroughDataProvider.closebrowser(TestLoginThroughDataProvider.java:63)
	at Maven.CompanyName.ProjectName.ModuleName.AutomationPractice.TestScript.TestLoginThroughDataProvider.closebrowser(TestLoginThroughDataProvider.java:63)
	at Maven.CompanyName.ProjectName.ModuleName.AutomationPractice.TestScript.TestLoginThroughDataProvider.closebrowser(TestLoginThroughDataProvider.java:63)
	at Maven.CompanyName.ProjectName.ModuleName.AutomationPractice.TestScript.TestLoginThroughDataProvider.closebrowser(TestLoginThroughDataProvider.java:63)
	at Maven.CompanyName.ProjectName.ModuleName.AutomationPractice.TestScript.TestLoginThroughDataProvider.closebrowser(TestLoginThroughDataProvider.java:63)
	at Maven.CompanyName.ProjectName.ModuleName.AutomationPractice.TestScript.TestLoginThroughDataProvider.closebrowser(TestLoginThroughDataProvider.java:63)
	at Maven.CompanyName.ProjectName.ModuleName.AutomationPractice.TestScript.TestLoginThroughDataProvider.closebrowser(TestLoginThroughDataProvider.java:63)
	at Maven.CompanyName.ProjectName.ModuleName.AutomationPractice.TestScript.TestLoginThroughDataProvider.closebrowser(TestLoginThroughDataProvider.java:63)
	at Maven.CompanyName.ProjectName.ModuleName.AutomationPractice.TestScript.TestLoginThroughDataProvider.closebrowser(TestLoginThroughDataProvider.java:63)
	at Maven.CompanyName.ProjectName.ModuleName.AutomationPractice.TestScript.TestLoginThroughDataProvider.closebrowser(TestLoginThroughDataProvider.java:63)
	at Maven.CompanyName.ProjectName.ModuleName.AutomationPractice.TestScript.TestLoginThroughDataProvider.closebrowser(TestLoginThroughDataProvider.java:63)
	at Maven.CompanyName.ProjectName.ModuleName.AutomationPractice.TestScript.TestLoginThroughDataProvider.closebrowser(TestLoginThroughDataProvider.java:63)
	at Maven.CompanyName.ProjectName.ModuleName.AutomationPractice.TestScript.TestLoginThroughDataProvider.closebrowser(TestLoginThroughDataProvider.java:63)
	at Maven.CompanyName.ProjectName.ModuleName.AutomationPractice.TestScript.TestLoginThroughDataProvider.closebrowser(TestLoginThroughDataProvider.java:63)
	at Maven.CompanyName.ProjectName.ModuleName.AutomationPractice.TestScript.TestLoginThroughDataProvider.closebrowser(TestLoginThroughDataProvider.java:63)
	at Maven.CompanyName.ProjectName.ModuleName.AutomationPractice.TestScript.TestLoginThroughDataProvider.closebrowser(TestLoginThroughDataProvider.java:63)
	at Maven.CompanyName.ProjectName.ModuleName.AutomationPractice.TestScript.TestLoginThroughDataProvider.closebrowser(TestLoginThroughDataProvider.java:63)
	at Maven.CompanyName.ProjectName.ModuleName.AutomationPractice.TestScript.TestLoginThroughDataProvider.closebrowser(TestLoginThroughDataProvider.java:63)
	at Maven.CompanyName.ProjectName.ModuleName.AutomationPractice.TestScript.TestLoginThroughDataProvider.closebrowser(TestLoginThroughDataProvider.java:63)
	at Maven.CompanyName.ProjectName.ModuleName.AutomationPractice.TestScript.TestLoginThroughDataProvider.closebrowser(TestLoginThroughDataProvider.java:63)
	at Maven.CompanyName.ProjectName.ModuleName.AutomationPractice.TestScript.TestLoginThroughDataProvider.closebrowser(TestLoginThroughDataProvider.java:63)
	at Maven.CompanyName.ProjectName.ModuleName.AutomationPractice.TestScript.TestLoginThroughDataProvider.closebrowser(TestLoginThroughDataProvider.java:63)
	at Maven.CompanyName.ProjectName.ModuleName.AutomationPractice.TestScript.TestLoginThroughDataProvider.closebrowser(TestLoginThroughDataProvider.java:63)
	at Maven.CompanyName.ProjectName.ModuleName.AutomationPractice.TestScript.TestLoginThroughDataProvider.closebrowser(TestLoginThroughDataProvider.java:63)
	at Maven.CompanyName.ProjectName.ModuleName.AutomationPractice.TestScript.TestLoginThroughDataProvider.closebrowser(TestLoginThroughDataProvider.java:63)
	at Maven.CompanyName.ProjectName.ModuleName.AutomationPractice.TestScript.TestLoginThroughDataProvider.closebrowser(TestLoginThroughDataProvider.java:63)
	at Maven.CompanyName.ProjectName.ModuleName.AutomationPractice.TestScript.TestLoginThroughDataProvider.closebrowser(TestLoginThroughDataProvider.java:63)
	at Maven.CompanyName.ProjectName.ModuleName.AutomationPractice.TestScript.TestLoginThroughDataProvider.closebrowser(TestLoginThroughDataProvider.java:63)
	at Maven.CompanyName.ProjectName.ModuleName.AutomationPractice.TestScript.TestLoginThroughDataProvider.closebrowser(TestLoginThroughDataProvider.java:63)
	at Maven.CompanyName.ProjectName.ModuleName.AutomationPractice.TestScript.TestLoginThroughDataProvider.closebrowser(TestLoginThroughDataProvider.java:63)
	at Maven.CompanyName.ProjectName.ModuleName.AutomationPractice.TestScript.TestLoginThroughDataProvider.closebrowser(TestLoginThroughDataProvider.java:63)
	at Maven.CompanyName.ProjectName.ModuleName.AutomationPractice.TestScript.TestLoginThroughDataProvider.closebrowser(TestLoginThroughDataProvider.java:63)
	at Maven.CompanyName.ProjectName.ModuleName.AutomationPractice.TestScript.TestLoginThroughDataProvider.closebrowser(TestLoginThroughDataProvider.java:63)
	at Maven.CompanyName.ProjectName.ModuleName.AutomationPractice.TestScript.TestLoginThroughDataProvider.closebrowser(TestLoginThroughDataProvider.java:63)
	at Maven.CompanyName.ProjectName.ModuleName.AutomationPractice.TestScript.TestLoginThroughDataProvider.closebrowser(TestLoginThroughDataProvider.java:63)
	at Maven.CompanyName.ProjectName.ModuleName.AutomationPractice.TestScript.TestLoginThroughDataProvider.closebrowser(TestLoginThroughDataProvider.java:63)
	at Maven.CompanyName.ProjectName.ModuleName.AutomationPractice.TestScript.TestLoginThroughDataProvider.closebrowser(TestLoginThroughDataProvider.java:63)
	at Maven.CompanyName.ProjectName.ModuleName.AutomationPractice.TestScript.TestLoginThroughDataProvider.closebrowser(TestLoginThroughDataProvider.java:63)
	at Maven.CompanyName.ProjectName.ModuleName.AutomationPractice.TestScript.TestLoginThroughDataProvider.closebrowser(TestLoginThroughDataProvider.java:63)
	at Maven.CompanyName.ProjectName.ModuleName.AutomationPractice.TestScript.TestLoginThroughDataProvider.closebrowser(TestLoginThroughDataProvider.java:63)
	at Maven.CompanyName.ProjectName.ModuleName.AutomationPractice.TestScript.TestLoginThroughDataProvider.closebrowser(TestLoginThroughDataProvider.java:63)
	at Maven.CompanyName.ProjectName.ModuleName.AutomationPractice.TestScript.TestLoginThroughDataProvider.closebrowser(TestLoginThroughDataProvider.java:63)
	at Maven.CompanyName.ProjectName.ModuleName.AutomationPractice.TestScript.TestLoginThroughDataProvider.closebrowser(TestLoginThroughDataProvider.java:63)
	at Maven.CompanyName.ProjectName.ModuleName.AutomationPractice.TestScript.TestLoginThroughDataProvider.closebrowser(TestLoginThroughDataProvider.java:63)
	at Maven.CompanyName.ProjectName.ModuleName.AutomationPractice.TestScript.TestLoginThroughDataProvider.closebrowser(TestLoginThroughDataProvider.java:63)
	at Maven.CompanyName.ProjectName.ModuleName.AutomationPractice.TestScript.TestLoginThroughDataProvider.closebrowser(TestLoginThroughDataProvider.java:63)
	at Maven.CompanyName.ProjectName.ModuleName.AutomationPractice.TestScript.TestLoginThroughDataProvider.closebrowser(TestLoginThroughDataProvider.java:63)
	at Maven.CompanyName.ProjectName.ModuleName.AutomationPractice.TestScript.TestLoginThroughDataProvider.closebrowser(TestLoginThroughDataProvider.java:63)
	at Maven.CompanyName.ProjectName.ModuleName.AutomationPractice.TestScript.TestLoginThroughDataProvider.closebrowser(TestLoginThroughDataProvider.java:63)
	at Maven.CompanyName.ProjectName.ModuleName.AutomationPractice.TestScript.TestLoginThroughDataProvider.closebrowser(TestLoginThroughDataProvider.java:63)
	at Maven.CompanyName.ProjectName.ModuleName.AutomationPractice.TestScript.TestLoginThroughDataProvider.closebrowser(TestLoginThroughDataProvider.java:63)
	at Maven.CompanyName.ProjectName.ModuleName.AutomationPractice.TestScript.TestLoginThroughDataProvider.closebrowser(TestLoginThroughDataProvider.java:63)
	at Maven.CompanyName.ProjectName.ModuleName.AutomationPractice.TestScript.TestLoginThroughDataProvider.closebrowser(TestLoginThroughDataProvider.java:63)
	at Maven.CompanyName.ProjectName.ModuleName.AutomationPractice.TestScript.TestLoginThroughDataProvider.closebrowser(TestLoginThroughDataProvider.java:63)
	at Maven.CompanyName.ProjectName.ModuleName.AutomationPractice.TestScript.TestLoginThroughDataProvider.closebrowser(TestLoginThroughDataProvider.java:63)
	at Maven.CompanyName.ProjectName.ModuleName.AutomationPractice.TestScript.TestLoginThroughDataProvider.closebrowser(TestLoginThroughDataProvider.java:63)
	at Maven.CompanyName.ProjectName.ModuleName.AutomationPractice.TestScript.TestLoginThroughDataProvider.closebrowser(TestLoginThroughDataProvider.java:63)
	at Maven.CompanyName.ProjectName.ModuleName.AutomationPractice.TestScript.TestLoginThroughDataProvider.closebrowser(TestLoginThroughDataProvider.java:63)
	at Maven.CompanyName.ProjectName.ModuleName.AutomationPractice.TestScript.TestLoginThroughDataProvider.closebrowser(TestLoginThroughDataProvider.java:63)
	at Maven.CompanyName.ProjectName.ModuleName.AutomationPractice.TestScript.TestLoginThroughDataProvider.closebrowser(TestLoginThroughDataProvider.java:63)
	at Maven.CompanyName.ProjectName.ModuleName.AutomationPractice.TestScript.TestLoginThroughDataProvider.closebrowser(TestLoginThroughDataProvider.java:63)
	at Maven.CompanyName.ProjectName.ModuleName.AutomationPractice.TestScript.TestLoginThroughDataProvider.closebrowser(TestLoginThroughDataProvider.java:63)
	at Maven.CompanyName.ProjectName.ModuleName.AutomationPractice.TestScript.TestLoginThroughDataProvider.closebrowser(TestLoginThroughDataProvider.java:63)
	at Maven.CompanyName.ProjectName.ModuleName.AutomationPractice.TestScript.TestLoginThroughDataProvider.closebrowser(TestLoginThroughDataProvider.java:63)
	at Maven.CompanyName.ProjectName.ModuleName.AutomationPractice.TestScript.TestLoginThroughDataProvider.closebrowser(TestLoginThroughDataProvider.java:63)
	at Maven.CompanyName.ProjectName.ModuleName.AutomationPractice.TestScript.TestLoginThroughDataProvider.closebrowser(TestLoginThroughDataProvider.java:63)
	at Maven.CompanyName.ProjectName.ModuleName.AutomationPractice.TestScript.TestLoginThroughDataProvider.closebrowser(TestLoginThroughDataProvider.java:63)
	at Maven.CompanyName.ProjectName.ModuleName.AutomationPractice.TestScript.TestLoginThroughDataProvider.closebrowser(TestLoginThroughDataProvider.java:63)
	at Maven.CompanyName.ProjectName.ModuleName.AutomationPractice.TestScript.TestLoginThroughDataProvider.closebrowser(TestLoginThroughDataProvider.java:63)
	at Maven.CompanyName.ProjectName.ModuleName.AutomationPractice.TestScript.TestLoginThroughDataProvider.closebrowser(TestLoginThroughDataProvider.java:63)
	at Maven.CompanyName.ProjectName.ModuleName.AutomationPractice.TestScript.TestLoginThroughDataProvider.closebrowser(TestLoginThroughDataProvider.java:63)
	at Maven.CompanyName.ProjectName.ModuleName.AutomationPractice.TestScript.TestLoginThroughDataProvider.closebrowser(TestLoginThroughDataProvider.java:63)
	at Maven.CompanyName.ProjectName.ModuleName.AutomationPractice.TestScript.TestLoginThroughDataProvider.closebrowser(TestLoginThroughDataProvider.java:63)
	at Maven.CompanyName.ProjectName.ModuleName.AutomationPractice.TestScript.TestLoginThroughDataProvider.closebrowser(TestLoginThroughDataProvider.java:63)
	at Maven.CompanyName.ProjectName.ModuleName.AutomationPractice.TestScript.TestLoginThroughDataProvider.closebrowser(TestLoginThroughDataProvider.java:63)
	at Maven.CompanyName.ProjectName.ModuleName.AutomationPractice.TestScript.TestLoginThroughDataProvider.closebrowser(TestLoginThroughDataProvider.java:63)
	at Maven.CompanyName.ProjectName.ModuleName.AutomationPractice.TestScript.TestLoginThroughDataProvider.closebrowser(TestLoginThroughDataProvider.java:63)
	at Maven.CompanyName.ProjectName.ModuleName.AutomationPractice.TestScript.TestLoginThroughDataProvider.closebrowser(TestLoginThroughDataProvider.java:63)
	at Maven.CompanyName.ProjectName.ModuleName.AutomationPractice.TestScript.TestLoginThroughDataProvider.closebrowser(TestLoginThroughDataProvider.java:63)
	at Maven.CompanyName.ProjectName.ModuleName.AutomationPractice.TestScript.TestLoginThroughDataProvider.closebrowser(TestLoginThroughDataProvider.java:63)
	at Maven.CompanyName.ProjectName.ModuleName.AutomationPractice.TestScript.TestLoginThroughDataProvider.closebrowser(TestLoginThroughDataProvider.java:63)
	at Maven.CompanyName.ProjectName.ModuleName.AutomationPractice.TestScript.TestLoginThroughDataProvider.closebrowser(TestLoginThroughDataProvider.java:63)
	at Maven.CompanyName.ProjectName.ModuleName.AutomationPractice.TestScript.TestLoginThroughDataProvider.closebrowser(TestLoginThroughDataProvider.java:63)
	at Maven.CompanyName.ProjectName.ModuleName.AutomationPractice.TestScript.TestLoginThroughDataProvider.closebrowser(TestLoginThroughDataProvider.java:63)
	at Maven.CompanyName.ProjectName.ModuleName.AutomationPractice.TestScript.TestLoginThroughDataProvider.closebrowser(TestLoginThroughDataProvider.java:63)
	at Maven.CompanyName.ProjectName.ModuleName.AutomationPractice.TestScript.TestLoginThroughDataProvider.closebrowser(TestLoginThroughDataProvider.java:63)
	at Maven.CompanyName.ProjectName.ModuleName.AutomationPractice.TestScript.TestLoginThroughDataProvider.closebrowser(TestLoginThroughDataProvider.java:63)
	at Maven.CompanyName.ProjectName.ModuleName.AutomationPractice.TestScript.TestLoginThroughDataProvider.closebrowser(TestLoginThroughDataProvider.java:63)
	at Maven.CompanyName.ProjectName.ModuleName.AutomationPractice.TestScript.TestLoginThroughDataProvider.closebrowser(TestLoginThroughDataProvider.java:63)
	at Maven.CompanyName.ProjectName.ModuleName.AutomationPractice.TestScript.TestLoginThroughDataProvider.closebrowser(TestLoginThroughDataProvider.java:63)
	at Maven.CompanyName.ProjectName.ModuleName.AutomationPractice.TestScript.TestLoginThroughDataProvider.closebrowser(TestLoginThroughDataProvider.java:63)
	at Maven.CompanyName.ProjectName.ModuleName.AutomationPractice.TestScript.TestLoginThroughDataProvider.closebrowser(TestLoginThroughDataProvider.java:63)
	at Maven.CompanyName.ProjectName.ModuleName.AutomationPractice.TestScript.TestLoginThroughDataProvider.closebrowser(TestLoginThroughDataProvider.java:63)
	at Maven.CompanyName.ProjectName.ModuleName.AutomationPractice.TestScript.TestLoginThroughDataProvider.closebrowser(TestLoginThroughDataProvider.java:63)
	at Maven.CompanyName.ProjectName.ModuleName.AutomationPractice.TestScript.TestLoginThroughDataProvider.closebrowser(TestLoginThroughDataProvider.java:63)
	at Maven.CompanyName.ProjectName.ModuleName.AutomationPractice.TestScript.TestLoginThroughDataProvider.closebrowser(TestLoginThroughDataProvider.java:63)
	at Maven.CompanyName.ProjectName.ModuleName.AutomationPractice.TestScript.TestLoginThroughDataProvider.closebrowser(TestLoginThroughDataProvider.java:63)
	at Maven.CompanyName.ProjectName.ModuleName.AutomationPractice.TestScript.TestLoginThroughDataProvider.closebrowser(TestLoginThroughDataProvider.java:63)
	at Maven.CompanyName.ProjectName.ModuleName.AutomationPractice.TestScript.TestLoginThroughDataProvider.closebrowser(TestLoginThroughDataProvider.java:63)
	at Maven.CompanyName.ProjectName.ModuleName.AutomationPractice.TestScript.TestLoginThroughDataProvider.closebrowser(TestLoginThroughDataProvider.java:63)
	at Maven.CompanyName.ProjectName.ModuleName.AutomationPractice.TestScript.TestLoginThroughDataProvider.closebrowser(TestLoginThroughDataProvider.java:63)
	at Maven.CompanyName.ProjectName.ModuleName.AutomationPractice.TestScript.TestLoginThroughDataProvider.closebrowser(TestLoginThroughDataProvider.java:63)
	at Maven.CompanyName.ProjectName.ModuleName.AutomationPractice.TestScript.TestLoginThroughDataProvider.closebrowser(TestLoginThroughDataProvider.java:63)
	at Maven.CompanyName.ProjectName.ModuleName.AutomationPractice.TestScript.TestLoginThroughDataProvider.closebrowser(TestLoginThroughDataProvider.java:63)
	at Maven.CompanyName.ProjectName.ModuleName.AutomationPractice.TestScript.TestLoginThroughDataProvider.closebrowser(TestLoginThroughDataProvider.java:63)
	at Maven.CompanyName.ProjectName.ModuleName.AutomationPractice.TestScript.TestLoginThroughDataProvider.closebrowser(TestLoginThroughDataProvider.java:63)
	at Maven.CompanyName.ProjectName.ModuleName.AutomationPractice.TestScript.TestLoginThroughDataProvider.closebrowser(TestLoginThroughDataProvider.java:63)
	at Maven.CompanyName.ProjectName.ModuleName.AutomationPractice.TestScript.TestLoginThroughDataProvider.closebrowser(TestLoginThroughDataProvider.java:63)
	at Maven.CompanyName.ProjectName.ModuleName.AutomationPractice.TestScript.TestLoginThroughDataProvider.closebrowser(TestLoginThroughDataProvider.java:63)
	at Maven.CompanyName.ProjectName.ModuleName.AutomationPractice.TestScript.TestLoginThroughDataProvider.closebrowser(TestLoginThroughDataProvider.java:63)
	at Maven.CompanyName.ProjectName.ModuleName.AutomationPractice.TestScript.TestLoginThroughDataProvider.closebrowser(TestLoginThroughDataProvider.java:63)
	at Maven.CompanyName.ProjectName.ModuleName.AutomationPractice.TestScript.TestLoginThroughDataProvider.closebrowser(TestLoginThroughDataProvider.java:63)
	at Maven.CompanyName.ProjectName.ModuleName.AutomationPractice.TestScript.TestLoginThroughDataProvider.closebrowser(TestLoginThroughDataProvider.java:63)
	at Maven.CompanyName.ProjectName.ModuleName.AutomationPractice.TestScript.TestLoginThroughDataProvider.closebrowser(TestLoginThroughDataProvider.java:63)
	at Maven.CompanyName.ProjectName.ModuleName.AutomationPractice.TestScript.TestLoginThroughDataProvider.closebrowser(TestLoginThroughDataProvider.java:63)
	at Maven.CompanyName.ProjectName.ModuleName.AutomationPractice.TestScript.TestLoginThroughDataProvider.closebrowser(TestLoginThroughDataProvider.java:63)
	at Maven.CompanyName.ProjectName.ModuleName.AutomationPractice.TestScript.TestLoginThroughDataProvider.closebrowser(TestLoginThroughDataProvider.java:63)
	at Maven.CompanyName.ProjectName.ModuleName.AutomationPractice.TestScript.TestLoginThroughDataProvider.closebrowser(TestLoginThroughDataProvider.java:63)
	at Maven.CompanyName.ProjectName.ModuleName.AutomationPractice.TestScript.TestLoginThroughDataProvider.closebrowser(TestLoginThroughDataProvider.java:63)
	at Maven.CompanyName.ProjectName.ModuleName.AutomationPractice.TestScript.TestLoginThroughDataProvider.closebrowser(TestLoginThroughDataProvider.java:63)
	at Maven.CompanyName.ProjectName.ModuleName.AutomationPractice.TestScript.TestLoginThroughDataProvider.closebrowser(TestLoginThroughDataProvider.java:63)
	at Maven.CompanyName.ProjectName.ModuleName.AutomationPractice.TestScript.TestLoginThroughDataProvider.closebrowser(TestLoginThroughDataProvider.java:63)
	at Maven.CompanyName.ProjectName.ModuleName.AutomationPractice.TestScript.TestLoginThroughDataProvider.closebrowser(TestLoginThroughDataProvider.java:63)
	at Maven.CompanyName.ProjectName.ModuleName.AutomationPractice.TestScript.TestLoginThroughDataProvider.closebrowser(TestLoginThroughDataProvider.java:63)
	at Maven.CompanyName.ProjectName.ModuleName.AutomationPractice.TestScript.TestLoginThroughDataProvider.closebrowser(TestLoginThroughDataProvider.java:63)
	at Maven.CompanyName.ProjectName.ModuleName.AutomationPractice.TestScript.TestLoginThroughDataProvider.closebrowser(TestLoginThroughDataProvider.java:63)
	at Maven.CompanyName.ProjectName.ModuleName.AutomationPractice.TestScript.TestLoginThroughDataProvider.closebrowser(TestLoginThroughDataProvider.java:63)
	at Maven.CompanyName.ProjectName.ModuleName.AutomationPractice.TestScript.TestLoginThroughDataProvider.closebrowser(TestLoginThroughDataProvider.java:63)
	at Maven.CompanyName.ProjectName.ModuleName.AutomationPractice.TestScript.TestLoginThroughDataProvider.closebrowser(TestLoginThroughDataProvider.java:63)
	at Maven.CompanyName.ProjectName.ModuleName.AutomationPractice.TestScript.TestLoginThroughDataProvider.closebrowser(TestLoginThroughDataProvider.java:63)
	at Maven.CompanyName.ProjectName.ModuleName.AutomationPractice.TestScript.TestLoginThroughDataProvider.closebrowser(TestLoginThroughDataProvider.java:63)
	at Maven.CompanyName.ProjectName.ModuleName.AutomationPractice.TestScript.TestLoginThroughDataProvider.closebrowser(TestLoginThroughDataProvider.java:63)
	at Maven.CompanyName.ProjectName.ModuleName.AutomationPractice.TestScript.TestLoginThroughDataProvider.closebrowser(TestLoginThroughDataProvider.java:63)
	at Maven.CompanyName.ProjectName.ModuleName.AutomationPractice.TestScript.TestLoginThroughDataProvider.closebrowser(TestLoginThroughDataProvider.java:63)
	at Maven.CompanyName.ProjectName.ModuleName.AutomationPractice.TestScript.TestLoginThroughDataProvider.closebrowser(TestLoginThroughDataProvider.java:63)
	at Maven.CompanyName.ProjectName.ModuleName.AutomationPractice.TestScript.TestLoginThroughDataProvider.closebrowser(TestLoginThroughDataProvider.java:63)
	at Maven.CompanyName.ProjectName.ModuleName.AutomationPractice.TestScript.TestLoginThroughDataProvider.closebrowser(TestLoginThroughDataProvider.java:63)
	at Maven.CompanyName.ProjectName.ModuleName.AutomationPractice.TestScript.TestLoginThroughDataProvider.closebrowser(TestLoginThroughDataProvider.java:63)
	at Maven.CompanyName.ProjectName.ModuleName.AutomationPractice.TestScript.TestLoginThroughDataProvider.closebrowser(TestLoginThroughDataProvider.java:63)
	at Maven.CompanyName.ProjectName.ModuleName.AutomationPractice.TestScript.TestLoginThroughDataProvider.closebrowser(TestLoginThroughDataProvider.java:63)
	at Maven.CompanyName.ProjectName.ModuleName.AutomationPractice.TestScript.TestLoginThroughDataProvider.closebrowser(TestLoginThroughDataProvider.java:63)
	at Maven.CompanyName.ProjectName.ModuleName.AutomationPractice.TestScript.TestLoginThroughDataProvider.closebrowser(TestLoginThroughDataProvider.java:63)
	at Maven.CompanyName.ProjectName.ModuleName.AutomationPractice.TestScript.TestLoginThroughDataProvider.closebrowser(TestLoginThroughDataProvider.java:63)
	at Maven.CompanyName.ProjectName.ModuleName.AutomationPractice.TestScript.TestLoginThroughDataProvider.closebrowser(TestLoginThroughDataProvider.java:63)
	at Maven.CompanyName.ProjectName.ModuleName.AutomationPractice.TestScript.TestLoginThroughDataProvider.closebrowser(TestLoginThroughDataProvider.java:63)
	at Maven.CompanyName.ProjectName.ModuleName.AutomationPractice.TestScript.TestLoginThroughDataProvider.closebrowser(TestLoginThroughDataProvider.java:63)
	at Maven.CompanyName.ProjectName.ModuleName.AutomationPractice.TestScript.TestLoginThroughDataProvider.closebrowser(TestLoginThroughDataProvider.java:63)
	at Maven.CompanyName.ProjectName.ModuleName.AutomationPractice.TestScript.TestLoginThroughDataProvider.closebrowser(TestLoginThroughDataProvider.java:63)
	at Maven.CompanyName.ProjectName.ModuleName.AutomationPractice.TestScript.TestLoginThroughDataProvider.closebrowser(TestLoginThroughDataProvider.java:63)
	at Maven.CompanyName.ProjectName.ModuleName.AutomationPractice.TestScript.TestLoginThroughDataProvider.closebrowser(TestLoginThroughDataProvider.java:63)
	at Maven.CompanyName.ProjectName.ModuleName.AutomationPractice.TestScript.TestLoginThroughDataProvider.closebrowser(TestLoginThroughDataProvider.java:63)
	at Maven.CompanyName.ProjectName.ModuleName.AutomationPractice.TestScript.TestLoginThroughDataProvider.closebrowser(TestLoginThroughDataProvider.java:63)
	at Maven.CompanyName.ProjectName.ModuleName.AutomationPractice.TestScript.TestLoginThroughDataProvider.closebrowser(TestLoginThroughDataProvider.java:63)
	at Maven.CompanyName.ProjectName.ModuleName.AutomationPractice.TestScript.TestLoginThroughDataProvider.closebrowser(TestLoginThroughDataProvider.java:63)
	at Maven.CompanyName.ProjectName.ModuleName.AutomationPractice.TestScript.TestLoginThroughDataProvider.closebrowser(TestLoginThroughDataProvider.java:63)
	at Maven.CompanyName.ProjectName.ModuleName.AutomationPractice.TestScript.TestLoginThroughDataProvider.closebrowser(TestLoginThroughDataProvider.java:63)
	at Maven.CompanyName.ProjectName.ModuleName.AutomationPractice.TestScript.TestLoginThroughDataProvider.closebrowser(TestLoginThroughDataProvider.java:63)
	at Maven.CompanyName.ProjectName.ModuleName.AutomationPractice.TestScript.TestLoginThroughDataProvider.closebrowser(TestLoginThroughDataProvider.java:63)
	at Maven.CompanyName.ProjectName.ModuleName.AutomationPractice.TestScript.TestLoginThroughDataProvider.closebrowser(TestLoginThroughDataProvider.java:63)
	at Maven.CompanyName.ProjectName.ModuleName.AutomationPractice.TestScript.TestLoginThroughDataProvider.closebrowser(TestLoginThroughDataProvider.java:63)
	at Maven.CompanyName.ProjectName.ModuleName.AutomationPractice.TestScript.TestLoginThroughDataProvider.closebrowser(TestLoginThroughDataProvider.java:63)
	at Maven.CompanyName.ProjectName.ModuleName.AutomationPractice.TestScript.TestLoginThroughDataProvider.closebrowser(TestLoginThroughDataProvider.java:63)
	at Maven.CompanyName.ProjectName.ModuleName.AutomationPractice.TestScript.TestLoginThroughDataProvider.closebrowser(TestLoginThroughDataProvider.java:63)
	at Maven.CompanyName.ProjectName.ModuleName.AutomationPractice.TestScript.TestLoginThroughDataProvider.closebrowser(TestLoginThroughDataProvider.java:63)
	at Maven.CompanyName.ProjectName.ModuleName.AutomationPractice.TestScript.TestLoginThroughDataProvider.closebrowser(TestLoginThroughDataProvider.java:63)
	at Maven.CompanyName.ProjectName.ModuleName.AutomationPractice.TestScript.TestLoginThroughDataProvider.closebrowser(TestLoginThroughDataProvider.java:63)
	at Maven.CompanyName.ProjectName.ModuleName.AutomationPractice.TestScript.TestLoginThroughDataProvider.closebrowser(TestLoginThroughDataProvider.java:63)
	at Maven.CompanyName.ProjectName.ModuleName.AutomationPractice.TestScript.TestLoginThroughDataProvider.closebrowser(TestLoginThroughDataProvider.java:63)
	at Maven.CompanyName.ProjectName.ModuleName.AutomationPractice.TestScript.TestLoginThroughDataProvider.closebrowser(TestLoginThroughDataProvider.java:63)
	at Maven.CompanyName.ProjectName.ModuleName.AutomationPractice.TestScript.TestLoginThroughDataProvider.closebrowser(TestLoginThroughDataProvider.java:63)
	at Maven.CompanyName.ProjectName.ModuleName.AutomationPractice.TestScript.TestLoginThroughDataProvider.closebrowser(TestLoginThroughDataProvider.java:63)
	at Maven.CompanyName.ProjectName.ModuleName.AutomationPractice.TestScript.TestLoginThroughDataProvider.closebrowser(TestLoginThroughDataProvider.java:63)
	at Maven.CompanyName.ProjectName.ModuleName.AutomationPractice.TestScript.TestLoginThroughDataProvider.closebrowser(TestLoginThroughDataProvider.java:63)
	at Maven.CompanyName.ProjectName.ModuleName.AutomationPractice.TestScript.TestLoginThroughDataProvider.closebrowser(TestLoginThroughDataProvider.java:63)
	at Maven.CompanyName.ProjectName.ModuleName.AutomationPractice.TestScript.TestLoginThroughDataProvider.closebrowser(TestLoginThroughDataProvider.java:63)
	at Maven.CompanyName.ProjectName.ModuleName.AutomationPractice.TestScript.TestLoginThroughDataProvider.closebrowser(TestLoginThroughDataProvider.java:63)
	at Maven.CompanyName.ProjectName.ModuleName.AutomationPractice.TestScript.TestLoginThroughDataProvider.closebrowser(TestLoginThroughDataProvider.java:63)
	at Maven.CompanyName.ProjectName.ModuleName.AutomationPractice.TestScript.TestLoginThroughDataProvider.closebrowser(TestLoginThroughDataProvider.java:63)
	at Maven.CompanyName.ProjectName.ModuleName.AutomationPractice.TestScript.TestLoginThroughDataProvider.closebrowser(TestLoginThroughDataProvider.java:63)
	at Maven.CompanyName.ProjectName.ModuleName.AutomationPractice.TestScript.TestLoginThroughDataProvider.closebrowser(TestLoginThroughDataProvider.java:63)
	at Maven.CompanyName.ProjectName.ModuleName.AutomationPractice.TestScript.TestLoginThroughDataProvider.closebrowser(TestLoginThroughDataProvider.java:63)
	at Maven.CompanyName.ProjectName.ModuleName.AutomationPractice.TestScript.TestLoginThroughDataProvider.closebrowser(TestLoginThroughDataProvider.java:63)
	at Maven.CompanyName.ProjectName.ModuleName.AutomationPractice.TestScript.TestLoginThroughDataProvider.closebrowser(TestLoginThroughDataProvider.java:63)
	at Maven.CompanyName.ProjectName.ModuleName.AutomationPractice.TestScript.TestLoginThroughDataProvider.closebrowser(TestLoginThroughDataProvider.java:63)
	at Maven.CompanyName.ProjectName.ModuleName.AutomationPractice.TestScript.TestLoginThroughDataProvider.closebrowser(TestLoginThroughDataProvider.java:63)
	at Maven.CompanyName.ProjectName.ModuleName.AutomationPractice.TestScript.TestLoginThroughDataProvider.closebrowser(TestLoginThroughDataProvider.java:63)
	at Maven.CompanyName.ProjectName.ModuleName.AutomationPractice.TestScript.TestLoginThroughDataProvider.closebrowser(TestLoginThroughDataProvider.java:63)
	at Maven.CompanyName.ProjectName.ModuleName.AutomationPractice.TestScript.TestLoginThroughDataProvider.closebrowser(TestLoginThroughDataProvider.java:63)
	at Maven.CompanyName.ProjectName.ModuleName.AutomationPractice.TestScript.TestLoginThroughDataProvider.closebrowser(TestLoginThroughDataProvider.java:63)
	at Maven.CompanyName.ProjectName.ModuleName.AutomationPractice.TestScript.TestLoginThroughDataProvider.closebrowser(TestLoginThroughDataProvider.java:63)
	at Maven.CompanyName.ProjectName.ModuleName.AutomationPractice.TestScript.TestLoginThroughDataProvider.closebrowser(TestLoginThroughDataProvider.java:63)
	at Maven.CompanyName.ProjectName.ModuleName.AutomationPractice.TestScript.TestLoginThroughDataProvider.closebrowser(TestLoginThroughDataProvider.java:63)
	at Maven.CompanyName.ProjectName.ModuleName.AutomationPractice.TestScript.TestLoginThroughDataProvider.closebrowser(TestLoginThroughDataProvider.java:63)
	at Maven.CompanyName.ProjectName.ModuleName.AutomationPractice.TestScript.TestLoginThroughDataProvider.closebrowser(TestLoginThroughDataProvider.java:63)
	at Maven.CompanyName.ProjectName.ModuleName.AutomationPractice.TestScript.TestLoginThroughDataProvider.closebrowser(TestLoginThroughDataProvider.java:63)
	at Maven.CompanyName.ProjectName.ModuleName.AutomationPractice.TestScript.TestLoginThroughDataProvider.closebrowser(TestLoginThroughDataProvider.java:63)
	at Maven.CompanyName.ProjectName.ModuleName.AutomationPractice.TestScript.TestLoginThroughDataProvider.closebrowser(TestLoginThroughDataProvider.java:63)
	at Maven.CompanyName.ProjectName.ModuleName.AutomationPractice.TestScript.TestLoginThroughDataProvider.closebrowser(TestLoginThroughDataProvider.java:63)
	at Maven.CompanyName.ProjectName.ModuleName.AutomationPractice.TestScript.TestLoginThroughDataProvider.closebrowser(TestLoginThroughDataProvider.java:63)
	at Maven.CompanyName.ProjectName.ModuleName.AutomationPractice.TestScript.TestLoginThroughDataProvider.closebrowser(TestLoginThroughDataProvider.java:63)
	at Maven.CompanyName.ProjectName.ModuleName.AutomationPractice.TestScript.TestLoginThroughDataProvider.closebrowser(TestLoginThroughDataProvider.java:63)
	at Maven.CompanyName.ProjectName.ModuleName.AutomationPractice.TestScript.TestLoginThroughDataProvider.closebrowser(TestLoginThroughDataProvider.java:63)
	at Maven.CompanyName.ProjectName.ModuleName.AutomationPractice.TestScript.TestLoginThroughDataProvider.closebrowser(TestLoginThroughDataProvider.java:63)
	at Maven.CompanyName.ProjectName.ModuleName.AutomationPractice.TestScript.TestLoginThroughDataProvider.closebrowser(TestLoginThroughDataProvider.java:63)
	at Maven.CompanyName.ProjectName.ModuleName.AutomationPractice.TestScript.TestLoginThroughDataProvider.closebrowser(TestLoginThroughDataProvider.java:63)
	at Maven.CompanyName.ProjectName.ModuleName.AutomationPractice.TestScript.TestLoginThroughDataProvider.closebrowser(TestLoginThroughDataProvider.java:63)
	at Maven.CompanyName.ProjectName.ModuleName.AutomationPractice.TestScript.TestLoginThroughDataProvider.closebrowser(TestLoginThroughDataProvider.java:63)
	at Maven.CompanyName.ProjectName.ModuleName.AutomationPractice.TestScript.TestLoginThroughDataProvider.closebrowser(TestLoginThroughDataProvider.java:63)
	at Maven.CompanyName.ProjectName.ModuleName.AutomationPractice.TestScript.TestLoginThroughDataProvider.closebrowser(TestLoginThroughDataProvider.java:63)
	at Maven.CompanyName.ProjectName.ModuleName.AutomationPractice.TestScript.TestLoginThroughDataProvider.closebrowser(TestLoginThroughDataProvider.java:63)
	at Maven.CompanyName.ProjectName.ModuleName.AutomationPractice.TestScript.TestLoginThroughDataProvider.closebrowser(TestLoginThroughDataProvider.java:63)
	at Maven.CompanyName.ProjectName.ModuleName.AutomationPractice.TestScript.TestLoginThroughDataProvider.closebrowser(TestLoginThroughDataProvider.java:63)
	at Maven.CompanyName.ProjectName.ModuleName.AutomationPractice.TestScript.TestLoginThroughDataProvider.closebrowser(TestLoginThroughDataProvider.java:63)
	at Maven.CompanyName.ProjectName.ModuleName.AutomationPractice.TestScript.TestLoginThroughDataProvider.closebrowser(TestLoginThroughDataProvider.java:63)
	at Maven.CompanyName.ProjectName.ModuleName.AutomationPractice.TestScript.TestLoginThroughDataProvider.closebrowser(TestLoginThroughDataProvider.java:63)
	at Maven.CompanyName.ProjectName.ModuleName.AutomationPractice.TestScript.TestLoginThroughDataProvider.closebrowser(TestLoginThroughDataProvider.java:63)
	at Maven.CompanyName.ProjectName.ModuleName.AutomationPractice.TestScript.TestLoginThroughDataProvider.closebrowser(TestLoginThroughDataProvider.java:63)
	at Maven.CompanyName.ProjectName.ModuleName.AutomationPractice.TestScript.TestLoginThroughDataProvider.closebrowser(TestLoginThroughDataProvider.java:63)
	at Maven.CompanyName.ProjectName.ModuleName.AutomationPractice.TestScript.TestLoginThroughDataProvider.closebrowser(TestLoginThroughDataProvider.java:63)
	at Maven.CompanyName.ProjectName.ModuleName.AutomationPractice.TestScript.TestLoginThroughDataProvider.closebrowser(TestLoginThroughDataProvider.java:63)
	at Maven.CompanyName.ProjectName.ModuleName.AutomationPractice.TestScript.TestLoginThroughDataProvider.closebrowser(TestLoginThroughDataProvider.java:63)
	at Maven.CompanyName.ProjectName.ModuleName.AutomationPractice.TestScript.TestLoginThroughDataProvider.closebrowser(TestLoginThroughDataProvider.java:63)
[...]
	at Maven.CompanyName.ProjectName.ModuleName.AutomationPractice.TestScript.TestLoginThroughDataProvider.closebrowser(TestLoginThroughDataProvider.java:63)
	at Maven.CompanyName.ProjectName.ModuleName.AutomationPractice.TestScript.TestLoginThroughDataProvider.closebrowser(TestLoginThroughDataProvider.java:63)
	at Maven.CompanyName.ProjectName.ModuleName.AutomationPractice.TestScript.TestLoginThroughDataProvider.closebrowser(TestLoginThroughDataProvider.java:63)
	at Maven.CompanyName.ProjectName.ModuleName.AutomationPractice.TestScript.TestLoginThroughDataProvider.closebrowser(TestLoginThroughDataProvider.java:63)
	at Maven.CompanyName.ProjectName.ModuleName.AutomationPractice.TestScript.TestLoginThroughDataProvider.closebrowser(TestLoginThroughDataProvider.java:63)
	at Maven.CompanyName.ProjectName.ModuleName.AutomationPractice.TestScript.TestLoginThroughDataProvider.closebrowser(TestLoginThroughDataProvider.java:63)
	at Maven.CompanyName.ProjectName.ModuleName.AutomationPractice.TestScript.TestLoginThroughDataProvider.closebrowser(TestLoginThroughDataProvider.java:63)
	at Maven.CompanyName.ProjectName.ModuleName.AutomationPractice.TestScript.TestLoginThroughDataProvider.closebrowser(TestLoginThroughDataProvider.java:63)
	at Maven.CompanyName.ProjectName.ModuleName.AutomationPractice.TestScript.TestLoginThroughDataProvider.closebrowser(TestLoginThroughDataProvider.java:63)
	at Maven.CompanyName.ProjectName.ModuleName.AutomationPractice.TestScript.TestLoginThroughDataProvider.closebrowser(TestLoginThroughDataProvider.java:63)
	at Maven.CompanyName.ProjectName.ModuleName.AutomationPractice.TestScript.TestLoginThroughDataProvider.closebrowser(TestLoginThroughDataProvider.java:63)
	at Maven.CompanyName.ProjectName.ModuleName.AutomationPractice.TestScript.TestLoginThroughDataProvider.closebrowser(TestLoginThroughDataProvider.java:63)
	at Maven.CompanyName.ProjectName.ModuleName.AutomationPractice.TestScript.TestLoginThroughDataProvider.closebrowser(TestLoginThroughDataProvider.java:63)
	at Maven.CompanyName.ProjectName.ModuleName.AutomationPractice.TestScript.TestLoginThroughDataProvider.closebrowser(TestLoginThroughDataProvider.java:63)
	at Maven.CompanyName.ProjectName.ModuleName.AutomationPractice.TestScript.TestLoginThroughDataProvider.closebrowser(TestLoginThroughDataProvider.java:63)
	at Maven.CompanyName.ProjectName.ModuleName.AutomationPractice.TestScript.TestLoginThroughDataProvider.closebrowser(TestLoginThroughDataProvider.java:63)
	at Maven.CompanyName.ProjectName.ModuleName.AutomationPractice.TestScript.TestLoginThroughDataProvider.closebrowser(TestLoginThroughDataProvider.java:63)
	at Maven.CompanyName.ProjectName.ModuleName.AutomationPractice.TestScript.TestLoginThroughDataProvider.closebrowser(TestLoginThroughDataProvider.java:63)
	at Maven.CompanyName.ProjectName.ModuleName.AutomationPractice.TestScript.TestLoginThroughDataProvider.closebrowser(TestLoginThroughDataProvider.java:63)
	at Maven.CompanyName.ProjectName.ModuleName.AutomationPractice.TestScript.TestLoginThroughDataProvider.closebrowser(TestLoginThroughDataProvider.java:63)
	at Maven.CompanyName.ProjectName.ModuleName.AutomationPractice.TestScript.TestLoginThroughDataProvider.closebrowser(TestLoginThroughDataProvider.java:63)
	at Maven.CompanyName.ProjectName.ModuleName.AutomationPractice.TestScript.TestLoginThroughDataProvider.closebrowser(TestLoginThroughDataProvider.java:63)
	at Maven.CompanyName.ProjectName.ModuleName.AutomationPractice.TestScript.TestLoginThroughDataProvider.closebrowser(TestLoginThroughDataProvider.java:63)
	at Maven.CompanyName.ProjectName.ModuleName.AutomationPractice.TestScript.TestLoginThroughDataProvider.closebrowser(TestLoginThroughDataProvider.java:63)
	at Maven.CompanyName.ProjectName.ModuleName.AutomationPractice.TestScript.TestLoginThroughDataProvider.closebrowser(TestLoginThroughDataProvider.java:63)
	at Maven.CompanyName.ProjectName.ModuleName.AutomationPractice.TestScript.TestLoginThroughDataProvider.closebrowser(TestLoginThroughDataProvider.java:63)
	at Maven.CompanyName.ProjectName.ModuleName.AutomationPractice.TestScript.TestLoginThroughDataProvider.closebrowser(TestLoginThroughDataProvider.java:63)
	at Maven.CompanyName.ProjectName.ModuleName.AutomationPractice.TestScript.TestLoginThroughDataProvider.closebrowser(TestLoginThroughDataProvider.java:63)
	at Maven.CompanyName.ProjectName.ModuleName.AutomationPractice.TestScript.TestLoginThroughDataProvider.closebrowser(TestLoginThroughDataProvider.java:63)
	at Maven.CompanyName.ProjectName.ModuleName.AutomationPractice.TestScript.TestLoginThroughDataProvider.closebrowser(TestLoginThroughDataProvider.java:63)
	at Maven.CompanyName.ProjectName.ModuleName.AutomationPractice.TestScript.TestLoginThroughDataProvider.closebrowser(TestLoginThroughDataProvider.java:63)
	at Maven.CompanyName.ProjectName.ModuleName.AutomationPractice.TestScript.TestLoginThroughDataProvider.closebrowser(TestLoginThroughDataProvider.java:63)
	at Maven.CompanyName.ProjectName.ModuleName.AutomationPractice.TestScript.TestLoginThroughDataProvider.closebrowser(TestLoginThroughDataProvider.java:63)
	at Maven.CompanyName.ProjectName.ModuleName.AutomationPractice.TestScript.TestLoginThroughDataProvider.closebrowser(TestLoginThroughDataProvider.java:63)
	at Maven.CompanyName.ProjectName.ModuleName.AutomationPractice.TestScript.TestLoginThroughDataProvider.closebrowser(TestLoginThroughDataProvider.java:63)
	at Maven.CompanyName.ProjectName.ModuleName.AutomationPractice.TestScript.TestLoginThroughDataProvider.closebrowser(TestLoginThroughDataProvider.java:63)
	at Maven.CompanyName.ProjectName.ModuleName.AutomationPractice.TestScript.TestLoginThroughDataProvider.closebrowser(TestLoginThroughDataProvider.java:63)
	at Maven.CompanyName.ProjectName.ModuleName.AutomationPractice.TestScript.TestLoginThroughDataProvider.closebrowser(TestLoginThroughDataProvider.java:63)
	at Maven.CompanyName.ProjectName.ModuleName.AutomationPractice.TestScript.TestLoginThroughDataProvider.closebrowser(TestLoginThroughDataProvider.java:63)
	at Maven.CompanyName.ProjectName.ModuleName.AutomationPractice.TestScript.TestLoginThroughDataProvider.closebrowser(TestLoginThroughDataProvider.java:63)
	at Maven.CompanyName.ProjectName.ModuleName.AutomationPractice.TestScript.TestLoginThroughDataProvider.closebrowser(TestLoginThroughDataProvider.java:63)
	at Maven.CompanyName.ProjectName.ModuleName.AutomationPractice.TestScript.TestLoginThroughDataProvider.closebrowser(TestLoginThroughDataProvider.java:63)
	at Maven.CompanyName.ProjectName.ModuleName.AutomationPractice.TestScript.TestLoginThroughDataProvider.closebrowser(TestLoginThroughDataProvider.java:63)
	at Maven.CompanyName.ProjectName.ModuleName.AutomationPractice.TestScript.TestLoginThroughDataProvider.closebrowser(TestLoginThroughDataProvider.java:63)
	at Maven.CompanyName.ProjectName.ModuleName.AutomationPractice.TestScript.TestLoginThroughDataProvider.closebrowser(TestLoginThroughDataProvider.java:63)
	at Maven.CompanyName.ProjectName.ModuleName.AutomationPractice.TestScript.TestLoginThroughDataProvider.closebrowser(TestLoginThroughDataProvider.java:63)
	at Maven.CompanyName.ProjectName.ModuleName.AutomationPractice.TestScript.TestLoginThroughDataProvider.closebrowser(TestLoginThroughDataProvider.java:63)
	at Maven.CompanyName.ProjectName.ModuleName.AutomationPractice.TestScript.TestLoginThroughDataProvider.closebrowser(TestLoginThroughDataProvider.java:63)
	at Maven.CompanyName.ProjectName.ModuleName.AutomationPractice.TestScript.TestLoginThroughDataProvider.closebrowser(TestLoginThroughDataProvider.java:63)
	at Maven.CompanyName.ProjectName.ModuleName.AutomationPractice.TestScript.TestLoginThroughDataProvider.closebrowser(TestLoginThroughDataProvider.java:63)
	at Maven.CompanyName.ProjectName.ModuleName.AutomationPractice.TestScript.TestLoginThroughDataProvider.closebrowser(TestLoginThroughDataProvider.java:63)
	at Maven.CompanyName.ProjectName.ModuleName.AutomationPractice.TestScript.TestLoginThroughDataProvider.closebrowser(TestLoginThroughDataProvider.java:63)
	at Maven.CompanyName.ProjectName.ModuleName.AutomationPractice.TestScript.TestLoginThroughDataProvider.closebrowser(TestLoginThroughDataProvider.java:63)
	at Maven.CompanyName.ProjectName.ModuleName.AutomationPractice.TestScript.TestLoginThroughDataProvider.closebrowser(TestLoginThroughDataProvider.java:63)
	at Maven.CompanyName.ProjectName.ModuleName.AutomationPractice.TestScript.TestLoginThroughDataProvider.closebrowser(TestLoginThroughDataProvider.java:63)
	at Maven.CompanyName.ProjectName.ModuleName.AutomationPractice.TestScript.TestLoginThroughDataProvider.closebrowser(TestLoginThroughDataProvider.java:63)
	at Maven.CompanyName.ProjectName.ModuleName.AutomationPractice.TestScript.TestLoginThroughDataProvider.closebrowser(TestLoginThroughDataProvider.java:63)
	at Maven.CompanyName.ProjectName.ModuleName.AutomationPractice.TestScript.TestLoginThroughDataProvider.closebrowser(TestLoginThroughDataProvider.java:63)
	at Maven.CompanyName.ProjectName.ModuleName.AutomationPractice.TestScript.TestLoginThroughDataProvider.closebrowser(TestLoginThroughDataProvider.java:63)
	at Maven.CompanyName.ProjectName.ModuleName.AutomationPractice.TestScript.TestLoginThroughDataProvider.closebrowser(TestLoginThroughDataProvider.java:63)
	at Maven.CompanyName.ProjectName.ModuleName.AutomationPractice.TestScript.TestLoginThroughDataProvider.closebrowser(TestLoginThroughDataProvider.java:63)
	at Maven.CompanyName.ProjectName.ModuleName.AutomationPractice.TestScript.TestLoginThroughDataProvider.closebrowser(TestLoginThroughDataProvider.java:63)
	at Maven.CompanyName.ProjectName.ModuleName.AutomationPractice.TestScript.TestLoginThroughDataProvider.closebrowser(TestLoginThroughDataProvider.java:63)
	at Maven.CompanyName.ProjectName.ModuleName.AutomationPractice.TestScript.TestLoginThroughDataProvider.closebrowser(TestLoginThroughDataProvider.java:63)
	at Maven.CompanyName.ProjectName.ModuleName.AutomationPractice.TestScript.TestLoginThroughDataProvider.closebrowser(TestLoginThroughDataProvider.java:63)
	at Maven.CompanyName.ProjectName.ModuleName.AutomationPractice.TestScript.TestLoginThroughDataProvider.closebrowser(TestLoginThroughDataProvider.java:63)
	at Maven.CompanyName.ProjectName.ModuleName.AutomationPractice.TestScript.TestLoginThroughDataProvider.closebrowser(TestLoginThroughDataProvider.java:63)
	at Maven.CompanyName.ProjectName.ModuleName.AutomationPractice.TestScript.TestLoginThroughDataProvider.closebrowser(TestLoginThroughDataProvider.java:63)
	at Maven.CompanyName.ProjectName.ModuleName.AutomationPractice.TestScript.TestLoginThroughDataProvider.closebrowser(TestLoginThroughDataProvider.java:63)
	at Maven.CompanyName.ProjectName.ModuleName.AutomationPractice.TestScript.TestLoginThroughDataProvider.closebrowser(TestLoginThroughDataProvider.java:63)
	at Maven.CompanyName.ProjectName.ModuleName.AutomationPractice.TestScript.TestLoginThroughDataProvider.closebrowser(TestLoginThroughDataProvider.java:63)
	at Maven.CompanyName.ProjectName.ModuleName.AutomationPractice.TestScript.TestLoginThroughDataProvider.closebrowser(TestLoginThroughDataProvider.java:63)
	at Maven.CompanyName.ProjectName.ModuleName.AutomationPractice.TestScript.TestLoginThroughDataProvider.closebrowser(TestLoginThroughDataProvider.java:63)
	at Maven.CompanyName.ProjectName.ModuleName.AutomationPractice.TestScript.TestLoginThroughDataProvider.closebrowser(TestLoginThroughDataProvider.java:63)
	at Maven.CompanyName.ProjectName.ModuleName.AutomationPractice.TestScript.TestLoginThroughDataProvider.closebrowser(TestLoginThroughDataProvider.java:63)
	at Maven.CompanyName.ProjectName.ModuleName.AutomationPractice.TestScript.TestLoginThroughDataProvider.closebrowser(TestLoginThroughDataProvider.java:63)
	at Maven.CompanyName.ProjectName.ModuleName.AutomationPractice.TestScript.TestLoginThroughDataProvider.closebrowser(TestLoginThroughDataProvider.java:63)
	at Maven.CompanyName.ProjectName.ModuleName.AutomationPractice.TestScript.TestLoginThroughDataProvider.closebrowser(TestLoginThroughDataProvider.java:63)
	at Maven.CompanyName.ProjectName.ModuleName.AutomationPractice.TestScript.TestLoginThroughDataProvider.closebrowser(TestLoginThroughDataProvider.java:63)
	at Maven.CompanyName.ProjectName.ModuleName.AutomationPractice.TestScript.TestLoginThroughDataProvider.closebrowser(TestLoginThroughDataProvider.java:63)
	at Maven.CompanyName.ProjectName.ModuleName.AutomationPractice.TestScript.TestLoginThroughDataProvider.closebrowser(TestLoginThroughDataProvider.java:63)
	at Maven.CompanyName.ProjectName.ModuleName.AutomationPractice.TestScript.TestLoginThroughDataProvider.closebrowser(TestLoginThroughDataProvider.java:63)
	at Maven.CompanyName.ProjectName.ModuleName.AutomationPractice.TestScript.TestLoginThroughDataProvider.closebrowser(TestLoginThroughDataProvider.java:63)
	at Maven.CompanyName.ProjectName.ModuleName.AutomationPractice.TestScript.TestLoginThroughDataProvider.closebrowser(TestLoginThroughDataProvider.java:63)
	at Maven.CompanyName.ProjectName.ModuleName.AutomationPractice.TestScript.TestLoginThroughDataProvider.closebrowser(TestLoginThroughDataProvider.java:63)
	at Maven.CompanyName.ProjectName.ModuleName.AutomationPractice.TestScript.TestLoginThroughDataProvider.closebrowser(TestLoginThroughDataProvider.java:63)
	at Maven.CompanyName.ProjectName.ModuleName.AutomationPractice.TestScript.TestLoginThroughDataProvider.closebrowser(TestLoginThroughDataProvider.java:63)
	at Maven.CompanyName.ProjectName.ModuleName.AutomationPractice.TestScript.TestLoginThroughDataProvider.closebrowser(TestLoginThroughDataProvider.java:63)
	at Maven.CompanyName.ProjectName.ModuleName.AutomationPractice.TestScript.TestLoginThroughDataProvider.closebrowser(TestLoginThroughDataProvider.java:63)
	at Maven.CompanyName.ProjectName.ModuleName.AutomationPractice.TestScript.TestLoginThroughDataProvider.closebrowser(TestLoginThroughDataProvider.java:63)
	at Maven.CompanyName.ProjectName.ModuleName.AutomationPractice.TestScript.TestLoginThroughDataProvider.closebrowser(TestLoginThroughDataProvider.java:63)
	at Maven.CompanyName.ProjectName.ModuleName.AutomationPractice.TestScript.TestLoginThroughDataProvider.closebrowser(TestLoginThroughDataProvider.java:63)
	at Maven.CompanyName.ProjectName.ModuleName.AutomationPractice.TestScript.TestLoginThroughDataProvider.closebrowser(TestLoginThroughDataProvider.java:63)
	at Maven.CompanyName.ProjectName.ModuleName.AutomationPractice.TestScript.TestLoginThroughDataProvider.closebrowser(TestLoginThroughDataProvider.java:63)
	at Maven.CompanyName.ProjectName.ModuleName.AutomationPractice.TestScript.TestLoginThroughDataProvider.closebrowser(TestLoginThroughDataProvider.java:63)
	at Maven.CompanyName.ProjectName.ModuleName.AutomationPractice.TestScript.TestLoginThroughDataProvider.closebrowser(TestLoginThroughDataProvider.java:63)
	at Maven.CompanyName.ProjectName.ModuleName.AutomationPractice.TestScript.TestLoginThroughDataProvider.closebrowser(TestLoginThroughDataProvider.java:63)
	at Maven.CompanyName.ProjectName.ModuleName.AutomationPractice.TestScript.TestLoginThroughDataProvider.closebrowser(TestLoginThroughDataProvider.java:63)
	at Maven.CompanyName.ProjectName.ModuleName.AutomationPractice.TestScript.TestLoginThroughDataProvider.closebrowser(TestLoginThroughDataProvider.java:63)
	at Maven.CompanyName.ProjectName.ModuleName.AutomationPractice.TestScript.TestLoginThroughDataProvider.closebrowser(TestLoginThroughDataProvider.java:63)
	at Maven.CompanyName.ProjectName.ModuleName.AutomationPractice.TestScript.TestLoginThroughDataProvider.closebrowser(TestLoginThroughDataProvider.java:63)
	at Maven.CompanyName.ProjectName.ModuleName.AutomationPractice.TestScript.TestLoginThroughDataProvider.closebrowser(TestLoginThroughDataProvider.java:63)
	at Maven.CompanyName.ProjectName.ModuleName.AutomationPractice.TestScript.TestLoginThroughDataProvider.closebrowser(TestLoginThroughDataProvider.java:63)
	at Maven.CompanyName.ProjectName.ModuleName.AutomationPractice.TestScript.TestLoginThroughDataProvider.closebrowser(TestLoginThroughDataProvider.java:63)
	at Maven.CompanyName.ProjectName.ModuleName.AutomationPractice.TestScript.TestLoginThroughDataProvider.closebrowser(TestLoginThroughDataProvider.java:63)
	at Maven.CompanyName.ProjectName.ModuleName.AutomationPractice.TestScript.TestLoginThroughDataProvider.closebrowser(TestLoginThroughDataProvider.java:63)
	at Maven.CompanyName.ProjectName.ModuleName.AutomationPractice.TestScript.TestLoginThroughDataProvider.closebrowser(TestLoginThroughDataProvider.java:63)
	at Maven.CompanyName.ProjectName.ModuleName.AutomationPractice.TestScript.TestLoginThroughDataProvider.closebrowser(TestLoginThroughDataProvider.java:63)
	at Maven.CompanyName.ProjectName.ModuleName.AutomationPractice.TestScript.TestLoginThroughDataProvider.closebrowser(TestLoginThroughDataProvider.java:63)
	at Maven.CompanyName.ProjectName.ModuleName.AutomationPractice.TestScript.TestLoginThroughDataProvider.closebrowser(TestLoginThroughDataProvider.java:63)
	at Maven.CompanyName.ProjectName.ModuleName.AutomationPractice.TestScript.TestLoginThroughDataProvider.closebrowser(TestLoginThroughDataProvider.java:63)
	at Maven.CompanyName.ProjectName.ModuleName.AutomationPractice.TestScript.TestLoginThroughDataProvider.closebrowser(TestLoginThroughDataProvider.java:63)
	at Maven.CompanyName.ProjectName.ModuleName.AutomationPractice.TestScript.TestLoginThroughDataProvider.closebrowser(TestLoginThroughDataProvider.java:63)
	at Maven.CompanyName.ProjectName.ModuleName.AutomationPractice.TestScript.TestLoginThroughDataProvider.closebrowser(TestLoginThroughDataProvider.java:63)
	at Maven.CompanyName.ProjectName.ModuleName.AutomationPractice.TestScript.TestLoginThroughDataProvider.closebrowser(TestLoginThroughDataProvider.java:63)
	at Maven.CompanyName.ProjectName.ModuleName.AutomationPractice.TestScript.TestLoginThroughDataProvider.closebrowser(TestLoginThroughDataProvider.java:63)
	at Maven.CompanyName.ProjectName.ModuleName.AutomationPractice.TestScript.TestLoginThroughDataProvider.closebrowser(TestLoginThroughDataProvider.java:63)
	at Maven.CompanyName.ProjectName.ModuleName.AutomationPractice.TestScript.TestLoginThroughDataProvider.closebrowser(TestLoginThroughDataProvider.java:63)
	at Maven.CompanyName.ProjectName.ModuleName.AutomationPractice.TestScript.TestLoginThroughDataProvider.closebrowser(TestLoginThroughDataProvider.java:63)
	at Maven.CompanyName.ProjectName.ModuleName.AutomationPractice.TestScript.TestLoginThroughDataProvider.closebrowser(TestLoginThroughDataProvider.java:63)
	at Maven.CompanyName.ProjectName.ModuleName.AutomationPractice.TestScript.TestLoginThroughDataProvider.closebrowser(TestLoginThroughDataProvider.java:63)
	at Maven.CompanyName.ProjectName.ModuleName.AutomationPractice.TestScript.TestLoginThroughDataProvider.closebrowser(TestLoginThroughDataProvider.java:63)
	at Maven.CompanyName.ProjectName.ModuleName.AutomationPractice.TestScript.TestLoginThroughDataProvider.closebrowser(TestLoginThroughDataProvider.java:63)
	at Maven.CompanyName.ProjectName.ModuleName.AutomationPractice.TestScript.TestLoginThroughDataProvider.closebrowser(TestLoginThroughDataProvider.java:63)
	at Maven.CompanyName.ProjectName.ModuleName.AutomationPractice.TestScript.TestLoginThroughDataProvider.closebrowser(TestLoginThroughDataProvider.java:63)
	at Maven.CompanyName.ProjectName.ModuleName.AutomationPractice.TestScript.TestLoginThroughDataProvider.closebrowser(TestLoginThroughDataProvider.java:63)
]]>
            </full-stacktrace>
          </exception> <!-- java.lang.StackOverflowError -->
          <reporter-output>
          </reporter-output>
        </test-method> <!-- closebrowser -->
      </class> <!-- Maven.CompanyName.ProjectName.ModuleName.AutomationPractice.TestScript.TestLoginThroughDataProvider -->
    </test> <!-- Default test -->
  </suite> <!-- Default suite -->
</testng-results>
