<?xml version="1.0" encoding="UTF-8"?>
<testng-results skipped="0" failed="0" ignored="0" total="1" passed="1">
  <reporter-output>
  </reporter-output>
  <suite name="Default suite" duration-ms="24803" started-at="2018-06-03T15:58:43Z" finished-at="2018-06-03T15:59:08Z">
    <groups>
    </groups>
    <test name="Default test" duration-ms="24803" started-at="2018-06-03T15:58:43Z" finished-at="2018-06-03T15:59:08Z">
      <class name="POM_Maven.Login">
        <test-method status="PASS" signature="setup()[pri:0, instance:POM_Maven.Login@651fd0]" name="setup" is-config="true" duration-ms="17141" started-at="2018-06-03T21:28:43Z" finished-at="2018-06-03T21:29:00Z">
          <reporter-output>
          </reporter-output>
        </test-method> <!-- setup -->
        <test-method status="PASS" signature="testlogin()[pri:0, instance:POM_Maven.Login@651fd0]" name="testlogin" duration-ms="5715" started-at="2018-06-03T21:29:01Z" finished-at="2018-06-03T21:29:06Z">
          <reporter-output>
          </reporter-output>
        </test-method> <!-- testlogin -->
        <test-method status="PASS" signature="teardown()[pri:0, instance:POM_Maven.Login@651fd0]" name="teardown" is-config="true" duration-ms="1922" started-at="2018-06-03T21:29:06Z" finished-at="2018-06-03T21:29:08Z">
          <reporter-output>
          </reporter-output>
        </test-method> <!-- teardown -->
      </class> <!-- POM_Maven.Login -->
    </test> <!-- Default test -->
  </suite> <!-- Default suite -->
</testng-results>
