<?xml version="1.0" encoding="UTF-8"?>
<!-- Generated by org.testng.reporters.JUnitXMLReporter -->
<testsuite hostname="user-PC" name="GRP-car,bike" tests="5" failures="0" timestamp="18 Feb 2018 12:32:11 GMT" time="0.056" errors="0">
  <testcase name="Car1" time="0.012" classname="ng.Grouping"/>
  <testcase name="Car2" time="0.001" classname="ng.Grouping"/>
  <testcase name="Mix" time="0.004" classname="ng.Grouping"/>
  <testcase name="bike1" time="0.002" classname="ng.Grouping"/>
  <testcase name="bike2" time="0.001" classname="ng.Grouping"/>
</testsuite> <!-- GRP-car,bike -->
